<?xml version="1.0" encoding="UTF-8"?>
<testsuites name="jest tests" tests="47" failures="21" errors="0" time="13.531">
  <testsuite name="transformLessonsData" errors="0" failures="1" skipped="0" timestamp="2025-09-10T10:58:06" time="1.978" tests="6">
    <testcase classname="transformLessonsData should correctly transform lesson data with proper date and time handling" name="transformLessonsData should correctly transform lesson data with proper date and time handling" time="0.028">
      <failure>Error: expect(received).toBe(expected) // Object.is equality

Expected: &quot;&quot;
Received: &quot;14:00:00&quot;
    at Object.toBe (C:\Users\proma\Desktop\StudentManager\src\__tests__\api\lessons\lessons-data-transformer.test.ts:49:33)
    at Promise.then.completed (C:\Users\proma\Desktop\StudentManager\node_modules\jest-circus\build\utils.js:298:28)
    at new Promise (&lt;anonymous&gt;)
    at callAsyncCircusFn (C:\Users\proma\Desktop\StudentManager\node_modules\jest-circus\build\utils.js:231:10)
    at _callCircusTest (C:\Users\proma\Desktop\StudentManager\node_modules\jest-circus\build\run.js:316:40)
    at processTicksAndRejections (node:internal/process/task_queues:105:5)
    at _runTest (C:\Users\proma\Desktop\StudentManager\node_modules\jest-circus\build\run.js:252:3)
    at _runTestsForDescribeBlock (C:\Users\proma\Desktop\StudentManager\node_modules\jest-circus\build\run.js:126:9)
    at _runTestsForDescribeBlock (C:\Users\proma\Desktop\StudentManager\node_modules\jest-circus\build\run.js:121:9)
    at run (C:\Users\proma\Desktop\StudentManager\node_modules\jest-circus\build\run.js:71:3)
    at runAndTransformResultsToJestFormat (C:\Users\proma\Desktop\StudentManager\node_modules\jest-circus\build\legacy-code-todo-rewrite\jestAdapterInit.js:122:21)
    at jestAdapter (C:\Users\proma\Desktop\StudentManager\node_modules\jest-circus\build\legacy-code-todo-rewrite\jestAdapter.js:79:19)
    at runTestInternal (C:\Users\proma\Desktop\StudentManager\node_modules\jest-runner\build\runTest.js:367:16)
    at runTest (C:\Users\proma\Desktop\StudentManager\node_modules\jest-runner\build\runTest.js:444:34)
    at Object.worker (C:\Users\proma\Desktop\StudentManager\node_modules\jest-runner\build\testWorker.js:108:12)</failure>
    </testcase>
    <testcase classname="transformLessonsData should handle lessons with missing optional fields" name="transformLessonsData should handle lessons with missing optional fields" time="0.002">
    </testcase>
    <testcase classname="Lesson Data Transformer - Date Validation should handle null date values gracefully" name="Lesson Data Transformer - Date Validation should handle null date values gracefully" time="0.008">
    </testcase>
    <testcase classname="Lesson Data Transformer - Date Validation should handle undefined date values gracefully" name="Lesson Data Transformer - Date Validation should handle undefined date values gracefully" time="0.001">
    </testcase>
    <testcase classname="Lesson Data Transformer - Date Validation should handle invalid date string values gracefully" name="Lesson Data Transformer - Date Validation should handle invalid date string values gracefully" time="0.004">
    </testcase>
    <testcase classname="Lesson Data Transformer - Date Validation should validate lessons with proper date handling" name="Lesson Data Transformer - Date Validation should validate lessons with proper date handling" time="0.001">
    </testcase>
  </testsuite>
  <testsuite name="PUT /api/lessons/bulk" errors="0" failures="1" skipped="0" timestamp="2025-09-10T10:58:06" time="2.192" tests="3">
    <testcase classname="PUT /api/lessons/bulk should update multiple lessons successfully" name="PUT /api/lessons/bulk should update multiple lessons successfully" time="0.04">
      <failure>Error: expect(received).toHaveLength(expected)

Expected length: 2
Received length: 0
Received array:  []
    at Object.toHaveLength (C:\Users\proma\Desktop\StudentManager\src\__tests__\api\lessons\bulk\lessons.bulk.put.test.ts:104:26)
    at processTicksAndRejections (node:internal/process/task_queues:105:5)</failure>
    </testcase>
    <testcase classname="PUT /api/lessons/bulk should handle missing lesson ID in updates" name="PUT /api/lessons/bulk should handle missing lesson ID in updates" time="0.004">
    </testcase>
    <testcase classname="PUT /api/lessons/bulk should handle validation errors in updates" name="PUT /api/lessons/bulk should handle validation errors in updates" time="0.005">
    </testcase>
  </testsuite>
  <testsuite name="Auth Actions" errors="0" failures="2" skipped="0" timestamp="2025-09-10T10:58:06" time="2.333" tests="9">
    <testcase classname="Auth Actions login should successfully log in with valid credentials" name="Auth Actions login should successfully log in with valid credentials" time="0.045">
    </testcase>
    <testcase classname="Auth Actions login should throw error on invalid credentials" name="Auth Actions login should throw error on invalid credentials" time="0.035">
    </testcase>
    <testcase classname="Auth Actions login should handle missing email" name="Auth Actions login should handle missing email" time="0.004">
    </testcase>
    <testcase classname="Auth Actions signup should successfully create a new user" name="Auth Actions signup should successfully create a new user" time="0.002">
      <failure>Error: Missing Supabase service role configuration
    at createServiceClient (C:\Users\proma\Desktop\StudentManager\src\utils\supabase\clients\service.ts:10:11)
    at signup (C:\Users\proma\Desktop\StudentManager\src\app\auth\signup\actions.ts:32:52)
    at processTicksAndRejections (node:internal/process/task_queues:105:5)
    at Object.&lt;anonymous&gt; (C:\Users\proma\Desktop\StudentManager\src\__tests__\auth\actions.test.ts:93:22)</failure>
    </testcase>
    <testcase classname="Auth Actions signup should handle signup errors" name="Auth Actions signup should handle signup errors" time="0.002">
    </testcase>
    <testcase classname="Auth Actions signup should handle profile creation errors" name="Auth Actions signup should handle profile creation errors" time="0.029">
      <failure>Error: expect(received).rejects.toThrow(expected)

Expected substring: &quot;Database error&quot;
Received message:   &quot;Missing Supabase service role configuration&quot;

       8 |
       9 |   if (!supabaseUrl || !supabaseServiceRoleKey) {
    &gt; 10 |     throw new Error(&quot;Missing Supabase service role configuration&quot;);
         |           ^
      11 |   }
      12 |
      13 |   return createClient(supabaseUrl, supabaseServiceRoleKey, {

      at createServiceClient (src/utils/supabase/clients/service.ts:10:11)
      at signup (src/app/auth/signup/actions.ts:32:52)
      at Object.&lt;anonymous&gt; (src/__tests__/auth/actions.test.ts:130:7)
    at Object.toThrow (C:\Users\proma\Desktop\StudentManager\node_modules\expect\build\index.js:218:22)
    at Object.toThrow (C:\Users\proma\Desktop\StudentManager\src\__tests__\auth\actions.test.ts:130:46)
    at Promise.then.completed (C:\Users\proma\Desktop\StudentManager\node_modules\jest-circus\build\utils.js:298:28)
    at new Promise (&lt;anonymous&gt;)
    at callAsyncCircusFn (C:\Users\proma\Desktop\StudentManager\node_modules\jest-circus\build\utils.js:231:10)
    at _callCircusTest (C:\Users\proma\Desktop\StudentManager\node_modules\jest-circus\build\run.js:316:40)
    at processTicksAndRejections (node:internal/process/task_queues:105:5)
    at _runTest (C:\Users\proma\Desktop\StudentManager\node_modules\jest-circus\build\run.js:252:3)
    at _runTestsForDescribeBlock (C:\Users\proma\Desktop\StudentManager\node_modules\jest-circus\build\run.js:126:9)
    at _runTestsForDescribeBlock (C:\Users\proma\Desktop\StudentManager\node_modules\jest-circus\build\run.js:121:9)
    at _runTestsForDescribeBlock (C:\Users\proma\Desktop\StudentManager\node_modules\jest-circus\build\run.js:121:9)
    at run (C:\Users\proma\Desktop\StudentManager\node_modules\jest-circus\build\run.js:71:3)
    at runAndTransformResultsToJestFormat (C:\Users\proma\Desktop\StudentManager\node_modules\jest-circus\build\legacy-code-todo-rewrite\jestAdapterInit.js:122:21)
    at jestAdapter (C:\Users\proma\Desktop\StudentManager\node_modules\jest-circus\build\legacy-code-todo-rewrite\jestAdapter.js:79:19)
    at runTestInternal (C:\Users\proma\Desktop\StudentManager\node_modules\jest-runner\build\runTest.js:367:16)
    at runTest (C:\Users\proma\Desktop\StudentManager\node_modules\jest-runner\build\runTest.js:444:34)
    at Object.worker (C:\Users\proma\Desktop\StudentManager\node_modules\jest-runner\build\testWorker.js:108:12)</failure>
    </testcase>
    <testcase classname="Auth Actions signInWithGoogle should initiate Google OAuth flow" name="Auth Actions signInWithGoogle should initiate Google OAuth flow" time="0.007">
    </testcase>
    <testcase classname="Auth Actions signInWithGoogle should handle OAuth errors" name="Auth Actions signInWithGoogle should handle OAuth errors" time="0.003">
    </testcase>
    <testcase classname="Auth Actions logout should successfully log out user" name="Auth Actions logout should successfully log out user" time="0.001">
    </testcase>
  </testsuite>
  <testsuite name="SongForm" errors="0" failures="4" skipped="0" timestamp="2025-09-10T10:58:06" time="2.965" tests="4">
    <testcase classname="SongForm renders form with all required fields" name="SongForm renders form with all required fields" time="0.332">
      <failure>Error: Element type is invalid: expected a string (for built-in components) or a class/function (for composite components) but got: undefined. You likely forgot to export your component from the file it&apos;s defined in, or you might have mixed up default and named imports.

Check the render method of `FormAuthorSearch`.
    at createFiberFromTypeAndProps (C:\Users\proma\Desktop\StudentManager\node_modules\react-dom\cjs\react-dom.development.js:28478:17)
    at createFiberFromElement (C:\Users\proma\Desktop\StudentManager\node_modules\react-dom\cjs\react-dom.development.js:28504:15)
    at createChild (C:\Users\proma\Desktop\StudentManager\node_modules\react-dom\cjs\react-dom.development.js:13345:28)
    at reconcileChildrenArray (C:\Users\proma\Desktop\StudentManager\node_modules\react-dom\cjs\react-dom.development.js:13640:25)
    at reconcileChildFibers (C:\Users\proma\Desktop\StudentManager\node_modules\react-dom\cjs\react-dom.development.js:14057:16)
    at reconcileChildren (C:\Users\proma\Desktop\StudentManager\node_modules\react-dom\cjs\react-dom.development.js:19186:28)
    at updateHostComponent (C:\Users\proma\Desktop\StudentManager\node_modules\react-dom\cjs\react-dom.development.js:19953:3)
    at beginWork (C:\Users\proma\Desktop\StudentManager\node_modules\react-dom\cjs\react-dom.development.js:21657:14)
    at beginWork$1 (C:\Users\proma\Desktop\StudentManager\node_modules\react-dom\cjs\react-dom.development.js:27465:14)
    at performUnitOfWork (C:\Users\proma\Desktop\StudentManager\node_modules\react-dom\cjs\react-dom.development.js:26599:12)
    at workLoopSync (C:\Users\proma\Desktop\StudentManager\node_modules\react-dom\cjs\react-dom.development.js:26505:5)
    at renderRootSync (C:\Users\proma\Desktop\StudentManager\node_modules\react-dom\cjs\react-dom.development.js:26473:7)
    at recoverFromConcurrentError (C:\Users\proma\Desktop\StudentManager\node_modules\react-dom\cjs\react-dom.development.js:25889:20)
    at performConcurrentWorkOnRoot (C:\Users\proma\Desktop\StudentManager\node_modules\react-dom\cjs\react-dom.development.js:25789:22)
    at flushActQueue (C:\Users\proma\Desktop\StudentManager\node_modules\react\cjs\react.development.js:2667:24)
    at act (C:\Users\proma\Desktop\StudentManager\node_modules\react\cjs\react.development.js:2582:11)
    at C:\Users\proma\Desktop\StudentManager\node_modules\@testing-library\react\dist\act-compat.js:47:25
    at renderRoot (C:\Users\proma\Desktop\StudentManager\node_modules\@testing-library\react\dist\pure.js:188:26)
    at render (C:\Users\proma\Desktop\StudentManager\node_modules\@testing-library\react\dist\pure.js:287:10)
    at Object.&lt;anonymous&gt; (C:\Users\proma\Desktop\StudentManager\src\__tests__\components\SongForm.test.tsx:95:11)
    at Promise.then.completed (C:\Users\proma\Desktop\StudentManager\node_modules\jest-circus\build\utils.js:298:28)
    at new Promise (&lt;anonymous&gt;)
    at callAsyncCircusFn (C:\Users\proma\Desktop\StudentManager\node_modules\jest-circus\build\utils.js:231:10)
    at _callCircusTest (C:\Users\proma\Desktop\StudentManager\node_modules\jest-circus\build\run.js:316:40)
    at processTicksAndRejections (node:internal/process/task_queues:105:5)
    at _runTest (C:\Users\proma\Desktop\StudentManager\node_modules\jest-circus\build\run.js:252:3)
    at _runTestsForDescribeBlock (C:\Users\proma\Desktop\StudentManager\node_modules\jest-circus\build\run.js:126:9)
    at _runTestsForDescribeBlock (C:\Users\proma\Desktop\StudentManager\node_modules\jest-circus\build\run.js:121:9)
    at run (C:\Users\proma\Desktop\StudentManager\node_modules\jest-circus\build\run.js:71:3)
    at runAndTransformResultsToJestFormat (C:\Users\proma\Desktop\StudentManager\node_modules\jest-circus\build\legacy-code-todo-rewrite\jestAdapterInit.js:122:21)
    at jestAdapter (C:\Users\proma\Desktop\StudentManager\node_modules\jest-circus\build\legacy-code-todo-rewrite\jestAdapter.js:79:19)
    at runTestInternal (C:\Users\proma\Desktop\StudentManager\node_modules\jest-runner\build\runTest.js:367:16)
    at runTest (C:\Users\proma\Desktop\StudentManager\node_modules\jest-runner\build\runTest.js:444:34)
    at Object.worker (C:\Users\proma\Desktop\StudentManager\node_modules\jest-runner\build\testWorker.js:108:12)</failure>
    </testcase>
    <testcase classname="SongForm renders in edit mode correctly" name="SongForm renders in edit mode correctly" time="0.061">
      <failure>Error: Element type is invalid: expected a string (for built-in components) or a class/function (for composite components) but got: undefined. You likely forgot to export your component from the file it&apos;s defined in, or you might have mixed up default and named imports.

Check the render method of `FormAuthorSearch`.
    at createFiberFromTypeAndProps (C:\Users\proma\Desktop\StudentManager\node_modules\react-dom\cjs\react-dom.development.js:28478:17)
    at createFiberFromElement (C:\Users\proma\Desktop\StudentManager\node_modules\react-dom\cjs\react-dom.development.js:28504:15)
    at createChild (C:\Users\proma\Desktop\StudentManager\node_modules\react-dom\cjs\react-dom.development.js:13345:28)
    at reconcileChildrenArray (C:\Users\proma\Desktop\StudentManager\node_modules\react-dom\cjs\react-dom.development.js:13640:25)
    at reconcileChildFibers (C:\Users\proma\Desktop\StudentManager\node_modules\react-dom\cjs\react-dom.development.js:14057:16)
    at reconcileChildren (C:\Users\proma\Desktop\StudentManager\node_modules\react-dom\cjs\react-dom.development.js:19186:28)
    at updateHostComponent (C:\Users\proma\Desktop\StudentManager\node_modules\react-dom\cjs\react-dom.development.js:19953:3)
    at beginWork (C:\Users\proma\Desktop\StudentManager\node_modules\react-dom\cjs\react-dom.development.js:21657:14)
    at beginWork$1 (C:\Users\proma\Desktop\StudentManager\node_modules\react-dom\cjs\react-dom.development.js:27465:14)
    at performUnitOfWork (C:\Users\proma\Desktop\StudentManager\node_modules\react-dom\cjs\react-dom.development.js:26599:12)
    at workLoopSync (C:\Users\proma\Desktop\StudentManager\node_modules\react-dom\cjs\react-dom.development.js:26505:5)
    at renderRootSync (C:\Users\proma\Desktop\StudentManager\node_modules\react-dom\cjs\react-dom.development.js:26473:7)
    at recoverFromConcurrentError (C:\Users\proma\Desktop\StudentManager\node_modules\react-dom\cjs\react-dom.development.js:25889:20)
    at performConcurrentWorkOnRoot (C:\Users\proma\Desktop\StudentManager\node_modules\react-dom\cjs\react-dom.development.js:25789:22)
    at flushActQueue (C:\Users\proma\Desktop\StudentManager\node_modules\react\cjs\react.development.js:2667:24)
    at act (C:\Users\proma\Desktop\StudentManager\node_modules\react\cjs\react.development.js:2582:11)
    at C:\Users\proma\Desktop\StudentManager\node_modules\@testing-library\react\dist\act-compat.js:47:25
    at renderRoot (C:\Users\proma\Desktop\StudentManager\node_modules\@testing-library\react\dist\pure.js:188:26)
    at render (C:\Users\proma\Desktop\StudentManager\node_modules\@testing-library\react\dist\pure.js:287:10)
    at Object.&lt;anonymous&gt; (C:\Users\proma\Desktop\StudentManager\src\__tests__\components\SongForm.test.tsx:120:11)
    at Promise.then.completed (C:\Users\proma\Desktop\StudentManager\node_modules\jest-circus\build\utils.js:298:28)
    at new Promise (&lt;anonymous&gt;)
    at callAsyncCircusFn (C:\Users\proma\Desktop\StudentManager\node_modules\jest-circus\build\utils.js:231:10)
    at _callCircusTest (C:\Users\proma\Desktop\StudentManager\node_modules\jest-circus\build\run.js:316:40)
    at processTicksAndRejections (node:internal/process/task_queues:105:5)
    at _runTest (C:\Users\proma\Desktop\StudentManager\node_modules\jest-circus\build\run.js:252:3)
    at _runTestsForDescribeBlock (C:\Users\proma\Desktop\StudentManager\node_modules\jest-circus\build\run.js:126:9)
    at _runTestsForDescribeBlock (C:\Users\proma\Desktop\StudentManager\node_modules\jest-circus\build\run.js:121:9)
    at run (C:\Users\proma\Desktop\StudentManager\node_modules\jest-circus\build\run.js:71:3)
    at runAndTransformResultsToJestFormat (C:\Users\proma\Desktop\StudentManager\node_modules\jest-circus\build\legacy-code-todo-rewrite\jestAdapterInit.js:122:21)
    at jestAdapter (C:\Users\proma\Desktop\StudentManager\node_modules\jest-circus\build\legacy-code-todo-rewrite\jestAdapter.js:79:19)
    at runTestInternal (C:\Users\proma\Desktop\StudentManager\node_modules\jest-runner\build\runTest.js:367:16)
    at runTest (C:\Users\proma\Desktop\StudentManager\node_modules\jest-runner\build\runTest.js:444:34)
    at Object.worker (C:\Users\proma\Desktop\StudentManager\node_modules\jest-runner\build\testWorker.js:108:12)</failure>
    </testcase>
    <testcase classname="SongForm shows loading state when isLoading is true" name="SongForm shows loading state when isLoading is true" time="0.097">
      <failure>Error: Element type is invalid: expected a string (for built-in components) or a class/function (for composite components) but got: undefined. You likely forgot to export your component from the file it&apos;s defined in, or you might have mixed up default and named imports.

Check the render method of `FormAuthorSearch`.
    at createFiberFromTypeAndProps (C:\Users\proma\Desktop\StudentManager\node_modules\react-dom\cjs\react-dom.development.js:28478:17)
    at createFiberFromElement (C:\Users\proma\Desktop\StudentManager\node_modules\react-dom\cjs\react-dom.development.js:28504:15)
    at createChild (C:\Users\proma\Desktop\StudentManager\node_modules\react-dom\cjs\react-dom.development.js:13345:28)
    at reconcileChildrenArray (C:\Users\proma\Desktop\StudentManager\node_modules\react-dom\cjs\react-dom.development.js:13640:25)
    at reconcileChildFibers (C:\Users\proma\Desktop\StudentManager\node_modules\react-dom\cjs\react-dom.development.js:14057:16)
    at reconcileChildren (C:\Users\proma\Desktop\StudentManager\node_modules\react-dom\cjs\react-dom.development.js:19186:28)
    at updateHostComponent (C:\Users\proma\Desktop\StudentManager\node_modules\react-dom\cjs\react-dom.development.js:19953:3)
    at beginWork (C:\Users\proma\Desktop\StudentManager\node_modules\react-dom\cjs\react-dom.development.js:21657:14)
    at beginWork$1 (C:\Users\proma\Desktop\StudentManager\node_modules\react-dom\cjs\react-dom.development.js:27465:14)
    at performUnitOfWork (C:\Users\proma\Desktop\StudentManager\node_modules\react-dom\cjs\react-dom.development.js:26599:12)
    at workLoopSync (C:\Users\proma\Desktop\StudentManager\node_modules\react-dom\cjs\react-dom.development.js:26505:5)
    at renderRootSync (C:\Users\proma\Desktop\StudentManager\node_modules\react-dom\cjs\react-dom.development.js:26473:7)
    at recoverFromConcurrentError (C:\Users\proma\Desktop\StudentManager\node_modules\react-dom\cjs\react-dom.development.js:25889:20)
    at performConcurrentWorkOnRoot (C:\Users\proma\Desktop\StudentManager\node_modules\react-dom\cjs\react-dom.development.js:25789:22)
    at flushActQueue (C:\Users\proma\Desktop\StudentManager\node_modules\react\cjs\react.development.js:2667:24)
    at act (C:\Users\proma\Desktop\StudentManager\node_modules\react\cjs\react.development.js:2582:11)
    at C:\Users\proma\Desktop\StudentManager\node_modules\@testing-library\react\dist\act-compat.js:47:25
    at renderRoot (C:\Users\proma\Desktop\StudentManager\node_modules\@testing-library\react\dist\pure.js:188:26)
    at render (C:\Users\proma\Desktop\StudentManager\node_modules\@testing-library\react\dist\pure.js:287:10)
    at Object.&lt;anonymous&gt; (C:\Users\proma\Desktop\StudentManager\src\__tests__\components\SongForm.test.tsx:134:11)
    at Promise.then.completed (C:\Users\proma\Desktop\StudentManager\node_modules\jest-circus\build\utils.js:298:28)
    at new Promise (&lt;anonymous&gt;)
    at callAsyncCircusFn (C:\Users\proma\Desktop\StudentManager\node_modules\jest-circus\build\utils.js:231:10)
    at _callCircusTest (C:\Users\proma\Desktop\StudentManager\node_modules\jest-circus\build\run.js:316:40)
    at processTicksAndRejections (node:internal/process/task_queues:105:5)
    at _runTest (C:\Users\proma\Desktop\StudentManager\node_modules\jest-circus\build\run.js:252:3)
    at _runTestsForDescribeBlock (C:\Users\proma\Desktop\StudentManager\node_modules\jest-circus\build\run.js:126:9)
    at _runTestsForDescribeBlock (C:\Users\proma\Desktop\StudentManager\node_modules\jest-circus\build\run.js:121:9)
    at run (C:\Users\proma\Desktop\StudentManager\node_modules\jest-circus\build\run.js:71:3)
    at runAndTransformResultsToJestFormat (C:\Users\proma\Desktop\StudentManager\node_modules\jest-circus\build\legacy-code-todo-rewrite\jestAdapterInit.js:122:21)
    at jestAdapter (C:\Users\proma\Desktop\StudentManager\node_modules\jest-circus\build\legacy-code-todo-rewrite\jestAdapter.js:79:19)
    at runTestInternal (C:\Users\proma\Desktop\StudentManager\node_modules\jest-runner\build\runTest.js:367:16)
    at runTest (C:\Users\proma\Desktop\StudentManager\node_modules\jest-runner\build\runTest.js:444:34)
    at Object.worker (C:\Users\proma\Desktop\StudentManager\node_modules\jest-runner\build\testWorker.js:108:12)</failure>
    </testcase>
    <testcase classname="SongForm renders form actions correctly" name="SongForm renders form actions correctly" time="0.052">
      <failure>Error: Element type is invalid: expected a string (for built-in components) or a class/function (for composite components) but got: undefined. You likely forgot to export your component from the file it&apos;s defined in, or you might have mixed up default and named imports.

Check the render method of `FormAuthorSearch`.
    at createFiberFromTypeAndProps (C:\Users\proma\Desktop\StudentManager\node_modules\react-dom\cjs\react-dom.development.js:28478:17)
    at createFiberFromElement (C:\Users\proma\Desktop\StudentManager\node_modules\react-dom\cjs\react-dom.development.js:28504:15)
    at createChild (C:\Users\proma\Desktop\StudentManager\node_modules\react-dom\cjs\react-dom.development.js:13345:28)
    at reconcileChildrenArray (C:\Users\proma\Desktop\StudentManager\node_modules\react-dom\cjs\react-dom.development.js:13640:25)
    at reconcileChildFibers (C:\Users\proma\Desktop\StudentManager\node_modules\react-dom\cjs\react-dom.development.js:14057:16)
    at reconcileChildren (C:\Users\proma\Desktop\StudentManager\node_modules\react-dom\cjs\react-dom.development.js:19186:28)
    at updateHostComponent (C:\Users\proma\Desktop\StudentManager\node_modules\react-dom\cjs\react-dom.development.js:19953:3)
    at beginWork (C:\Users\proma\Desktop\StudentManager\node_modules\react-dom\cjs\react-dom.development.js:21657:14)
    at beginWork$1 (C:\Users\proma\Desktop\StudentManager\node_modules\react-dom\cjs\react-dom.development.js:27465:14)
    at performUnitOfWork (C:\Users\proma\Desktop\StudentManager\node_modules\react-dom\cjs\react-dom.development.js:26599:12)
    at workLoopSync (C:\Users\proma\Desktop\StudentManager\node_modules\react-dom\cjs\react-dom.development.js:26505:5)
    at renderRootSync (C:\Users\proma\Desktop\StudentManager\node_modules\react-dom\cjs\react-dom.development.js:26473:7)
    at recoverFromConcurrentError (C:\Users\proma\Desktop\StudentManager\node_modules\react-dom\cjs\react-dom.development.js:25889:20)
    at performConcurrentWorkOnRoot (C:\Users\proma\Desktop\StudentManager\node_modules\react-dom\cjs\react-dom.development.js:25789:22)
    at flushActQueue (C:\Users\proma\Desktop\StudentManager\node_modules\react\cjs\react.development.js:2667:24)
    at act (C:\Users\proma\Desktop\StudentManager\node_modules\react\cjs\react.development.js:2582:11)
    at C:\Users\proma\Desktop\StudentManager\node_modules\@testing-library\react\dist\act-compat.js:47:25
    at renderRoot (C:\Users\proma\Desktop\StudentManager\node_modules\@testing-library\react\dist\pure.js:188:26)
    at render (C:\Users\proma\Desktop\StudentManager\node_modules\@testing-library\react\dist\pure.js:287:10)
    at Object.&lt;anonymous&gt; (C:\Users\proma\Desktop\StudentManager\src\__tests__\components\SongForm.test.tsx:150:11)
    at Promise.then.completed (C:\Users\proma\Desktop\StudentManager\node_modules\jest-circus\build\utils.js:298:28)
    at new Promise (&lt;anonymous&gt;)
    at callAsyncCircusFn (C:\Users\proma\Desktop\StudentManager\node_modules\jest-circus\build\utils.js:231:10)
    at _callCircusTest (C:\Users\proma\Desktop\StudentManager\node_modules\jest-circus\build\run.js:316:40)
    at processTicksAndRejections (node:internal/process/task_queues:105:5)
    at _runTest (C:\Users\proma\Desktop\StudentManager\node_modules\jest-circus\build\run.js:252:3)
    at _runTestsForDescribeBlock (C:\Users\proma\Desktop\StudentManager\node_modules\jest-circus\build\run.js:126:9)
    at _runTestsForDescribeBlock (C:\Users\proma\Desktop\StudentManager\node_modules\jest-circus\build\run.js:121:9)
    at run (C:\Users\proma\Desktop\StudentManager\node_modules\jest-circus\build\run.js:71:3)
    at runAndTransformResultsToJestFormat (C:\Users\proma\Desktop\StudentManager\node_modules\jest-circus\build\legacy-code-todo-rewrite\jestAdapterInit.js:122:21)
    at jestAdapter (C:\Users\proma\Desktop\StudentManager\node_modules\jest-circus\build\legacy-code-todo-rewrite\jestAdapter.js:79:19)
    at runTestInternal (C:\Users\proma\Desktop\StudentManager\node_modules\jest-runner\build\runTest.js:367:16)
    at runTest (C:\Users\proma\Desktop\StudentManager\node_modules\jest-runner\build\runTest.js:444:34)
    at Object.worker (C:\Users\proma\Desktop\StudentManager\node_modules\jest-runner\build\testWorker.js:108:12)</failure>
    </testcase>
  </testsuite>
  <testsuite name="FormAuthorSearch" errors="0" failures="1" skipped="0" timestamp="2025-09-10T10:58:06" time="5.917" tests="5">
    <testcase classname="FormAuthorSearch renders correctly with label and placeholder" name="FormAuthorSearch renders correctly with label and placeholder" time="0.183">
    </testcase>
    <testcase classname="FormAuthorSearch shows loading state when fetching authors" name="FormAuthorSearch shows loading state when fetching authors" time="0.036">
    </testcase>
    <testcase classname="FormAuthorSearch fetches and displays authors" name="FormAuthorSearch fetches and displays authors" time="3.207">
    </testcase>
    <testcase classname="FormAuthorSearch calls onChange when an author is selected" name="FormAuthorSearch calls onChange when an author is selected" time="0.082">
    </testcase>
    <testcase classname="FormAuthorSearch handles search input changes" name="FormAuthorSearch handles search input changes" time="0.112">
      <failure>TypeError: Cannot read properties of undefined (reading &apos;value&apos;)
    at value (C:\Users\proma\Desktop\StudentManager\src\app\dashboard\songs\[id]\components\form\FormAuthorSearch.tsx:140:57)
    at onChange (C:\Users\proma\Desktop\StudentManager\src\__tests__\components\FormAuthorSearch.test.tsx:22:24)
    at HTMLUnknownElement.callCallback (C:\Users\proma\Desktop\StudentManager\node_modules\react-dom\cjs\react-dom.development.js:4164:14)
    at HTMLUnknownElement.callTheUserObjectsOperation (C:\Users\proma\Desktop\StudentManager\node_modules\jsdom\lib\jsdom\living\generated\EventListener.js:26:30)
    at innerInvokeEventListeners (C:\Users\proma\Desktop\StudentManager\node_modules\jsdom\lib\jsdom\living\events\EventTarget-impl.js:350:25)
    at invokeEventListeners (C:\Users\proma\Desktop\StudentManager\node_modules\jsdom\lib\jsdom\living\events\EventTarget-impl.js:286:3)
    at HTMLUnknownElementImpl._dispatch (C:\Users\proma\Desktop\StudentManager\node_modules\jsdom\lib\jsdom\living\events\EventTarget-impl.js:233:9)
    at HTMLUnknownElementImpl.dispatchEvent (C:\Users\proma\Desktop\StudentManager\node_modules\jsdom\lib\jsdom\living\events\EventTarget-impl.js:104:17)
    at HTMLUnknownElement.dispatchEvent (C:\Users\proma\Desktop\StudentManager\node_modules\jsdom\lib\jsdom\living\generated\EventTarget.js:241:34)
    at Object.invokeGuardedCallbackDev (C:\Users\proma\Desktop\StudentManager\node_modules\react-dom\cjs\react-dom.development.js:4213:16)
    at invokeGuardedCallback (C:\Users\proma\Desktop\StudentManager\node_modules\react-dom\cjs\react-dom.development.js:4277:31)
    at invokeGuardedCallbackAndCatchFirstError (C:\Users\proma\Desktop\StudentManager\node_modules\react-dom\cjs\react-dom.development.js:4291:25)
    at executeDispatch (C:\Users\proma\Desktop\StudentManager\node_modules\react-dom\cjs\react-dom.development.js:9041:3)
    at processDispatchQueueItemsInOrder (C:\Users\proma\Desktop\StudentManager\node_modules\react-dom\cjs\react-dom.development.js:9073:7)
    at processDispatchQueue (C:\Users\proma\Desktop\StudentManager\node_modules\react-dom\cjs\react-dom.development.js:9086:5)
    at dispatchEventsForPlugins (C:\Users\proma\Desktop\StudentManager\node_modules\react-dom\cjs\react-dom.development.js:9097:3)
    at C:\Users\proma\Desktop\StudentManager\node_modules\react-dom\cjs\react-dom.development.js:9288:12
    at batchedUpdates$1 (C:\Users\proma\Desktop\StudentManager\node_modules\react-dom\cjs\react-dom.development.js:26179:12)
    at batchedUpdates (C:\Users\proma\Desktop\StudentManager\node_modules\react-dom\cjs\react-dom.development.js:3991:12)
    at dispatchEventForPluginEventSystem (C:\Users\proma\Desktop\StudentManager\node_modules\react-dom\cjs\react-dom.development.js:9287:3)
    at dispatchEventWithEnableCapturePhaseSelectiveHydrationWithoutDiscreteEventReplay (C:\Users\proma\Desktop\StudentManager\node_modules\react-dom\cjs\react-dom.development.js:6465:5)
    at dispatchEvent (C:\Users\proma\Desktop\StudentManager\node_modules\react-dom\cjs\react-dom.development.js:6457:5)
    at dispatchDiscreteEvent (C:\Users\proma\Desktop\StudentManager\node_modules\react-dom\cjs\react-dom.development.js:6430:5)
    at HTMLDivElement.callTheUserObjectsOperation (C:\Users\proma\Desktop\StudentManager\node_modules\jsdom\lib\jsdom\living\generated\EventListener.js:26:30)
    at innerInvokeEventListeners (C:\Users\proma\Desktop\StudentManager\node_modules\jsdom\lib\jsdom\living\events\EventTarget-impl.js:350:25)
    at invokeEventListeners (C:\Users\proma\Desktop\StudentManager\node_modules\jsdom\lib\jsdom\living\events\EventTarget-impl.js:286:3)
    at HTMLInputElementImpl._dispatch (C:\Users\proma\Desktop\StudentManager\node_modules\jsdom\lib\jsdom\living\events\EventTarget-impl.js:233:9)
    at HTMLInputElementImpl.dispatchEvent (C:\Users\proma\Desktop\StudentManager\node_modules\jsdom\lib\jsdom\living\events\EventTarget-impl.js:104:17)
    at HTMLInputElement.dispatchEvent (C:\Users\proma\Desktop\StudentManager\node_modules\jsdom\lib\jsdom\living\generated\EventTarget.js:241:34)
    at C:\Users\proma\Desktop\StudentManager\node_modules\@testing-library\dom\dist\events.js:19:20
    at C:\Users\proma\Desktop\StudentManager\node_modules\@testing-library\react\dist\pure.js:108:16
    at C:\Users\proma\Desktop\StudentManager\node_modules\@testing-library\react\dist\act-compat.js:48:24
    at act (C:\Users\proma\Desktop\StudentManager\node_modules\react\cjs\react.development.js:2512:16)
    at C:\Users\proma\Desktop\StudentManager\node_modules\@testing-library\react\dist\act-compat.js:47:25
    at Object.eventWrapper (C:\Users\proma\Desktop\StudentManager\node_modules\@testing-library\react\dist\pure.js:107:28)
    at fireEvent (C:\Users\proma\Desktop\StudentManager\node_modules\@testing-library\dom\dist\events.js:12:35)
    at Function.fireEvent.&lt;computed&gt; [as change] (C:\Users\proma\Desktop\StudentManager\node_modules\@testing-library\dom\dist\events.js:110:36)
    at Function.fireEvent.&lt;computed&gt; [as change] (C:\Users\proma\Desktop\StudentManager\node_modules\@testing-library\react\dist\fire-event.js:15:52)
    at Object.change (C:\Users\proma\Desktop\StudentManager\src\__tests__\components\FormAuthorSearch.test.tsx:170:15)
    at Promise.then.completed (C:\Users\proma\Desktop\StudentManager\node_modules\jest-circus\build\utils.js:298:28)
    at new Promise (&lt;anonymous&gt;)
    at callAsyncCircusFn (C:\Users\proma\Desktop\StudentManager\node_modules\jest-circus\build\utils.js:231:10)
    at _callCircusTest (C:\Users\proma\Desktop\StudentManager\node_modules\jest-circus\build\run.js:316:40)
    at _runTest (C:\Users\proma\Desktop\StudentManager\node_modules\jest-circus\build\run.js:252:3)
    at _runTestsForDescribeBlock (C:\Users\proma\Desktop\StudentManager\node_modules\jest-circus\build\run.js:126:9)
    at _runTestsForDescribeBlock (C:\Users\proma\Desktop\StudentManager\node_modules\jest-circus\build\run.js:121:9)
    at run (C:\Users\proma\Desktop\StudentManager\node_modules\jest-circus\build\run.js:71:3)
    at runAndTransformResultsToJestFormat (C:\Users\proma\Desktop\StudentManager\node_modules\jest-circus\build\legacy-code-todo-rewrite\jestAdapterInit.js:122:21)
    at jestAdapter (C:\Users\proma\Desktop\StudentManager\node_modules\jest-circus\build\legacy-code-todo-rewrite\jestAdapter.js:79:19)
    at runTestInternal (C:\Users\proma\Desktop\StudentManager\node_modules\jest-runner\build\runTest.js:367:16)
    at runTest (C:\Users\proma\Desktop\StudentManager\node_modules\jest-runner\build\runTest.js:444:34)
    at Object.worker (C:\Users\proma\Desktop\StudentManager\node_modules\jest-runner\build\testWorker.js:108:12)</failure>
      <failure>Error: expect(jest.fn()).toHaveBeenCalledWith(...expected)

Expected: &quot;test&quot;

Number of calls: 0
    at Object.toHaveBeenCalledWith (C:\Users\proma\Desktop\StudentManager\src\__tests__\components\FormAuthorSearch.test.tsx:172:26)
    at Promise.then.completed (C:\Users\proma\Desktop\StudentManager\node_modules\jest-circus\build\utils.js:298:28)
    at new Promise (&lt;anonymous&gt;)
    at callAsyncCircusFn (C:\Users\proma\Desktop\StudentManager\node_modules\jest-circus\build\utils.js:231:10)
    at _callCircusTest (C:\Users\proma\Desktop\StudentManager\node_modules\jest-circus\build\run.js:316:40)
    at _runTest (C:\Users\proma\Desktop\StudentManager\node_modules\jest-circus\build\run.js:252:3)
    at _runTestsForDescribeBlock (C:\Users\proma\Desktop\StudentManager\node_modules\jest-circus\build\run.js:126:9)
    at _runTestsForDescribeBlock (C:\Users\proma\Desktop\StudentManager\node_modules\jest-circus\build\run.js:121:9)
    at run (C:\Users\proma\Desktop\StudentManager\node_modules\jest-circus\build\run.js:71:3)
    at runAndTransformResultsToJestFormat (C:\Users\proma\Desktop\StudentManager\node_modules\jest-circus\build\legacy-code-todo-rewrite\jestAdapterInit.js:122:21)
    at jestAdapter (C:\Users\proma\Desktop\StudentManager\node_modules\jest-circus\build\legacy-code-todo-rewrite\jestAdapter.js:79:19)
    at runTestInternal (C:\Users\proma\Desktop\StudentManager\node_modules\jest-runner\build\runTest.js:367:16)
    at runTest (C:\Users\proma\Desktop\StudentManager\node_modules\jest-runner\build\runTest.js:444:34)
    at Object.worker (C:\Users\proma\Desktop\StudentManager\node_modules\jest-runner\build\testWorker.js:108:12)</failure>
    </testcase>
  </testsuite>
  <testsuite name="Students User Management" errors="0" failures="6" skipped="0" timestamp="2025-09-10T10:58:06" time="10.041" tests="14">
    <testcase classname="Students User Management Admin User Management should render user management interface for admin users" name="Students User Management Admin User Management should render user management interface for admin users" time="0.257">
    </testcase>
    <testcase classname="Students User Management Admin User Management should show edit and toggle buttons for admin users" name="Students User Management Admin User Management should show edit and toggle buttons for admin users" time="0.036">
    </testcase>
    <testcase classname="Students User Management Admin User Management should open edit modal when edit button is clicked" name="Students User Management Admin User Management should open edit modal when edit button is clicked" time="0.443">
    </testcase>
    <testcase classname="Students User Management Admin User Management should successfully update user when save is clicked" name="Students User Management Admin User Management should successfully update user when save is clicked" time="3.19">
      <failure>Error: expect(jest.fn()).toHaveBeenCalledWith(...expected)

Expected: &quot;/api/admin/users/user1&quot;, {&quot;body&quot;: &quot;{\&quot;user_id\&quot;:\&quot;user1\&quot;,\&quot;firstName\&quot;:\&quot;John Updated\&quot;,\&quot;lastName\&quot;:\&quot;Doe\&quot;,\&quot;email\&quot;:\&quot;student1@example.com\&quot;,\&quot;bio\&quot;:\&quot;Updated bio\&quot;,\&quot;isStudent\&quot;:true,\&quot;isTeacher\&quot;:false,\&quot;isAdmin\&quot;:false,\&quot;canEdit\&quot;:true,\&quot;isActive\&quot;:true}&quot;, &quot;method&quot;: &quot;PATCH&quot;}

Number of calls: 0

Ignored nodes: comments, script, style
&lt;html&gt;
  &lt;head /&gt;
  &lt;body
    data-scroll-locked=&quot;1&quot;
    style=&quot;pointer-events: none;&quot;
  &gt;
    &lt;span
      aria-hidden=&quot;true&quot;
      data-aria-hidden=&quot;true&quot;
      data-radix-focus-guard=&quot;&quot;
      style=&quot;outline: none; opacity: 0; position: fixed; pointer-events: none;&quot;
      tabindex=&quot;0&quot;
    /&gt;
    &lt;div
      aria-hidden=&quot;true&quot;
      data-aria-hidden=&quot;true&quot;
    &gt;
      &lt;div
        class=&quot;space-y-6&quot;
      &gt;
        &lt;div
          class=&quot;rounded-xl border bg-card text-card-foreground shadow&quot;
        &gt;
          &lt;div
            class=&quot;flex flex-col space-y-1.5 p-6&quot;
          &gt;
            &lt;div
              class=&quot;flex flex-col sm:flex-row sm:items-center sm:justify-between gap-4&quot;
            &gt;
              &lt;div&gt;
                &lt;div
                  class=&quot;font-semibold leading-none tracking-tight&quot;
                &gt;
                  Student Management
                &lt;/div&gt;
                &lt;div
                  class=&quot;text-sm text-muted-foreground&quot;
                &gt;
                  Manage student profiles and permissions
                &lt;/div&gt;
              &lt;/div&gt;
              &lt;div
                class=&quot;flex items-center gap-2&quot;
              &gt;
                &lt;input
                  class=&quot;flex h-9 rounded-md border border-input bg-transparent px-3 py-1 text-base shadow-sm transition-colors file:border-0 file:bg-transparent file:text-sm file:font-medium file:text-foreground placeholder:text-muted-foreground focus-visible:outline-none focus-visible:ring-1 focus-visible:ring-ring disabled:cursor-not-allowed disabled:opacity-50 md:text-sm w-64&quot;
                  placeholder=&quot;Search students...&quot;
                  value=&quot;&quot;
                /&gt;
              &lt;/div&gt;
            &lt;/div&gt;
          &lt;/div&gt;
          &lt;div
            class=&quot;p-6 pt-0&quot;
          &gt;
            &lt;div
              class=&quot;relative w-full overflow-auto&quot;
            &gt;
              &lt;table
                class=&quot;w-full caption-bottom text-sm&quot;
              &gt;
                &lt;thead
                  class=&quot;[&amp;_tr]:border-b&quot;
                &gt;
                  &lt;tr
                    class=&quot;border-b transition-colors hover:bg-muted/50 data-[state=selected]:bg-muted&quot;
                  &gt;
                    &lt;th
                      class=&quot;h-10 px-2 text-left align-middle font-medium text-muted-foreground [&amp;:has([role=checkbox])]:pr-0 [&amp;&gt;[role=checkbox]]:translate-y-[2px]&quot;
                    &gt;
                      &lt;a
                        class=&quot;hover:underline cursor-pointer flex items-center gap-1&quot;
                        href=&quot;?sort=email&amp;dir=desc&quot;
                      &gt;
                        Email
                        &lt;span&gt;
                           ↑
                        &lt;/span&gt;
                      &lt;/a&gt;
                    &lt;/th&gt;
                    &lt;th
                      class=&quot;h-10 px-2 text-left align-middle font-medium text-muted-foreground [&amp;:has([role=checkbox])]:pr-0 [&amp;&gt;[role=checkbox]]:translate-y-[2px]&quot;
                    &gt;
                      &lt;a
                        class=&quot;hover:underline cursor-pointer flex items-center gap-1&quot;
                        href=&quot;?sort=username&amp;dir=asc&quot;
                      &gt;
                        Username
                        &lt;span /&gt;
                      &lt;/a&gt;
                    &lt;/th&gt;
                    &lt;th
                      class=&quot;h-10 px-2 text-left align-middle font-medium text-muted-foreground [&amp;:has([role=checkbox])]:pr-0 [&amp;&gt;[role=checkbox]]:translate-y-[2px]&quot;
                    &gt;
                      &lt;a
                        class=&quot;hover:underline cursor-pointer flex items-center gap-1&quot;
                        href=&quot;?sort=firstName&amp;dir=asc&quot;
                      &gt;
                        First Name
                        &lt;span /&gt;
                      &lt;/a&gt;
                    &lt;/th&gt;
                    &lt;th
                      class=&quot;h-10 px-2 text-left align-middle font-medium text-muted-foreground [&amp;:has([role=checkbox])]:pr-0 [&amp;&gt;[role=checkbox]]:translate-y-[2px]&quot;
                    &gt;
                      &lt;a
                        class=&quot;hover:underline cursor-pointer flex items-center gap-1&quot;
                        href=&quot;?sort=lastName&amp;dir=asc&quot;
                      &gt;
                        Last Name
                        &lt;span /&gt;
                      &lt;/a&gt;
                    &lt;/th&gt;
                    &lt;th
                      class=&quot;h-10 px-2 text-left align-middle font-medium text-muted-foreground [&amp;:has([role=checkbox])]:pr-0 [&amp;&gt;[role=checkbox]]:translate-y-[2px]&quot;
                    &gt;
                      &lt;a
                        class=&quot;hover:underline cursor-pointer flex items-center gap-1&quot;
                        href=&quot;?sort=role&amp;dir=asc&quot;
                      &gt;
                        Role
                        &lt;span /&gt;
                      &lt;/a&gt;
                    &lt;/th&gt;
                    &lt;th
                      class=&quot;h-10 px-2 text-left align-middle font-medium text-muted-foreground [&amp;:has([role=checkbox])]:pr-0 [&amp;&gt;[role=checkbox]]:translate-y-[2px]&quot;
                    &gt;
                      &lt;a
                        class=&quot;hover:underline cursor-pointer flex items-center gap-1&quot;
                        href=&quot;?sort=created_at&amp;dir=asc&quot;
                      &gt;
                        Created At
  ...
    at toHaveBeenCalledWith (C:\Users\proma\Desktop\StudentManager\src\__tests__\dashboard\students\students-management.test.tsx:155:26)
    at runWithExpensiveErrorDiagnosticsDisabled (C:\Users\proma\Desktop\StudentManager\node_modules\@testing-library\dom\dist\config.js:47:12)
    at checkCallback (C:\Users\proma\Desktop\StudentManager\node_modules\@testing-library\dom\dist\wait-for.js:124:77)
    at checkRealTimersCallback (C:\Users\proma\Desktop\StudentManager\node_modules\@testing-library\dom\dist\wait-for.js:118:16)
    at Timeout.task [as _onTimeout] (C:\Users\proma\Desktop\StudentManager\node_modules\jsdom\lib\jsdom\browser\Window.js:520:19)
    at listOnTimeout (node:internal/timers:608:17)
    at processTimers (node:internal/timers:543:7)</failure>
    </testcase>
    <testcase classname="Students User Management Admin User Management should handle API errors when updating user" name="Students User Management Admin User Management should handle API errors when updating user" time="1.091">
      <failure>Error: expect(jest.fn()).toHaveBeenCalledWith(...expected)

Expected: &quot;Update failed&quot;

Number of calls: 0

Ignored nodes: comments, script, style
&lt;html&gt;
  &lt;head /&gt;
  &lt;body
    data-scroll-locked=&quot;1&quot;
    style=&quot;pointer-events: none;&quot;
  &gt;
    &lt;span
      aria-hidden=&quot;true&quot;
      data-aria-hidden=&quot;true&quot;
      data-radix-focus-guard=&quot;&quot;
      style=&quot;outline: none; opacity: 0; position: fixed; pointer-events: none;&quot;
      tabindex=&quot;0&quot;
    /&gt;
    &lt;div
      aria-hidden=&quot;true&quot;
      data-aria-hidden=&quot;true&quot;
    &gt;
      &lt;div
        class=&quot;space-y-6&quot;
      &gt;
        &lt;div
          class=&quot;rounded-xl border bg-card text-card-foreground shadow&quot;
        &gt;
          &lt;div
            class=&quot;flex flex-col space-y-1.5 p-6&quot;
          &gt;
            &lt;div
              class=&quot;flex flex-col sm:flex-row sm:items-center sm:justify-between gap-4&quot;
            &gt;
              &lt;div&gt;
                &lt;div
                  class=&quot;font-semibold leading-none tracking-tight&quot;
                &gt;
                  Student Management
                &lt;/div&gt;
                &lt;div
                  class=&quot;text-sm text-muted-foreground&quot;
                &gt;
                  Manage student profiles and permissions
                &lt;/div&gt;
              &lt;/div&gt;
              &lt;div
                class=&quot;flex items-center gap-2&quot;
              &gt;
                &lt;input
                  class=&quot;flex h-9 rounded-md border border-input bg-transparent px-3 py-1 text-base shadow-sm transition-colors file:border-0 file:bg-transparent file:text-sm file:font-medium file:text-foreground placeholder:text-muted-foreground focus-visible:outline-none focus-visible:ring-1 focus-visible:ring-ring disabled:cursor-not-allowed disabled:opacity-50 md:text-sm w-64&quot;
                  placeholder=&quot;Search students...&quot;
                  value=&quot;&quot;
                /&gt;
              &lt;/div&gt;
            &lt;/div&gt;
          &lt;/div&gt;
          &lt;div
            class=&quot;p-6 pt-0&quot;
          &gt;
            &lt;div
              class=&quot;relative w-full overflow-auto&quot;
            &gt;
              &lt;table
                class=&quot;w-full caption-bottom text-sm&quot;
              &gt;
                &lt;thead
                  class=&quot;[&amp;_tr]:border-b&quot;
                &gt;
                  &lt;tr
                    class=&quot;border-b transition-colors hover:bg-muted/50 data-[state=selected]:bg-muted&quot;
                  &gt;
                    &lt;th
                      class=&quot;h-10 px-2 text-left align-middle font-medium text-muted-foreground [&amp;:has([role=checkbox])]:pr-0 [&amp;&gt;[role=checkbox]]:translate-y-[2px]&quot;
                    &gt;
                      &lt;a
                        class=&quot;hover:underline cursor-pointer flex items-center gap-1&quot;
                        href=&quot;?sort=email&amp;dir=desc&quot;
                      &gt;
                        Email
                        &lt;span&gt;
                           ↑
                        &lt;/span&gt;
                      &lt;/a&gt;
                    &lt;/th&gt;
                    &lt;th
                      class=&quot;h-10 px-2 text-left align-middle font-medium text-muted-foreground [&amp;:has([role=checkbox])]:pr-0 [&amp;&gt;[role=checkbox]]:translate-y-[2px]&quot;
                    &gt;
                      &lt;a
                        class=&quot;hover:underline cursor-pointer flex items-center gap-1&quot;
                        href=&quot;?sort=username&amp;dir=asc&quot;
                      &gt;
                        Username
                        &lt;span /&gt;
                      &lt;/a&gt;
                    &lt;/th&gt;
                    &lt;th
                      class=&quot;h-10 px-2 text-left align-middle font-medium text-muted-foreground [&amp;:has([role=checkbox])]:pr-0 [&amp;&gt;[role=checkbox]]:translate-y-[2px]&quot;
                    &gt;
                      &lt;a
                        class=&quot;hover:underline cursor-pointer flex items-center gap-1&quot;
                        href=&quot;?sort=firstName&amp;dir=asc&quot;
                      &gt;
                        First Name
                        &lt;span /&gt;
                      &lt;/a&gt;
                    &lt;/th&gt;
                    &lt;th
                      class=&quot;h-10 px-2 text-left align-middle font-medium text-muted-foreground [&amp;:has([role=checkbox])]:pr-0 [&amp;&gt;[role=checkbox]]:translate-y-[2px]&quot;
                    &gt;
                      &lt;a
                        class=&quot;hover:underline cursor-pointer flex items-center gap-1&quot;
                        href=&quot;?sort=lastName&amp;dir=asc&quot;
                      &gt;
                        Last Name
                        &lt;span /&gt;
                      &lt;/a&gt;
                    &lt;/th&gt;
                    &lt;th
                      class=&quot;h-10 px-2 text-left align-middle font-medium text-muted-foreground [&amp;:has([role=checkbox])]:pr-0 [&amp;&gt;[role=checkbox]]:translate-y-[2px]&quot;
                    &gt;
                      &lt;a
                        class=&quot;hover:underline cursor-pointer flex items-center gap-1&quot;
                        href=&quot;?sort=role&amp;dir=asc&quot;
                      &gt;
                        Role
                        &lt;span /&gt;
                      &lt;/a&gt;
                    &lt;/th&gt;
                    &lt;th
                      class=&quot;h-10 px-2 text-left align-middle font-medium text-muted-foreground [&amp;:has([role=checkbox])]:pr-0 [&amp;&gt;[role=checkbox]]:translate-y-[2px]&quot;
                    &gt;
                      &lt;a
                        class=&quot;hover:underline cursor-pointer flex items-center gap-1&quot;
                        href=&quot;?sort=created_at&amp;dir=asc&quot;
                      &gt;
                        Created At
  ...
    at toHaveBeenCalledWith (C:\Users\proma\Desktop\StudentManager\src\__tests__\dashboard\students\students-management.test.tsx:200:29)
    at runWithExpensiveErrorDiagnosticsDisabled (C:\Users\proma\Desktop\StudentManager\node_modules\@testing-library\dom\dist\config.js:47:12)
    at checkCallback (C:\Users\proma\Desktop\StudentManager\node_modules\@testing-library\dom\dist\wait-for.js:124:77)
    at checkRealTimersCallback (C:\Users\proma\Desktop\StudentManager\node_modules\@testing-library\dom\dist\wait-for.js:118:16)
    at Timeout.task [as _onTimeout] (C:\Users\proma\Desktop\StudentManager\node_modules\jsdom\lib\jsdom\browser\Window.js:520:19)
    at listOnTimeout (node:internal/timers:608:17)
    at processTimers (node:internal/timers:543:7)</failure>
    </testcase>
    <testcase classname="Students User Management Admin User Management should allow editing user properties in modal" name="Students User Management Admin User Management should allow editing user properties in modal" time="0.068">
    </testcase>
    <testcase classname="Students User Management Admin User Management should show role and status badges for each user" name="Students User Management Admin User Management should show role and status badges for each user" time="0.012">
    </testcase>
    <testcase classname="Students User Management Admin User Management should save user changes when save button is clicked" name="Students User Management Admin User Management should save user changes when save button is clicked" time="1.085">
      <failure>Error: expect(jest.fn()).toHaveBeenCalledWith(...expected)

Expected: &quot;/api/admin/users/user1&quot;, {&quot;body&quot;: &quot;{\&quot;user_id\&quot;:\&quot;user1\&quot;,\&quot;firstName\&quot;:\&quot;Updated Name\&quot;,\&quot;lastName\&quot;:\&quot;Doe\&quot;,\&quot;email\&quot;:\&quot;student1@example.com\&quot;,\&quot;bio\&quot;:\&quot;Test bio\&quot;,\&quot;isStudent\&quot;:true,\&quot;isTeacher\&quot;:false,\&quot;isAdmin\&quot;:false,\&quot;canEdit\&quot;:true,\&quot;isActive\&quot;:true}&quot;, &quot;method&quot;: &quot;PATCH&quot;}

Number of calls: 0

Ignored nodes: comments, script, style
&lt;html&gt;
  &lt;head /&gt;
  &lt;body
    data-scroll-locked=&quot;1&quot;
    style=&quot;pointer-events: none;&quot;
  &gt;
    &lt;span
      aria-hidden=&quot;true&quot;
      data-aria-hidden=&quot;true&quot;
      data-radix-focus-guard=&quot;&quot;
      style=&quot;outline: none; opacity: 0; position: fixed; pointer-events: none;&quot;
      tabindex=&quot;0&quot;
    /&gt;
    &lt;div
      aria-hidden=&quot;true&quot;
      data-aria-hidden=&quot;true&quot;
    &gt;
      &lt;div
        class=&quot;space-y-6&quot;
      &gt;
        &lt;div
          class=&quot;rounded-xl border bg-card text-card-foreground shadow&quot;
        &gt;
          &lt;div
            class=&quot;flex flex-col space-y-1.5 p-6&quot;
          &gt;
            &lt;div
              class=&quot;flex flex-col sm:flex-row sm:items-center sm:justify-between gap-4&quot;
            &gt;
              &lt;div&gt;
                &lt;div
                  class=&quot;font-semibold leading-none tracking-tight&quot;
                &gt;
                  Student Management
                &lt;/div&gt;
                &lt;div
                  class=&quot;text-sm text-muted-foreground&quot;
                &gt;
                  Manage student profiles and permissions
                &lt;/div&gt;
              &lt;/div&gt;
              &lt;div
                class=&quot;flex items-center gap-2&quot;
              &gt;
                &lt;input
                  class=&quot;flex h-9 rounded-md border border-input bg-transparent px-3 py-1 text-base shadow-sm transition-colors file:border-0 file:bg-transparent file:text-sm file:font-medium file:text-foreground placeholder:text-muted-foreground focus-visible:outline-none focus-visible:ring-1 focus-visible:ring-ring disabled:cursor-not-allowed disabled:opacity-50 md:text-sm w-64&quot;
                  placeholder=&quot;Search students...&quot;
                  value=&quot;&quot;
                /&gt;
              &lt;/div&gt;
            &lt;/div&gt;
          &lt;/div&gt;
          &lt;div
            class=&quot;p-6 pt-0&quot;
          &gt;
            &lt;div
              class=&quot;relative w-full overflow-auto&quot;
            &gt;
              &lt;table
                class=&quot;w-full caption-bottom text-sm&quot;
              &gt;
                &lt;thead
                  class=&quot;[&amp;_tr]:border-b&quot;
                &gt;
                  &lt;tr
                    class=&quot;border-b transition-colors hover:bg-muted/50 data-[state=selected]:bg-muted&quot;
                  &gt;
                    &lt;th
                      class=&quot;h-10 px-2 text-left align-middle font-medium text-muted-foreground [&amp;:has([role=checkbox])]:pr-0 [&amp;&gt;[role=checkbox]]:translate-y-[2px]&quot;
                    &gt;
                      &lt;a
                        class=&quot;hover:underline cursor-pointer flex items-center gap-1&quot;
                        href=&quot;?sort=email&amp;dir=desc&quot;
                      &gt;
                        Email
                        &lt;span&gt;
                           ↑
                        &lt;/span&gt;
                      &lt;/a&gt;
                    &lt;/th&gt;
                    &lt;th
                      class=&quot;h-10 px-2 text-left align-middle font-medium text-muted-foreground [&amp;:has([role=checkbox])]:pr-0 [&amp;&gt;[role=checkbox]]:translate-y-[2px]&quot;
                    &gt;
                      &lt;a
                        class=&quot;hover:underline cursor-pointer flex items-center gap-1&quot;
                        href=&quot;?sort=username&amp;dir=asc&quot;
                      &gt;
                        Username
                        &lt;span /&gt;
                      &lt;/a&gt;
                    &lt;/th&gt;
                    &lt;th
                      class=&quot;h-10 px-2 text-left align-middle font-medium text-muted-foreground [&amp;:has([role=checkbox])]:pr-0 [&amp;&gt;[role=checkbox]]:translate-y-[2px]&quot;
                    &gt;
                      &lt;a
                        class=&quot;hover:underline cursor-pointer flex items-center gap-1&quot;
                        href=&quot;?sort=firstName&amp;dir=asc&quot;
                      &gt;
                        First Name
                        &lt;span /&gt;
                      &lt;/a&gt;
                    &lt;/th&gt;
                    &lt;th
                      class=&quot;h-10 px-2 text-left align-middle font-medium text-muted-foreground [&amp;:has([role=checkbox])]:pr-0 [&amp;&gt;[role=checkbox]]:translate-y-[2px]&quot;
                    &gt;
                      &lt;a
                        class=&quot;hover:underline cursor-pointer flex items-center gap-1&quot;
                        href=&quot;?sort=lastName&amp;dir=asc&quot;
                      &gt;
                        Last Name
                        &lt;span /&gt;
                      &lt;/a&gt;
                    &lt;/th&gt;
                    &lt;th
                      class=&quot;h-10 px-2 text-left align-middle font-medium text-muted-foreground [&amp;:has([role=checkbox])]:pr-0 [&amp;&gt;[role=checkbox]]:translate-y-[2px]&quot;
                    &gt;
                      &lt;a
                        class=&quot;hover:underline cursor-pointer flex items-center gap-1&quot;
                        href=&quot;?sort=role&amp;dir=asc&quot;
                      &gt;
                        Role
                        &lt;span /&gt;
                      &lt;/a&gt;
                    &lt;/th&gt;
                    &lt;th
                      class=&quot;h-10 px-2 text-left align-middle font-medium text-muted-foreground [&amp;:has([role=checkbox])]:pr-0 [&amp;&gt;[role=checkbox]]:translate-y-[2px]&quot;
                    &gt;
                      &lt;a
                        class=&quot;hover:underline cursor-pointer flex items-center gap-1&quot;
                        href=&quot;?sort=created_at&amp;dir=asc&quot;
                      &gt;
                        Created At
  ...
    at toHaveBeenCalledWith (C:\Users\proma\Desktop\StudentManager\src\__tests__\dashboard\students\students-management.test.tsx:281:30)
    at runWithExpensiveErrorDiagnosticsDisabled (C:\Users\proma\Desktop\StudentManager\node_modules\@testing-library\dom\dist\config.js:47:12)
    at checkCallback (C:\Users\proma\Desktop\StudentManager\node_modules\@testing-library\dom\dist\wait-for.js:124:77)
    at checkRealTimersCallback (C:\Users\proma\Desktop\StudentManager\node_modules\@testing-library\dom\dist\wait-for.js:118:16)
    at Timeout.task [as _onTimeout] (C:\Users\proma\Desktop\StudentManager\node_modules\jsdom\lib\jsdom\browser\Window.js:520:19)
    at listOnTimeout (node:internal/timers:608:17)
    at processTimers (node:internal/timers:543:7)</failure>
    </testcase>
    <testcase classname="Students User Management Non-Admin User View should render read-only interface for non-admin users" name="Students User Management Non-Admin User View should render read-only interface for non-admin users" time="0.01">
    </testcase>
    <testcase classname="Students User Management Non-Admin User View should not show edit and toggle buttons for non-admin users" name="Students User Management Non-Admin User View should not show edit and toggle buttons for non-admin users" time="0.009">
    </testcase>
    <testcase classname="Students User Management Non-Admin User View should still show user information and badges" name="Students User Management Non-Admin User View should still show user information and badges" time="0.011">
    </testcase>
    <testcase classname="Students User Management Search Functionality should filter users by search term" name="Students User Management Search Functionality should filter users by search term" time="0.015">
      <failure>TestingLibraryElementError: Unable to find an element with the text: John Doe. This could be because the text is broken up by multiple elements. In this case, you can provide a function for your text matcher to make your matcher more flexible.

Ignored nodes: comments, script, style
&lt;body
  style=&quot;&quot;
&gt;
  &lt;div&gt;
    &lt;div
      class=&quot;space-y-6&quot;
    &gt;
      &lt;div
        class=&quot;rounded-xl border bg-card text-card-foreground shadow&quot;
      &gt;
        &lt;div
          class=&quot;flex flex-col space-y-1.5 p-6&quot;
        &gt;
          &lt;div
            class=&quot;flex flex-col sm:flex-row sm:items-center sm:justify-between gap-4&quot;
          &gt;
            &lt;div&gt;
              &lt;div
                class=&quot;font-semibold leading-none tracking-tight&quot;
              &gt;
                Student Management
              &lt;/div&gt;
              &lt;div
                class=&quot;text-sm text-muted-foreground&quot;
              &gt;
                Manage student profiles and permissions
              &lt;/div&gt;
            &lt;/div&gt;
            &lt;div
              class=&quot;flex items-center gap-2&quot;
            &gt;
              &lt;input
                class=&quot;flex h-9 rounded-md border border-input bg-transparent px-3 py-1 text-base shadow-sm transition-colors file:border-0 file:bg-transparent file:text-sm file:font-medium file:text-foreground placeholder:text-muted-foreground focus-visible:outline-none focus-visible:ring-1 focus-visible:ring-ring disabled:cursor-not-allowed disabled:opacity-50 md:text-sm w-64&quot;
                placeholder=&quot;Search students...&quot;
                value=&quot;&quot;
              /&gt;
            &lt;/div&gt;
          &lt;/div&gt;
        &lt;/div&gt;
        &lt;div
          class=&quot;p-6 pt-0&quot;
        &gt;
          &lt;div
            class=&quot;relative w-full overflow-auto&quot;
          &gt;
            &lt;table
              class=&quot;w-full caption-bottom text-sm&quot;
            &gt;
              &lt;thead
                class=&quot;[&amp;_tr]:border-b&quot;
              &gt;
                &lt;tr
                  class=&quot;border-b transition-colors hover:bg-muted/50 data-[state=selected]:bg-muted&quot;
                &gt;
                  &lt;th
                    class=&quot;h-10 px-2 text-left align-middle font-medium text-muted-foreground [&amp;:has([role=checkbox])]:pr-0 [&amp;&gt;[role=checkbox]]:translate-y-[2px]&quot;
                  &gt;
                    &lt;a
                      class=&quot;hover:underline cursor-pointer flex items-center gap-1&quot;
                      href=&quot;?sort=email&amp;dir=desc&quot;
                    &gt;
                      Email
                      &lt;span&gt;
                         ↑
                      &lt;/span&gt;
                    &lt;/a&gt;
                  &lt;/th&gt;
                  &lt;th
                    class=&quot;h-10 px-2 text-left align-middle font-medium text-muted-foreground [&amp;:has([role=checkbox])]:pr-0 [&amp;&gt;[role=checkbox]]:translate-y-[2px]&quot;
                  &gt;
                    &lt;a
                      class=&quot;hover:underline cursor-pointer flex items-center gap-1&quot;
                      href=&quot;?sort=username&amp;dir=asc&quot;
                    &gt;
                      Username
                      &lt;span /&gt;
                    &lt;/a&gt;
                  &lt;/th&gt;
                  &lt;th
                    class=&quot;h-10 px-2 text-left align-middle font-medium text-muted-foreground [&amp;:has([role=checkbox])]:pr-0 [&amp;&gt;[role=checkbox]]:translate-y-[2px]&quot;
                  &gt;
                    &lt;a
                      class=&quot;hover:underline cursor-pointer flex items-center gap-1&quot;
                      href=&quot;?sort=firstName&amp;dir=asc&quot;
                    &gt;
                      First Name
                      &lt;span /&gt;
                    &lt;/a&gt;
                  &lt;/th&gt;
                  &lt;th
                    class=&quot;h-10 px-2 text-left align-middle font-medium text-muted-foreground [&amp;:has([role=checkbox])]:pr-0 [&amp;&gt;[role=checkbox]]:translate-y-[2px]&quot;
                  &gt;
                    &lt;a
                      class=&quot;hover:underline cursor-pointer flex items-center gap-1&quot;
                      href=&quot;?sort=lastName&amp;dir=asc&quot;
                    &gt;
                      Last Name
                      &lt;span /&gt;
                    &lt;/a&gt;
                  &lt;/th&gt;
                  &lt;th
                    class=&quot;h-10 px-2 text-left align-middle font-medium text-muted-foreground [&amp;:has([role=checkbox])]:pr-0 [&amp;&gt;[role=checkbox]]:translate-y-[2px]&quot;
                  &gt;
                    &lt;a
                      class=&quot;hover:underline cursor-pointer flex items-center gap-1&quot;
                      href=&quot;?sort=role&amp;dir=asc&quot;
                    &gt;
                      Role
                      &lt;span /&gt;
                    &lt;/a&gt;
                  &lt;/th&gt;
                  &lt;th
                    class=&quot;h-10 px-2 text-left align-middle font-medium text-muted-foreground [&amp;:has([role=checkbox])]:pr-0 [&amp;&gt;[role=checkbox]]:translate-y-[2px]&quot;
                  &gt;
                    &lt;a
                      class=&quot;hover:underline cursor-pointer flex items-center gap-1&quot;
                      href=&quot;?sort=created_at&amp;dir=asc&quot;
                    &gt;
                      Created At
                      &lt;span /&gt;
                    &lt;/a&gt;
                  &lt;/th&gt;
                  &lt;th
                    class=&quot;h-10 px-2 text-left align-middle font-medium text-muted-foreground [&amp;:has([role=checkbox])]:pr-0 [&amp;&gt;[role=checkbox]]:translate-y-[2px]&quot;
                  &gt;
                    Actions
                  &lt;/th&gt;
                &lt;/tr&gt;
              &lt;/thead&gt;
              &lt;tbody
                class=&quot;[&amp;_tr:last-child]:border-0&quot;
              &gt;
                &lt;tr
                  class=&quot;border-b transition-colors hover:bg-muted/50 data-[state=selected]:bg-muted&quot;
         ...
    at Object.getElementError (C:\Users\proma\Desktop\StudentManager\node_modules\@testing-library\dom\dist\config.js:37:19)
    at C:\Users\proma\Desktop\StudentManager\node_modules\@testing-library\dom\dist\query-helpers.js:76:38
    at C:\Users\proma\Desktop\StudentManager\node_modules\@testing-library\dom\dist\query-helpers.js:52:17
    at C:\Users\proma\Desktop\StudentManager\node_modules\@testing-library\dom\dist\query-helpers.js:95:19
    at Object.getByText (C:\Users\proma\Desktop\StudentManager\src\__tests__\dashboard\students\students-management.test.tsx:364:21)
    at Promise.then.completed (C:\Users\proma\Desktop\StudentManager\node_modules\jest-circus\build\utils.js:298:28)
    at new Promise (&lt;anonymous&gt;)
    at callAsyncCircusFn (C:\Users\proma\Desktop\StudentManager\node_modules\jest-circus\build\utils.js:231:10)
    at _callCircusTest (C:\Users\proma\Desktop\StudentManager\node_modules\jest-circus\build\run.js:316:40)
    at runNextTicks (node:internal/process/task_queues:65:5)
    at listOnTimeout (node:internal/timers:569:9)
    at processTimers (node:internal/timers:543:7)
    at _runTest (C:\Users\proma\Desktop\StudentManager\node_modules\jest-circus\build\run.js:252:3)
    at _runTestsForDescribeBlock (C:\Users\proma\Desktop\StudentManager\node_modules\jest-circus\build\run.js:126:9)
    at _runTestsForDescribeBlock (C:\Users\proma\Desktop\StudentManager\node_modules\jest-circus\build\run.js:121:9)
    at _runTestsForDescribeBlock (C:\Users\proma\Desktop\StudentManager\node_modules\jest-circus\build\run.js:121:9)
    at run (C:\Users\proma\Desktop\StudentManager\node_modules\jest-circus\build\run.js:71:3)
    at runAndTransformResultsToJestFormat (C:\Users\proma\Desktop\StudentManager\node_modules\jest-circus\build\legacy-code-todo-rewrite\jestAdapterInit.js:122:21)
    at jestAdapter (C:\Users\proma\Desktop\StudentManager\node_modules\jest-circus\build\legacy-code-todo-rewrite\jestAdapter.js:79:19)
    at runTestInternal (C:\Users\proma\Desktop\StudentManager\node_modules\jest-runner\build\runTest.js:367:16)
    at runTest (C:\Users\proma\Desktop\StudentManager\node_modules\jest-runner\build\runTest.js:444:34)
    at Object.worker (C:\Users\proma\Desktop\StudentManager\node_modules\jest-runner\build\testWorker.js:108:12)</failure>
    </testcase>
    <testcase classname="Students User Management Search Functionality should search by email" name="Students User Management Search Functionality should search by email" time="0.013">
      <failure>TestingLibraryElementError: Unable to find an element with the text: John Doe. This could be because the text is broken up by multiple elements. In this case, you can provide a function for your text matcher to make your matcher more flexible.

Ignored nodes: comments, script, style
&lt;body
  style=&quot;&quot;
&gt;
  &lt;div&gt;
    &lt;div
      class=&quot;space-y-6&quot;
    &gt;
      &lt;div
        class=&quot;rounded-xl border bg-card text-card-foreground shadow&quot;
      &gt;
        &lt;div
          class=&quot;flex flex-col space-y-1.5 p-6&quot;
        &gt;
          &lt;div
            class=&quot;flex flex-col sm:flex-row sm:items-center sm:justify-between gap-4&quot;
          &gt;
            &lt;div&gt;
              &lt;div
                class=&quot;font-semibold leading-none tracking-tight&quot;
              &gt;
                Student Management
              &lt;/div&gt;
              &lt;div
                class=&quot;text-sm text-muted-foreground&quot;
              &gt;
                Manage student profiles and permissions
              &lt;/div&gt;
            &lt;/div&gt;
            &lt;div
              class=&quot;flex items-center gap-2&quot;
            &gt;
              &lt;input
                class=&quot;flex h-9 rounded-md border border-input bg-transparent px-3 py-1 text-base shadow-sm transition-colors file:border-0 file:bg-transparent file:text-sm file:font-medium file:text-foreground placeholder:text-muted-foreground focus-visible:outline-none focus-visible:ring-1 focus-visible:ring-ring disabled:cursor-not-allowed disabled:opacity-50 md:text-sm w-64&quot;
                placeholder=&quot;Search students...&quot;
                value=&quot;&quot;
              /&gt;
            &lt;/div&gt;
          &lt;/div&gt;
        &lt;/div&gt;
        &lt;div
          class=&quot;p-6 pt-0&quot;
        &gt;
          &lt;div
            class=&quot;relative w-full overflow-auto&quot;
          &gt;
            &lt;table
              class=&quot;w-full caption-bottom text-sm&quot;
            &gt;
              &lt;thead
                class=&quot;[&amp;_tr]:border-b&quot;
              &gt;
                &lt;tr
                  class=&quot;border-b transition-colors hover:bg-muted/50 data-[state=selected]:bg-muted&quot;
                &gt;
                  &lt;th
                    class=&quot;h-10 px-2 text-left align-middle font-medium text-muted-foreground [&amp;:has([role=checkbox])]:pr-0 [&amp;&gt;[role=checkbox]]:translate-y-[2px]&quot;
                  &gt;
                    &lt;a
                      class=&quot;hover:underline cursor-pointer flex items-center gap-1&quot;
                      href=&quot;?sort=email&amp;dir=desc&quot;
                    &gt;
                      Email
                      &lt;span&gt;
                         ↑
                      &lt;/span&gt;
                    &lt;/a&gt;
                  &lt;/th&gt;
                  &lt;th
                    class=&quot;h-10 px-2 text-left align-middle font-medium text-muted-foreground [&amp;:has([role=checkbox])]:pr-0 [&amp;&gt;[role=checkbox]]:translate-y-[2px]&quot;
                  &gt;
                    &lt;a
                      class=&quot;hover:underline cursor-pointer flex items-center gap-1&quot;
                      href=&quot;?sort=username&amp;dir=asc&quot;
                    &gt;
                      Username
                      &lt;span /&gt;
                    &lt;/a&gt;
                  &lt;/th&gt;
                  &lt;th
                    class=&quot;h-10 px-2 text-left align-middle font-medium text-muted-foreground [&amp;:has([role=checkbox])]:pr-0 [&amp;&gt;[role=checkbox]]:translate-y-[2px]&quot;
                  &gt;
                    &lt;a
                      class=&quot;hover:underline cursor-pointer flex items-center gap-1&quot;
                      href=&quot;?sort=firstName&amp;dir=asc&quot;
                    &gt;
                      First Name
                      &lt;span /&gt;
                    &lt;/a&gt;
                  &lt;/th&gt;
                  &lt;th
                    class=&quot;h-10 px-2 text-left align-middle font-medium text-muted-foreground [&amp;:has([role=checkbox])]:pr-0 [&amp;&gt;[role=checkbox]]:translate-y-[2px]&quot;
                  &gt;
                    &lt;a
                      class=&quot;hover:underline cursor-pointer flex items-center gap-1&quot;
                      href=&quot;?sort=lastName&amp;dir=asc&quot;
                    &gt;
                      Last Name
                      &lt;span /&gt;
                    &lt;/a&gt;
                  &lt;/th&gt;
                  &lt;th
                    class=&quot;h-10 px-2 text-left align-middle font-medium text-muted-foreground [&amp;:has([role=checkbox])]:pr-0 [&amp;&gt;[role=checkbox]]:translate-y-[2px]&quot;
                  &gt;
                    &lt;a
                      class=&quot;hover:underline cursor-pointer flex items-center gap-1&quot;
                      href=&quot;?sort=role&amp;dir=asc&quot;
                    &gt;
                      Role
                      &lt;span /&gt;
                    &lt;/a&gt;
                  &lt;/th&gt;
                  &lt;th
                    class=&quot;h-10 px-2 text-left align-middle font-medium text-muted-foreground [&amp;:has([role=checkbox])]:pr-0 [&amp;&gt;[role=checkbox]]:translate-y-[2px]&quot;
                  &gt;
                    &lt;a
                      class=&quot;hover:underline cursor-pointer flex items-center gap-1&quot;
                      href=&quot;?sort=created_at&amp;dir=asc&quot;
                    &gt;
                      Created At
                      &lt;span /&gt;
                    &lt;/a&gt;
                  &lt;/th&gt;
                  &lt;th
                    class=&quot;h-10 px-2 text-left align-middle font-medium text-muted-foreground [&amp;:has([role=checkbox])]:pr-0 [&amp;&gt;[role=checkbox]]:translate-y-[2px]&quot;
                  &gt;
                    Actions
                  &lt;/th&gt;
                &lt;/tr&gt;
              &lt;/thead&gt;
              &lt;tbody
                class=&quot;[&amp;_tr:last-child]:border-0&quot;
              &gt;
                &lt;tr
                  class=&quot;border-b transition-colors hover:bg-muted/50 data-[state=selected]:bg-muted&quot;
         ...
    at Object.getElementError (C:\Users\proma\Desktop\StudentManager\node_modules\@testing-library\dom\dist\config.js:37:19)
    at C:\Users\proma\Desktop\StudentManager\node_modules\@testing-library\dom\dist\query-helpers.js:76:38
    at C:\Users\proma\Desktop\StudentManager\node_modules\@testing-library\dom\dist\query-helpers.js:52:17
    at C:\Users\proma\Desktop\StudentManager\node_modules\@testing-library\dom\dist\query-helpers.js:95:19
    at Object.getByText (C:\Users\proma\Desktop\StudentManager\src\__tests__\dashboard\students\students-management.test.tsx:385:21)
    at Promise.then.completed (C:\Users\proma\Desktop\StudentManager\node_modules\jest-circus\build\utils.js:298:28)
    at new Promise (&lt;anonymous&gt;)
    at callAsyncCircusFn (C:\Users\proma\Desktop\StudentManager\node_modules\jest-circus\build\utils.js:231:10)
    at _callCircusTest (C:\Users\proma\Desktop\StudentManager\node_modules\jest-circus\build\run.js:316:40)
    at runNextTicks (node:internal/process/task_queues:65:5)
    at listOnTimeout (node:internal/timers:569:9)
    at processTimers (node:internal/timers:543:7)
    at _runTest (C:\Users\proma\Desktop\StudentManager\node_modules\jest-circus\build\run.js:252:3)
    at _runTestsForDescribeBlock (C:\Users\proma\Desktop\StudentManager\node_modules\jest-circus\build\run.js:126:9)
    at _runTestsForDescribeBlock (C:\Users\proma\Desktop\StudentManager\node_modules\jest-circus\build\run.js:121:9)
    at _runTestsForDescribeBlock (C:\Users\proma\Desktop\StudentManager\node_modules\jest-circus\build\run.js:121:9)
    at run (C:\Users\proma\Desktop\StudentManager\node_modules\jest-circus\build\run.js:71:3)
    at runAndTransformResultsToJestFormat (C:\Users\proma\Desktop\StudentManager\node_modules\jest-circus\build\legacy-code-todo-rewrite\jestAdapterInit.js:122:21)
    at jestAdapter (C:\Users\proma\Desktop\StudentManager\node_modules\jest-circus\build\legacy-code-todo-rewrite\jestAdapter.js:79:19)
    at runTestInternal (C:\Users\proma\Desktop\StudentManager\node_modules\jest-runner\build\runTest.js:367:16)
    at runTest (C:\Users\proma\Desktop\StudentManager\node_modules\jest-runner\build\runTest.js:444:34)
    at Object.worker (C:\Users\proma\Desktop\StudentManager\node_modules\jest-runner\build\testWorker.js:108:12)</failure>
    </testcase>
    <testcase classname="Students User Management Toggle Active Status should toggle user active status when button is clicked" name="Students User Management Toggle Active Status should toggle user active status when button is clicked" time="1.022">
      <failure>Error: expect(jest.fn()).toHaveBeenCalledWith(...expected)

Expected: &quot;/api/admin/users/user1&quot;, {&quot;body&quot;: &quot;{\&quot;user_id\&quot;:\&quot;user1\&quot;,\&quot;isActive\&quot;:false}&quot;, &quot;method&quot;: &quot;PATCH&quot;}

Number of calls: 0

Ignored nodes: comments, script, style
&lt;html&gt;
  &lt;head /&gt;
  &lt;body
    style=&quot;&quot;
  &gt;
    &lt;div&gt;
      &lt;div
        class=&quot;space-y-6&quot;
      &gt;
        &lt;div
          class=&quot;rounded-xl border bg-card text-card-foreground shadow&quot;
        &gt;
          &lt;div
            class=&quot;flex flex-col space-y-1.5 p-6&quot;
          &gt;
            &lt;div
              class=&quot;flex flex-col sm:flex-row sm:items-center sm:justify-between gap-4&quot;
            &gt;
              &lt;div&gt;
                &lt;div
                  class=&quot;font-semibold leading-none tracking-tight&quot;
                &gt;
                  Student Management
                &lt;/div&gt;
                &lt;div
                  class=&quot;text-sm text-muted-foreground&quot;
                &gt;
                  Manage student profiles and permissions
                &lt;/div&gt;
              &lt;/div&gt;
              &lt;div
                class=&quot;flex items-center gap-2&quot;
              &gt;
                &lt;input
                  class=&quot;flex h-9 rounded-md border border-input bg-transparent px-3 py-1 text-base shadow-sm transition-colors file:border-0 file:bg-transparent file:text-sm file:font-medium file:text-foreground placeholder:text-muted-foreground focus-visible:outline-none focus-visible:ring-1 focus-visible:ring-ring disabled:cursor-not-allowed disabled:opacity-50 md:text-sm w-64&quot;
                  placeholder=&quot;Search students...&quot;
                  value=&quot;&quot;
                /&gt;
              &lt;/div&gt;
            &lt;/div&gt;
          &lt;/div&gt;
          &lt;div
            class=&quot;p-6 pt-0&quot;
          &gt;
            &lt;div
              class=&quot;relative w-full overflow-auto&quot;
            &gt;
              &lt;table
                class=&quot;w-full caption-bottom text-sm&quot;
              &gt;
                &lt;thead
                  class=&quot;[&amp;_tr]:border-b&quot;
                &gt;
                  &lt;tr
                    class=&quot;border-b transition-colors hover:bg-muted/50 data-[state=selected]:bg-muted&quot;
                  &gt;
                    &lt;th
                      class=&quot;h-10 px-2 text-left align-middle font-medium text-muted-foreground [&amp;:has([role=checkbox])]:pr-0 [&amp;&gt;[role=checkbox]]:translate-y-[2px]&quot;
                    &gt;
                      &lt;a
                        class=&quot;hover:underline cursor-pointer flex items-center gap-1&quot;
                        href=&quot;?sort=email&amp;dir=desc&quot;
                      &gt;
                        Email
                        &lt;span&gt;
                           ↑
                        &lt;/span&gt;
                      &lt;/a&gt;
                    &lt;/th&gt;
                    &lt;th
                      class=&quot;h-10 px-2 text-left align-middle font-medium text-muted-foreground [&amp;:has([role=checkbox])]:pr-0 [&amp;&gt;[role=checkbox]]:translate-y-[2px]&quot;
                    &gt;
                      &lt;a
                        class=&quot;hover:underline cursor-pointer flex items-center gap-1&quot;
                        href=&quot;?sort=username&amp;dir=asc&quot;
                      &gt;
                        Username
                        &lt;span /&gt;
                      &lt;/a&gt;
                    &lt;/th&gt;
                    &lt;th
                      class=&quot;h-10 px-2 text-left align-middle font-medium text-muted-foreground [&amp;:has([role=checkbox])]:pr-0 [&amp;&gt;[role=checkbox]]:translate-y-[2px]&quot;
                    &gt;
                      &lt;a
                        class=&quot;hover:underline cursor-pointer flex items-center gap-1&quot;
                        href=&quot;?sort=firstName&amp;dir=asc&quot;
                      &gt;
                        First Name
                        &lt;span /&gt;
                      &lt;/a&gt;
                    &lt;/th&gt;
                    &lt;th
                      class=&quot;h-10 px-2 text-left align-middle font-medium text-muted-foreground [&amp;:has([role=checkbox])]:pr-0 [&amp;&gt;[role=checkbox]]:translate-y-[2px]&quot;
                    &gt;
                      &lt;a
                        class=&quot;hover:underline cursor-pointer flex items-center gap-1&quot;
                        href=&quot;?sort=lastName&amp;dir=asc&quot;
                      &gt;
                        Last Name
                        &lt;span /&gt;
                      &lt;/a&gt;
                    &lt;/th&gt;
                    &lt;th
                      class=&quot;h-10 px-2 text-left align-middle font-medium text-muted-foreground [&amp;:has([role=checkbox])]:pr-0 [&amp;&gt;[role=checkbox]]:translate-y-[2px]&quot;
                    &gt;
                      &lt;a
                        class=&quot;hover:underline cursor-pointer flex items-center gap-1&quot;
                        href=&quot;?sort=role&amp;dir=asc&quot;
                      &gt;
                        Role
                        &lt;span /&gt;
                      &lt;/a&gt;
                    &lt;/th&gt;
                    &lt;th
                      class=&quot;h-10 px-2 text-left align-middle font-medium text-muted-foreground [&amp;:has([role=checkbox])]:pr-0 [&amp;&gt;[role=checkbox]]:translate-y-[2px]&quot;
                    &gt;
                      &lt;a
                        class=&quot;hover:underline cursor-pointer flex items-center gap-1&quot;
                        href=&quot;?sort=created_at&amp;dir=asc&quot;
                      &gt;
                        Created At
                        &lt;span /&gt;
                      &lt;/a&gt;
                    &lt;/th&gt;
                    &lt;th
                      class=&quot;h-10 px-2 text-left align-middle font-medium text-muted-foreground [&amp;:has([role=checkbox])]:pr-0 [&amp;&gt;[role=checkbox]]:translate-y-[2px]&quot;
                    &gt;
                      Actions
                    &lt;/th&gt;
                  &lt;/tr&gt;
                &lt;/thead...
    at toHaveBeenCalledWith (C:\Users\proma\Desktop\StudentManager\src\__tests__\dashboard\students\students-management.test.tsx:419:30)
    at runWithExpensiveErrorDiagnosticsDisabled (C:\Users\proma\Desktop\StudentManager\node_modules\@testing-library\dom\dist\config.js:47:12)
    at checkCallback (C:\Users\proma\Desktop\StudentManager\node_modules\@testing-library\dom\dist\wait-for.js:124:77)
    at checkRealTimersCallback (C:\Users\proma\Desktop\StudentManager\node_modules\@testing-library\dom\dist\wait-for.js:118:16)
    at Timeout.task [as _onTimeout] (C:\Users\proma\Desktop\StudentManager\node_modules\jsdom\lib\jsdom\browser\Window.js:520:19)
    at listOnTimeout (node:internal/timers:608:17)
    at processTimers (node:internal/timers:543:7)</failure>
    </testcase>
  </testsuite>
  <testsuite name="UserManagement Component" errors="0" failures="6" skipped="0" timestamp="2025-09-10T10:58:06" time="10.672" tests="6">
    <testcase classname="UserManagement Component should render user management page with users list" name="UserManagement Component should render user management page with users list" time="0.253">
      <failure>TestingLibraryElementError: Unable to find an element with the text: User Management. This could be because the text is broken up by multiple elements. In this case, you can provide a function for your text matcher to make your matcher more flexible.

Ignored nodes: comments, script, style
&lt;body&gt;
  &lt;div&gt;
    &lt;div
      class=&quot;flex items-center justify-center h-64&quot;
    &gt;
      &lt;div
        class=&quot;text-lg&quot;
      &gt;
        Loading users...
      &lt;/div&gt;
    &lt;/div&gt;
  &lt;/div&gt;
&lt;/body&gt;
    at Object.getElementError (C:\Users\proma\Desktop\StudentManager\node_modules\@testing-library\dom\dist\config.js:37:19)
    at C:\Users\proma\Desktop\StudentManager\node_modules\@testing-library\dom\dist\query-helpers.js:76:38
    at C:\Users\proma\Desktop\StudentManager\node_modules\@testing-library\dom\dist\query-helpers.js:52:17
    at C:\Users\proma\Desktop\StudentManager\node_modules\@testing-library\dom\dist\query-helpers.js:95:19
    at Object.getByText (C:\Users\proma\Desktop\StudentManager\src\__tests__\components\admin\UserManagement.test.tsx:50:19)
    at Promise.then.completed (C:\Users\proma\Desktop\StudentManager\node_modules\jest-circus\build\utils.js:298:28)
    at new Promise (&lt;anonymous&gt;)
    at callAsyncCircusFn (C:\Users\proma\Desktop\StudentManager\node_modules\jest-circus\build\utils.js:231:10)
    at _callCircusTest (C:\Users\proma\Desktop\StudentManager\node_modules\jest-circus\build\run.js:316:40)
    at processTicksAndRejections (node:internal/process/task_queues:105:5)
    at _runTest (C:\Users\proma\Desktop\StudentManager\node_modules\jest-circus\build\run.js:252:3)
    at _runTestsForDescribeBlock (C:\Users\proma\Desktop\StudentManager\node_modules\jest-circus\build\run.js:126:9)
    at _runTestsForDescribeBlock (C:\Users\proma\Desktop\StudentManager\node_modules\jest-circus\build\run.js:121:9)
    at run (C:\Users\proma\Desktop\StudentManager\node_modules\jest-circus\build\run.js:71:3)
    at runAndTransformResultsToJestFormat (C:\Users\proma\Desktop\StudentManager\node_modules\jest-circus\build\legacy-code-todo-rewrite\jestAdapterInit.js:122:21)
    at jestAdapter (C:\Users\proma\Desktop\StudentManager\node_modules\jest-circus\build\legacy-code-todo-rewrite\jestAdapter.js:79:19)
    at runTestInternal (C:\Users\proma\Desktop\StudentManager\node_modules\jest-runner\build\runTest.js:367:16)
    at runTest (C:\Users\proma\Desktop\StudentManager\node_modules\jest-runner\build\runTest.js:444:34)
    at Object.worker (C:\Users\proma\Desktop\StudentManager\node_modules\jest-runner\build\testWorker.js:108:12)</failure>
    </testcase>
    <testcase classname="UserManagement Component should open edit modal when edit button is clicked" name="UserManagement Component should open edit modal when edit button is clicked" time="2.999">
      <failure>Error: Unable to find an element with the text: John Doe. This could be because the text is broken up by multiple elements. In this case, you can provide a function for your text matcher to make your matcher more flexible.

Ignored nodes: comments, script, style
&lt;body&gt;
  &lt;div&gt;
    &lt;div
      class=&quot;space-y-6&quot;
    &gt;
      &lt;div
        class=&quot;flex flex-col sm:flex-row sm:items-center sm:justify-between gap-4&quot;
      &gt;
        &lt;div&gt;
          &lt;h1
            class=&quot;text-2xl font-bold&quot;
          &gt;
            User Management
          &lt;/h1&gt;
          &lt;p
            class=&quot;text-gray-600&quot;
          &gt;
            Manage student profiles
          &lt;/p&gt;
        &lt;/div&gt;
        &lt;div
          class=&quot;flex items-center gap-2&quot;
        &gt;
          &lt;input
            class=&quot;flex h-9 rounded-md border border-input bg-transparent px-3 py-1 text-base shadow-sm transition-colors file:border-0 file:bg-transparent file:text-sm file:font-medium file:text-foreground placeholder:text-muted-foreground focus-visible:outline-none focus-visible:ring-1 focus-visible:ring-ring disabled:cursor-not-allowed disabled:opacity-50 md:text-sm w-64&quot;
            placeholder=&quot;Search users...&quot;
            value=&quot;&quot;
          /&gt;
        &lt;/div&gt;
      &lt;/div&gt;
      &lt;div
        class=&quot;grid grid-cols-1 md:grid-cols-2 lg:grid-cols-3 gap-4&quot;
      /&gt;
      &lt;div
        class=&quot;text-center py-8&quot;
      &gt;
        &lt;p
          class=&quot;text-gray-500&quot;
        &gt;
          No users found.
        &lt;/p&gt;
      &lt;/div&gt;
    &lt;/div&gt;
  &lt;/div&gt;
&lt;/body&gt;
    at waitForWrapper (C:\Users\proma\Desktop\StudentManager\node_modules\@testing-library\dom\dist\wait-for.js:163:27)
    at Object.&lt;anonymous&gt; (C:\Users\proma\Desktop\StudentManager\src\__tests__\components\admin\UserManagement.test.tsx:64:18)
    at Promise.then.completed (C:\Users\proma\Desktop\StudentManager\node_modules\jest-circus\build\utils.js:298:28)
    at new Promise (&lt;anonymous&gt;)
    at callAsyncCircusFn (C:\Users\proma\Desktop\StudentManager\node_modules\jest-circus\build\utils.js:231:10)
    at _callCircusTest (C:\Users\proma\Desktop\StudentManager\node_modules\jest-circus\build\run.js:316:40)
    at processTicksAndRejections (node:internal/process/task_queues:105:5)
    at _runTest (C:\Users\proma\Desktop\StudentManager\node_modules\jest-circus\build\run.js:252:3)
    at _runTestsForDescribeBlock (C:\Users\proma\Desktop\StudentManager\node_modules\jest-circus\build\run.js:126:9)
    at _runTestsForDescribeBlock (C:\Users\proma\Desktop\StudentManager\node_modules\jest-circus\build\run.js:121:9)
    at run (C:\Users\proma\Desktop\StudentManager\node_modules\jest-circus\build\run.js:71:3)
    at runAndTransformResultsToJestFormat (C:\Users\proma\Desktop\StudentManager\node_modules\jest-circus\build\legacy-code-todo-rewrite\jestAdapterInit.js:122:21)
    at jestAdapter (C:\Users\proma\Desktop\StudentManager\node_modules\jest-circus\build\legacy-code-todo-rewrite\jestAdapter.js:79:19)
    at runTestInternal (C:\Users\proma\Desktop\StudentManager\node_modules\jest-runner\build\runTest.js:367:16)
    at runTest (C:\Users\proma\Desktop\StudentManager\node_modules\jest-runner\build\runTest.js:444:34)
    at Object.worker (C:\Users\proma\Desktop\StudentManager\node_modules\jest-runner\build\testWorker.js:108:12)</failure>
    </testcase>
    <testcase classname="UserManagement Component should update user profile when form is submitted" name="UserManagement Component should update user profile when form is submitted" time="1.011">
      <failure>Error: Unable to find an element with the text: John Doe. This could be because the text is broken up by multiple elements. In this case, you can provide a function for your text matcher to make your matcher more flexible.

Ignored nodes: comments, script, style
&lt;body&gt;
  &lt;div&gt;
    &lt;div
      class=&quot;space-y-6&quot;
    &gt;
      &lt;div
        class=&quot;flex flex-col sm:flex-row sm:items-center sm:justify-between gap-4&quot;
      &gt;
        &lt;div&gt;
          &lt;h1
            class=&quot;text-2xl font-bold&quot;
          &gt;
            User Management
          &lt;/h1&gt;
          &lt;p
            class=&quot;text-gray-600&quot;
          &gt;
            Manage student profiles
          &lt;/p&gt;
        &lt;/div&gt;
        &lt;div
          class=&quot;flex items-center gap-2&quot;
        &gt;
          &lt;input
            class=&quot;flex h-9 rounded-md border border-input bg-transparent px-3 py-1 text-base shadow-sm transition-colors file:border-0 file:bg-transparent file:text-sm file:font-medium file:text-foreground placeholder:text-muted-foreground focus-visible:outline-none focus-visible:ring-1 focus-visible:ring-ring disabled:cursor-not-allowed disabled:opacity-50 md:text-sm w-64&quot;
            placeholder=&quot;Search users...&quot;
            value=&quot;&quot;
          /&gt;
        &lt;/div&gt;
      &lt;/div&gt;
      &lt;div
        class=&quot;grid grid-cols-1 md:grid-cols-2 lg:grid-cols-3 gap-4&quot;
      /&gt;
      &lt;div
        class=&quot;text-center py-8&quot;
      &gt;
        &lt;p
          class=&quot;text-gray-500&quot;
        &gt;
          No users found.
        &lt;/p&gt;
      &lt;/div&gt;
    &lt;/div&gt;
  &lt;/div&gt;
&lt;/body&gt;
    at waitForWrapper (C:\Users\proma\Desktop\StudentManager\node_modules\@testing-library\dom\dist\wait-for.js:163:27)
    at Object.&lt;anonymous&gt; (C:\Users\proma\Desktop\StudentManager\src\__tests__\components\admin\UserManagement.test.tsx:90:18)
    at Promise.then.completed (C:\Users\proma\Desktop\StudentManager\node_modules\jest-circus\build\utils.js:298:28)
    at new Promise (&lt;anonymous&gt;)
    at callAsyncCircusFn (C:\Users\proma\Desktop\StudentManager\node_modules\jest-circus\build\utils.js:231:10)
    at _callCircusTest (C:\Users\proma\Desktop\StudentManager\node_modules\jest-circus\build\run.js:316:40)
    at runNextTicks (node:internal/process/task_queues:65:5)
    at listOnTimeout (node:internal/timers:569:9)
    at processTimers (node:internal/timers:543:7)
    at _runTest (C:\Users\proma\Desktop\StudentManager\node_modules\jest-circus\build\run.js:252:3)
    at _runTestsForDescribeBlock (C:\Users\proma\Desktop\StudentManager\node_modules\jest-circus\build\run.js:126:9)
    at _runTestsForDescribeBlock (C:\Users\proma\Desktop\StudentManager\node_modules\jest-circus\build\run.js:121:9)
    at run (C:\Users\proma\Desktop\StudentManager\node_modules\jest-circus\build\run.js:71:3)
    at runAndTransformResultsToJestFormat (C:\Users\proma\Desktop\StudentManager\node_modules\jest-circus\build\legacy-code-todo-rewrite\jestAdapterInit.js:122:21)
    at jestAdapter (C:\Users\proma\Desktop\StudentManager\node_modules\jest-circus\build\legacy-code-todo-rewrite\jestAdapter.js:79:19)
    at runTestInternal (C:\Users\proma\Desktop\StudentManager\node_modules\jest-runner\build\runTest.js:367:16)
    at runTest (C:\Users\proma\Desktop\StudentManager\node_modules\jest-runner\build\runTest.js:444:34)
    at Object.worker (C:\Users\proma\Desktop\StudentManager\node_modules\jest-runner\build\testWorker.js:108:12)</failure>
    </testcase>
    <testcase classname="UserManagement Component should show error message when API call fails" name="UserManagement Component should show error message when API call fails" time="1.006">
      <failure>Error: Unable to find an element with the text: John Doe. This could be because the text is broken up by multiple elements. In this case, you can provide a function for your text matcher to make your matcher more flexible.

Ignored nodes: comments, script, style
&lt;body&gt;
  &lt;div&gt;
    &lt;div
      class=&quot;space-y-6&quot;
    &gt;
      &lt;div
        class=&quot;flex flex-col sm:flex-row sm:items-center sm:justify-between gap-4&quot;
      &gt;
        &lt;div&gt;
          &lt;h1
            class=&quot;text-2xl font-bold&quot;
          &gt;
            User Management
          &lt;/h1&gt;
          &lt;p
            class=&quot;text-gray-600&quot;
          &gt;
            Manage student profiles
          &lt;/p&gt;
        &lt;/div&gt;
        &lt;div
          class=&quot;flex items-center gap-2&quot;
        &gt;
          &lt;input
            class=&quot;flex h-9 rounded-md border border-input bg-transparent px-3 py-1 text-base shadow-sm transition-colors file:border-0 file:bg-transparent file:text-sm file:font-medium file:text-foreground placeholder:text-muted-foreground focus-visible:outline-none focus-visible:ring-1 focus-visible:ring-ring disabled:cursor-not-allowed disabled:opacity-50 md:text-sm w-64&quot;
            placeholder=&quot;Search users...&quot;
            value=&quot;&quot;
          /&gt;
        &lt;/div&gt;
      &lt;/div&gt;
      &lt;div
        class=&quot;grid grid-cols-1 md:grid-cols-2 lg:grid-cols-3 gap-4&quot;
      /&gt;
      &lt;div
        class=&quot;text-center py-8&quot;
      &gt;
        &lt;p
          class=&quot;text-gray-500&quot;
        &gt;
          No users found.
        &lt;/p&gt;
      &lt;/div&gt;
    &lt;/div&gt;
  &lt;/div&gt;
&lt;/body&gt;
    at waitForWrapper (C:\Users\proma\Desktop\StudentManager\node_modules\@testing-library\dom\dist\wait-for.js:163:27)
    at Object.&lt;anonymous&gt; (C:\Users\proma\Desktop\StudentManager\src\__tests__\components\admin\UserManagement.test.tsx:132:18)
    at Promise.then.completed (C:\Users\proma\Desktop\StudentManager\node_modules\jest-circus\build\utils.js:298:28)
    at new Promise (&lt;anonymous&gt;)
    at callAsyncCircusFn (C:\Users\proma\Desktop\StudentManager\node_modules\jest-circus\build\utils.js:231:10)
    at _callCircusTest (C:\Users\proma\Desktop\StudentManager\node_modules\jest-circus\build\run.js:316:40)
    at _runTest (C:\Users\proma\Desktop\StudentManager\node_modules\jest-circus\build\run.js:252:3)
    at _runTestsForDescribeBlock (C:\Users\proma\Desktop\StudentManager\node_modules\jest-circus\build\run.js:126:9)
    at _runTestsForDescribeBlock (C:\Users\proma\Desktop\StudentManager\node_modules\jest-circus\build\run.js:121:9)
    at run (C:\Users\proma\Desktop\StudentManager\node_modules\jest-circus\build\run.js:71:3)
    at runAndTransformResultsToJestFormat (C:\Users\proma\Desktop\StudentManager\node_modules\jest-circus\build\legacy-code-todo-rewrite\jestAdapterInit.js:122:21)
    at jestAdapter (C:\Users\proma\Desktop\StudentManager\node_modules\jest-circus\build\legacy-code-todo-rewrite\jestAdapter.js:79:19)
    at runTestInternal (C:\Users\proma\Desktop\StudentManager\node_modules\jest-runner\build\runTest.js:367:16)
    at runTest (C:\Users\proma\Desktop\StudentManager\node_modules\jest-runner\build\runTest.js:444:34)
    at Object.worker (C:\Users\proma\Desktop\StudentManager\node_modules\jest-runner\build\testWorker.js:108:12)</failure>
    </testcase>
    <testcase classname="UserManagement Component should filter users by search term" name="UserManagement Component should filter users by search term" time="1.023">
      <failure>Error: Unable to find an element with the text: John Doe. This could be because the text is broken up by multiple elements. In this case, you can provide a function for your text matcher to make your matcher more flexible.

Ignored nodes: comments, script, style
&lt;body&gt;
  &lt;div&gt;
    &lt;div
      class=&quot;space-y-6&quot;
    &gt;
      &lt;div
        class=&quot;flex flex-col sm:flex-row sm:items-center sm:justify-between gap-4&quot;
      &gt;
        &lt;div&gt;
          &lt;h1
            class=&quot;text-2xl font-bold&quot;
          &gt;
            User Management
          &lt;/h1&gt;
          &lt;p
            class=&quot;text-gray-600&quot;
          &gt;
            Manage student profiles
          &lt;/p&gt;
        &lt;/div&gt;
        &lt;div
          class=&quot;flex items-center gap-2&quot;
        &gt;
          &lt;input
            class=&quot;flex h-9 rounded-md border border-input bg-transparent px-3 py-1 text-base shadow-sm transition-colors file:border-0 file:bg-transparent file:text-sm file:font-medium file:text-foreground placeholder:text-muted-foreground focus-visible:outline-none focus-visible:ring-1 focus-visible:ring-ring disabled:cursor-not-allowed disabled:opacity-50 md:text-sm w-64&quot;
            placeholder=&quot;Search users...&quot;
            value=&quot;&quot;
          /&gt;
        &lt;/div&gt;
      &lt;/div&gt;
      &lt;div
        class=&quot;grid grid-cols-1 md:grid-cols-2 lg:grid-cols-3 gap-4&quot;
      /&gt;
      &lt;div
        class=&quot;text-center py-8&quot;
      &gt;
        &lt;p
          class=&quot;text-gray-500&quot;
        &gt;
          No users found.
        &lt;/p&gt;
      &lt;/div&gt;
    &lt;/div&gt;
  &lt;/div&gt;
&lt;/body&gt;
    at waitForWrapper (C:\Users\proma\Desktop\StudentManager\node_modules\@testing-library\dom\dist\wait-for.js:163:27)
    at Object.&lt;anonymous&gt; (C:\Users\proma\Desktop\StudentManager\src\__tests__\components\admin\UserManagement.test.tsx:153:18)
    at Promise.then.completed (C:\Users\proma\Desktop\StudentManager\node_modules\jest-circus\build\utils.js:298:28)
    at new Promise (&lt;anonymous&gt;)
    at callAsyncCircusFn (C:\Users\proma\Desktop\StudentManager\node_modules\jest-circus\build\utils.js:231:10)
    at _callCircusTest (C:\Users\proma\Desktop\StudentManager\node_modules\jest-circus\build\run.js:316:40)
    at _runTest (C:\Users\proma\Desktop\StudentManager\node_modules\jest-circus\build\run.js:252:3)
    at _runTestsForDescribeBlock (C:\Users\proma\Desktop\StudentManager\node_modules\jest-circus\build\run.js:126:9)
    at _runTestsForDescribeBlock (C:\Users\proma\Desktop\StudentManager\node_modules\jest-circus\build\run.js:121:9)
    at run (C:\Users\proma\Desktop\StudentManager\node_modules\jest-circus\build\run.js:71:3)
    at runAndTransformResultsToJestFormat (C:\Users\proma\Desktop\StudentManager\node_modules\jest-circus\build\legacy-code-todo-rewrite\jestAdapterInit.js:122:21)
    at jestAdapter (C:\Users\proma\Desktop\StudentManager\node_modules\jest-circus\build\legacy-code-todo-rewrite\jestAdapter.js:79:19)
    at runTestInternal (C:\Users\proma\Desktop\StudentManager\node_modules\jest-runner\build\runTest.js:367:16)
    at runTest (C:\Users\proma\Desktop\StudentManager\node_modules\jest-runner\build\runTest.js:444:34)
    at Object.worker (C:\Users\proma\Desktop\StudentManager\node_modules\jest-runner\build\testWorker.js:108:12)</failure>
    </testcase>
    <testcase classname="UserManagement Component should toggle user active status" name="UserManagement Component should toggle user active status" time="1.031">
      <failure>Error: Unable to find an element with the text: John Doe. This could be because the text is broken up by multiple elements. In this case, you can provide a function for your text matcher to make your matcher more flexible.

Ignored nodes: comments, script, style
&lt;body&gt;
  &lt;div&gt;
    &lt;div
      class=&quot;space-y-6&quot;
    &gt;
      &lt;div
        class=&quot;flex flex-col sm:flex-row sm:items-center sm:justify-between gap-4&quot;
      &gt;
        &lt;div&gt;
          &lt;h1
            class=&quot;text-2xl font-bold&quot;
          &gt;
            User Management
          &lt;/h1&gt;
          &lt;p
            class=&quot;text-gray-600&quot;
          &gt;
            Manage student profiles
          &lt;/p&gt;
        &lt;/div&gt;
        &lt;div
          class=&quot;flex items-center gap-2&quot;
        &gt;
          &lt;input
            class=&quot;flex h-9 rounded-md border border-input bg-transparent px-3 py-1 text-base shadow-sm transition-colors file:border-0 file:bg-transparent file:text-sm file:font-medium file:text-foreground placeholder:text-muted-foreground focus-visible:outline-none focus-visible:ring-1 focus-visible:ring-ring disabled:cursor-not-allowed disabled:opacity-50 md:text-sm w-64&quot;
            placeholder=&quot;Search users...&quot;
            value=&quot;&quot;
          /&gt;
        &lt;/div&gt;
      &lt;/div&gt;
      &lt;div
        class=&quot;grid grid-cols-1 md:grid-cols-2 lg:grid-cols-3 gap-4&quot;
      /&gt;
      &lt;div
        class=&quot;text-center py-8&quot;
      &gt;
        &lt;p
          class=&quot;text-gray-500&quot;
        &gt;
          No users found.
        &lt;/p&gt;
      &lt;/div&gt;
    &lt;/div&gt;
  &lt;/div&gt;
&lt;/body&gt;
    at waitForWrapper (C:\Users\proma\Desktop\StudentManager\node_modules\@testing-library\dom\dist\wait-for.js:163:27)
    at Object.&lt;anonymous&gt; (C:\Users\proma\Desktop\StudentManager\src\__tests__\components\admin\UserManagement.test.tsx:180:18)
    at Promise.then.completed (C:\Users\proma\Desktop\StudentManager\node_modules\jest-circus\build\utils.js:298:28)
    at new Promise (&lt;anonymous&gt;)
    at callAsyncCircusFn (C:\Users\proma\Desktop\StudentManager\node_modules\jest-circus\build\utils.js:231:10)
    at _callCircusTest (C:\Users\proma\Desktop\StudentManager\node_modules\jest-circus\build\run.js:316:40)
    at runNextTicks (node:internal/process/task_queues:65:5)
    at listOnTimeout (node:internal/timers:569:9)
    at processTimers (node:internal/timers:543:7)
    at _runTest (C:\Users\proma\Desktop\StudentManager\node_modules\jest-circus\build\run.js:252:3)
    at _runTestsForDescribeBlock (C:\Users\proma\Desktop\StudentManager\node_modules\jest-circus\build\run.js:126:9)
    at _runTestsForDescribeBlock (C:\Users\proma\Desktop\StudentManager\node_modules\jest-circus\build\run.js:121:9)
    at run (C:\Users\proma\Desktop\StudentManager\node_modules\jest-circus\build\run.js:71:3)
    at runAndTransformResultsToJestFormat (C:\Users\proma\Desktop\StudentManager\node_modules\jest-circus\build\legacy-code-todo-rewrite\jestAdapterInit.js:122:21)
    at jestAdapter (C:\Users\proma\Desktop\StudentManager\node_modules\jest-circus\build\legacy-code-todo-rewrite\jestAdapter.js:79:19)
    at runTestInternal (C:\Users\proma\Desktop\StudentManager\node_modules\jest-runner\build\runTest.js:367:16)
    at runTest (C:\Users\proma\Desktop\StudentManager\node_modules\jest-runner\build\runTest.js:444:34)
    at Object.worker (C:\Users\proma\Desktop\StudentManager\node_modules\jest-runner\build\testWorker.js:108:12)</failure>
    </testcase>
  </testsuite>
</testsuites>