TN:
SF:src\env.ts
FNF:0
FNH:0
DA:1,0
DA:3,0
DA:9,0
DA:11,0
DA:13,0
DA:14,0
DA:16,0
DA:17,0
LF:8
LH:0
BRF:0
BRH:0
end_of_record
TN:
SF:src\instrumentation.ts
FN:3,register
FN:5,(anonymous_7)
FN:9,(anonymous_8)
FNF:3
FNH:0
FNDA:0,register
FNDA:0,(anonymous_7)
FNDA:0,(anonymous_8)
DA:1,0
DA:3,0
DA:4,0
DA:5,0
DA:8,0
DA:9,0
DA:13,0
LF:7
LH:0
BRDA:4,0,0,0
BRDA:8,1,0,0
BRF:2
BRH:0
end_of_record
TN:
SF:src\middleware.ts
FN:4,middleware
FNF:1
FNH:1
FNDA:3,middleware
DA:2,1
DA:4,3
DA:5,3
DA:8,1
LF:4
LH:4
BRF:0
BRH:0
end_of_record
TN:
SF:src\app\error.tsx
FN:5,Error
FN:12,(anonymous_2)
FN:23,(anonymous_3)
FNF:3
FNH:0
FNDA:0,Error
FNDA:0,(anonymous_2)
FNDA:0,(anonymous_3)
DA:3,0
DA:5,0
DA:12,0
DA:14,0
DA:23,0
LF:5
LH:0
BRF:0
BRH:0
end_of_record
TN:
SF:src\app\global-error.tsx
FN:7,GlobalError
FN:12,(anonymous_6)
FNF:2
FNH:0
FNDA:0,GlobalError
FNDA:0,(anonymous_6)
DA:3,0
DA:4,0
DA:5,0
DA:7,0
DA:12,0
DA:13,0
LF:6
LH:0
BRF:0
BRH:0
end_of_record
TN:
SF:src\app\layout.tsx
FN:12,RootLayout
FNF:1
FNH:0
FNDA:0,RootLayout
DA:2,0
DA:3,0
DA:4,0
DA:7,0
DA:12,0
LF:5
LH:0
BRF:0
BRH:0
end_of_record
TN:
SF:src\app\page.tsx
FN:12,Page
FNF:1
FNH:0
FNDA:0,Page
DA:3,0
DA:4,0
DA:5,0
DA:6,0
DA:7,0
DA:8,0
DA:9,0
DA:10,0
DA:12,0
LF:9
LH:0
BRF:0
BRH:0
end_of_record
TN:
SF:src\app\account\account-form.tsx
FN:8,AccountForm
FN:20,(anonymous_2)
FN:54,(anonymous_3)
FN:72,(anonymous_4)
FN:90,(anonymous_5)
FN:100,(anonymous_6)
FNF:6
FNH:0
FNDA:0,AccountForm
FNDA:0,(anonymous_2)
FNDA:0,(anonymous_3)
FNDA:0,(anonymous_4)
FNDA:0,(anonymous_5)
FNDA:0,(anonymous_6)
DA:2,0
DA:5,0
DA:8,0
DA:9,0
DA:10,0
DA:17,0
DA:18,0
DA:20,0
DA:21,0
DA:55,0
DA:73,0
DA:91,0
DA:100,0
LF:13
LH:0
BRDA:53,0,0,0
BRDA:53,0,1,0
BRDA:71,1,0,0
BRDA:71,1,1,0
BRDA:89,2,0,0
BRDA:89,2,1,0
BRDA:103,3,0,0
BRDA:103,3,1,0
BRF:8
BRH:0
end_of_record
TN:
SF:src\app\account\account-utils.ts
FN:7,(anonymous_6)
FN:27,(anonymous_7)
FN:56,(anonymous_8)
FN:61,(anonymous_9)
FN:82,(anonymous_10)
FN:86,(anonymous_11)
FNF:6
FNH:0
FNDA:0,(anonymous_6)
FNDA:0,(anonymous_7)
FNDA:0,(anonymous_8)
FNDA:0,(anonymous_9)
FNDA:0,(anonymous_10)
FNDA:0,(anonymous_11)
DA:1,0
DA:5,0
DA:7,0
DA:8,0
DA:10,0
DA:11,0
DA:17,0
DA:18,0
DA:21,0
DA:23,0
DA:27,0
DA:40,0
DA:41,0
DA:49,0
DA:50,0
DA:52,0
DA:56,0
DA:61,0
DA:62,0
DA:63,0
DA:64,0
DA:65,0
DA:66,0
DA:67,0
DA:75,0
DA:77,0
DA:82,0
DA:86,0
DA:87,0
DA:88,0
DA:89,0
DA:98,0
DA:100,0
LF:33
LH:0
BRDA:8,0,0,0
BRDA:17,1,0,0
BRDA:17,2,0,0
BRDA:17,2,1,0
BRDA:49,3,0,0
BRDA:64,4,0,0
BRDA:66,5,0,0
BRF:7
BRH:0
end_of_record
TN:
SF:src\app\account\avatar-utils.ts
FN:3,(anonymous_4)
FN:19,(anonymous_5)
FN:38,(anonymous_6)
FN:44,(anonymous_7)
FNF:4
FNH:0
FNDA:0,(anonymous_4)
FNDA:0,(anonymous_5)
FNDA:0,(anonymous_6)
FNDA:0,(anonymous_7)
DA:3,0
DA:4,0
DA:5,0
DA:8,0
DA:9,0
DA:12,0
DA:13,0
DA:15,0
DA:19,0
DA:24,0
DA:25,0
DA:27,0
DA:31,0
DA:32,0
DA:35,0
DA:38,0
DA:44,0
DA:45,0
DA:46,0
DA:48,0
DA:49,0
DA:52,0
DA:53,0
DA:54,0
DA:56,0
DA:58,0
LF:26
LH:0
BRDA:8,0,0,0
BRDA:31,1,0,0
BRDA:48,2,0,0
BRDA:48,3,0,0
BRDA:48,3,1,0
BRF:5
BRH:0
end_of_record
TN:
SF:src\app\account\avatar.tsx
FN:8,Avatar
FN:23,(anonymous_6)
FN:27,(anonymous_7)
FNF:3
FNH:0
FNDA:0,Avatar
FNDA:0,(anonymous_6)
FNDA:0,(anonymous_7)
DA:3,0
DA:4,0
DA:5,0
DA:6,0
DA:8,0
DA:19,0
DA:20,0
DA:21,0
DA:23,0
DA:24,0
DA:25,0
DA:28,0
DA:33,0
LF:13
LH:0
BRDA:24,0,0,0
BRDA:38,1,0,0
BRDA:54,2,0,0
BRDA:54,2,1,0
BRF:4
BRH:0
end_of_record
TN:
SF:src\app\account\page.tsx
FN:4,Account
FNF:1
FNH:0
FNDA:0,Account
DA:1,0
DA:2,0
DA:4,0
DA:5,0
DA:9,0
LF:5
LH:0
BRF:0
BRH:0
end_of_record
TN:
SF:src\app\api\admin\users\route.ts
FN:5,PATCH
FN:55,GET
FNF:2
FNH:0
FNDA:0,PATCH
FNDA:0,GET
DA:1,0
DA:2,0
DA:3,0
DA:5,0
DA:6,0
DA:8,0
DA:9,0
DA:11,0
DA:12,0
DA:18,0
DA:19,0
DA:21,0
DA:22,0
DA:29,0
DA:36,0
DA:37,0
DA:43,0
DA:50,0
DA:51,0
DA:55,0
DA:56,0
DA:58,0
DA:59,0
DA:61,0
DA:62,0
DA:69,0
DA:74,0
DA:75,0
DA:81,0
DA:84,0
DA:85,0
LF:31
LH:0
BRDA:11,0,0,0
BRDA:21,1,0,0
BRDA:21,2,0,0
BRDA:21,2,1,0
BRDA:36,3,0,0
BRDA:46,4,0,0
BRDA:46,4,1,0
BRDA:50,5,0,0
BRDA:50,5,1,0
BRDA:61,6,0,0
BRDA:74,7,0,0
BRDA:84,8,0,0
BRDA:84,8,1,0
BRF:13
BRH:0
end_of_record
TN:
SF:src\app\api\assignments\route.ts
FN:4,GET
FN:20,POST
FNF:2
FNH:2
FNDA:2,GET
FNDA:3,POST
DA:1,1
DA:2,1
DA:4,2
DA:5,2
DA:6,2
DA:8,2
DA:10,1
DA:11,1
DA:17,1
DA:20,3
DA:21,3
DA:22,3
DA:23,3
DA:26,3
DA:27,1
DA:33,2
DA:39,2
DA:40,1
DA:41,1
DA:47,1
LF:20
LH:20
BRDA:8,0,0,1
BRDA:26,1,0,1
BRDA:26,2,0,3
BRDA:26,2,1,3
BRDA:26,2,2,2
BRDA:39,3,0,1
BRF:6
BRH:6
end_of_record
TN:
SF:src\app\api\auth\confirm\route.ts
FN:7,GET
FNF:1
FNH:0
FNDA:0,GET
DA:4,0
DA:5,0
DA:7,0
DA:8,0
DA:9,0
DA:10,0
DA:11,0
DA:13,0
DA:14,0
DA:16,0
DA:20,0
DA:22,0
DA:27,0
LF:13
LH:0
BRDA:11,0,0,0
BRDA:11,0,1,0
BRDA:13,1,0,0
BRDA:13,2,0,0
BRDA:13,2,1,0
BRDA:20,3,0,0
BRF:6
BRH:0
end_of_record
TN:
SF:src\app\api\auth\google\route.ts
FN:4,GET
FNF:1
FNH:0
FNDA:0,GET
DA:1,0
DA:2,0
DA:4,0
DA:5,0
DA:10,0
DA:16,0
LF:6
LH:0
BRF:0
BRH:0
end_of_record
TN:
SF:src\app\api\auth\google\callback\route.ts
FN:5,GET
FNF:1
FNH:0
FNDA:0,GET
DA:1,0
DA:2,0
DA:3,0
DA:5,0
DA:6,0
DA:7,0
DA:9,0
DA:10,0
DA:13,0
DA:14,0
DA:15,0
DA:17,0
DA:18,0
DA:25,0
DA:26,0
DA:34,0
DA:36,0
DA:37,0
LF:18
LH:0
BRDA:9,0,0,0
BRDA:18,1,0,0
BRDA:18,1,1,0
BRDA:25,2,0,0
BRF:4
BRH:0
end_of_record
TN:
SF:src\app\api\auth\signout\route.ts
FN:4,GET
FNF:1
FNH:0
FNDA:0,GET
DA:2,0
DA:4,0
DA:6,0
DA:7,0
DA:8,0
DA:9,0
LF:6
LH:0
BRF:0
BRH:0
end_of_record
TN:
SF:src\app\api\calendar\events\route.ts
FN:6,GET
FNF:1
FNH:0
FNDA:0,GET
DA:1,0
DA:2,0
DA:3,0
DA:4,0
DA:6,0
DA:7,0
DA:8,0
DA:10,0
DA:11,0
DA:17,0
DA:18,0
DA:20,0
DA:21,0
DA:29,0
DA:31,0
DA:32,0
LF:16
LH:0
BRDA:10,0,0,0
BRF:1
BRH:0
end_of_record
TN:
SF:src\app\api\callback\route.ts
FN:5,GET
FNF:1
FNH:0
FNDA:0,GET
DA:1,0
DA:3,0
DA:5,0
DA:6,0
DA:7,0
DA:9,0
DA:11,0
DA:13,0
DA:16,0
DA:17,0
DA:19,0
DA:21,0
DA:24,0
DA:25,0
DA:26,0
DA:28,0
DA:29,0
DA:30,0
DA:32,0
LF:19
LH:0
BRDA:9,0,0,0
BRDA:9,0,1,0
BRDA:11,1,0,0
BRDA:19,2,0,0
BRDA:26,3,0,0
BRDA:26,3,1,0
BRDA:29,4,0,0
BRDA:29,4,1,0
BRF:8
BRH:0
end_of_record
TN:
SF:src\app\api\gdrive\delete\route.ts
FN:6,DELETE
FNF:1
FNH:0
FNDA:0,DELETE
DA:1,0
DA:2,0
DA:3,0
DA:4,0
DA:6,0
DA:7,0
DA:8,0
DA:10,0
DA:11,0
DA:14,0
DA:15,0
DA:17,0
DA:18,0
DA:20,0
DA:21,0
DA:24,0
DA:26,0
DA:28,0
DA:29,0
LF:19
LH:0
BRDA:10,0,0,0
BRDA:20,1,0,0
BRF:2
BRH:0
end_of_record
TN:
SF:src\app\api\gdrive\files\route.ts
FN:7,GET
FNF:1
FNH:0
FNDA:0,GET
DA:1,0
DA:2,0
DA:3,0
DA:4,0
DA:5,0
DA:7,0
DA:8,0
DA:9,0
DA:11,0
DA:12,0
DA:15,0
DA:16,0
DA:18,0
DA:19,0
DA:27,0
DA:28,0
DA:30,0
DA:32,0
LF:18
LH:0
BRDA:11,0,0,0
BRDA:27,1,0,0
BRDA:35,2,0,0
BRDA:35,2,1,0
BRF:4
BRH:0
end_of_record
TN:
SF:src\app\api\gdrive\upload\route.ts
FN:6,POST
FNF:1
FNH:0
FNDA:0,POST
DA:1,0
DA:2,0
DA:3,0
DA:4,0
DA:6,0
DA:7,0
DA:8,0
DA:10,0
DA:11,0
DA:14,0
DA:15,0
DA:17,0
DA:18,0
DA:19,0
DA:21,0
DA:22,0
DA:25,0
DA:29,0
DA:34,0
DA:40,0
DA:42,0
DA:43,0
LF:22
LH:0
BRDA:10,0,0,0
BRDA:21,1,0,0
BRF:2
BRH:0
end_of_record
TN:
SF:src\app\api\oauth2\callback\route.ts
FN:5,GET
FNF:1
FNH:0
FNDA:0,GET
DA:1,0
DA:2,0
DA:3,0
DA:5,0
DA:6,0
DA:7,0
DA:9,0
DA:10,0
DA:13,0
DA:14,0
DA:15,0
DA:18,0
DA:19,0
DA:22,0
DA:24,0
DA:25,0
DA:32,0
DA:34,0
DA:35,0
LF:19
LH:0
BRDA:9,0,0,0
BRDA:14,1,0,0
BRDA:25,2,0,0
BRDA:25,2,1,0
BRF:4
BRH:0
end_of_record
TN:
SF:src\app\api\profiles\route.ts
FN:5,GET
FN:45,(anonymous_2)
FN:61,(anonymous_3)
FN:70,(anonymous_4)
FN:83,(anonymous_5)
FNF:5
FNH:0
FNDA:0,GET
FNDA:0,(anonymous_2)
FNDA:0,(anonymous_3)
FNDA:0,(anonymous_4)
FNDA:0,(anonymous_5)
DA:1,0
DA:2,0
DA:3,0
DA:5,0
DA:6,0
DA:7,0
DA:8,0
DA:9,0
DA:10,0
DA:13,0
DA:14,0
DA:16,0
DA:19,0
DA:24,0
DA:25,0
DA:32,0
DA:36,0
DA:37,0
DA:42,0
DA:43,0
DA:45,0
DA:47,0
DA:51,0
DA:52,0
DA:57,0
DA:58,0
DA:60,0
DA:65,0
DA:66,0
DA:70,0
DA:72,0
DA:76,0
DA:77,0
DA:83,0
DA:87,0
DA:90,0
DA:91,0
LF:37
LH:0
BRDA:9,0,0,0
BRDA:9,0,1,0
BRDA:13,1,0,0
BRDA:24,2,0,0
BRDA:36,3,0,0
BRDA:42,4,0,0
BRDA:42,5,0,0
BRDA:42,5,1,0
BRDA:51,6,0,0
BRDA:57,7,0,0
BRDA:57,8,0,0
BRDA:57,8,1,0
BRDA:76,9,0,0
BRDA:85,10,0,0
BRDA:85,10,1,0
BRDA:90,11,0,0
BRDA:90,11,1,0
BRF:17
BRH:0
end_of_record
TN:
SF:src\app\api\sentry-example-api\route.ts
FN:4,GET
FNF:1
FNH:0
FNDA:0,GET
DA:1,0
DA:4,0
DA:5,0
LF:3
LH:0
BRF:0
BRH:0
end_of_record
TN:
SF:src\app\api\song\[id]\route.ts
FN:4,GET
FNF:1
FNH:0
FNDA:0,GET
DA:1,0
DA:2,0
DA:4,0
DA:8,0
DA:12,0
DA:13,0
DA:19,0
DA:20,0
DA:23,0
LF:9
LH:0
BRDA:19,0,0,0
BRDA:19,1,0,0
BRDA:19,1,1,0
BRF:3
BRH:0
end_of_record
TN:
SF:src\app\api\song\admin-favorites\route.ts
FN:5,GET
FN:40,(anonymous_2)
FNF:2
FNH:0
FNDA:0,GET
FNDA:0,(anonymous_2)
DA:1,0
DA:2,0
DA:5,0
DA:6,0
DA:7,0
DA:8,0
DA:9,0
DA:11,0
DA:12,0
DA:17,0
DA:18,0
DA:23,0
DA:24,0
DA:29,0
DA:34,0
DA:35,0
DA:40,0
DA:41,0
LF:18
LH:0
BRDA:8,0,0,0
BRDA:17,1,0,0
BRDA:23,2,0,0
BRDA:34,3,0,0
BRDA:40,4,0,0
BRDA:40,4,1,0
BRF:6
BRH:0
end_of_record
TN:
SF:src\app\api\song\admin-songs\route.ts
FN:5,GET
FN:43,(anonymous_2)
FNF:2
FNH:0
FNDA:0,GET
FNDA:0,(anonymous_2)
DA:1,0
DA:2,0
DA:5,0
DA:6,0
DA:7,0
DA:8,0
DA:9,0
DA:10,0
DA:15,0
DA:16,0
DA:21,0
DA:22,0
DA:27,0
DA:28,0
DA:33,0
DA:37,0
DA:38,0
DA:43,0
DA:44,0
LF:19
LH:0
BRDA:9,0,0,0
BRDA:9,1,0,0
BRDA:9,1,1,0
BRDA:21,2,0,0
BRDA:27,3,0,0
BRDA:37,4,0,0
BRDA:43,5,0,0
BRDA:43,5,1,0
BRF:8
BRH:0
end_of_record
TN:
SF:src\app\api\song\create\route.ts
FN:5,POST
FN:85,(anonymous_2)
FNF:2
FNH:0
FNDA:0,POST
FNDA:0,(anonymous_2)
DA:1,0
DA:2,0
DA:3,0
DA:5,0
DA:6,0
DA:7,0
DA:11,0
DA:12,0
DA:13,0
DA:14,0
DA:19,0
DA:22,0
DA:35,0
DA:36,0
DA:42,0
DA:43,0
DA:49,0
DA:55,0
DA:56,0
DA:57,0
DA:59,0
DA:64,0
DA:71,0
DA:73,0
DA:74,0
DA:76,0
DA:77,0
DA:78,0
DA:79,0
DA:80,0
DA:82,0
DA:83,0
DA:85,0
DA:86,0
DA:87,0
DA:92,0
LF:36
LH:0
BRDA:12,0,0,0
BRDA:42,1,0,0
BRDA:55,2,0,0
BRDA:57,3,0,0
BRDA:76,4,0,0
BRDA:76,4,1,0
BRDA:78,5,0,0
BRDA:78,6,0,0
BRDA:78,6,1,0
BRDA:78,6,2,0
BRDA:80,7,0,0
BRDA:80,7,1,0
BRDA:82,8,0,0
BRDA:83,9,0,0
BRDA:83,9,1,0
BRDA:85,10,0,0
BRDA:85,10,1,0
BRDA:86,11,0,0
BRF:18
BRH:0
end_of_record
TN:
SF:src\app\api\song\update\route.ts
FN:4,PUT
FNF:1
FNH:0
FNDA:0,PUT
DA:1,0
DA:2,0
DA:4,0
DA:5,0
DA:6,0
DA:9,0
DA:17,0
DA:18,0
DA:19,0
DA:28,0
DA:39,0
DA:45,0
DA:46,0
DA:47,0
DA:51,0
DA:52,0
DA:53,0
DA:56,0
DA:62,0
LF:19
LH:0
BRDA:17,0,0,0
BRDA:45,1,0,0
BRDA:51,2,0,0
BRDA:51,3,0,0
BRDA:51,3,1,0
BRF:5
BRH:0
end_of_record
TN:
SF:src\app\api\song\user-songs\route.ts
FN:4,GET
FN:25,(anonymous_2)
FN:42,(anonymous_3)
FN:51,(anonymous_4)
FN:69,(anonymous_5)
FNF:5
FNH:0
FNDA:0,GET
FNDA:0,(anonymous_2)
FNDA:0,(anonymous_3)
FNDA:0,(anonymous_4)
FNDA:0,(anonymous_5)
DA:1,0
DA:2,0
DA:4,0
DA:5,0
DA:6,0
DA:8,0
DA:10,0
DA:12,0
DA:16,0
DA:17,0
DA:22,0
DA:23,0
DA:25,0
DA:28,0
DA:32,0
DA:33,0
DA:38,0
DA:39,0
DA:41,0
DA:46,0
DA:47,0
DA:51,0
DA:58,0
DA:62,0
DA:63,0
DA:69,0
DA:73,0
DA:79,0
DA:80,0
DA:81,0
DA:86,0
LF:31
LH:0
BRDA:10,0,0,0
BRDA:10,0,1,0
BRDA:16,1,0,0
BRDA:22,2,0,0
BRDA:22,3,0,0
BRDA:22,3,1,0
BRDA:32,4,0,0
BRDA:38,5,0,0
BRDA:38,6,0,0
BRDA:38,6,1,0
BRDA:62,7,0,0
BRDA:71,8,0,0
BRDA:71,8,1,0
BRDA:80,9,0,0
BRF:14
BRH:0
end_of_record
TN:
SF:src\app\api\song\user-test-song\route.ts
FN:4,GET
FN:32,(anonymous_2)
FN:50,(anonymous_3)
FN:72,(anonymous_4)
FNF:4
FNH:0
FNDA:0,GET
FNDA:0,(anonymous_2)
FNDA:0,(anonymous_3)
FNDA:0,(anonymous_4)
DA:1,0
DA:2,0
DA:4,0
DA:5,0
DA:6,0
DA:10,0
DA:11,0
DA:17,0
DA:20,0
DA:24,0
DA:25,0
DA:32,0
DA:33,0
DA:34,0
DA:38,0
DA:42,0
DA:43,0
DA:48,0
DA:49,0
DA:51,0
DA:52,0
DA:55,0
DA:56,0
DA:60,0
DA:64,0
DA:65,0
DA:72,0
DA:73,0
DA:74,0
DA:79,0
DA:82,0
LF:31
LH:0
BRDA:10,0,0,0
BRDA:24,1,0,0
BRDA:33,2,0,0
BRDA:33,3,0,0
BRDA:33,3,1,0
BRDA:42,4,0,0
BRDA:55,5,0,0
BRDA:55,6,0,0
BRDA:55,6,1,0
BRDA:64,7,0,0
BRDA:73,8,0,0
BRDA:73,9,0,0
BRDA:73,9,1,0
BRDA:73,9,2,0
BRDA:76,10,0,0
BRDA:76,10,1,0
BRF:16
BRH:0
end_of_record
TN:
SF:src\app\api\user\route.ts
FN:5,GET
FNF:1
FNH:0
FNDA:0,GET
DA:1,0
DA:3,0
DA:5,0
DA:6,0
DA:7,0
DA:9,0
DA:10,0
DA:11,0
DA:17,0
DA:18,0
DA:28,0
DA:33,0
DA:34,0
DA:40,0
DA:45,0
LF:15
LH:0
BRDA:10,0,0,0
BRDA:17,1,0,0
BRDA:33,2,0,0
BRF:3
BRH:0
end_of_record
TN:
SF:src\app\auth\callback\route.ts
FN:5,GET
FNF:1
FNH:0
FNDA:0,GET
DA:1,0
DA:3,0
DA:5,0
DA:6,0
DA:7,0
DA:9,0
DA:11,0
DA:13,0
DA:16,0
DA:17,0
DA:19,0
DA:21,0
DA:24,0
DA:25,0
DA:26,0
DA:28,0
DA:29,0
DA:30,0
DA:32,0
LF:19
LH:0
BRDA:9,0,0,0
BRDA:9,0,1,0
BRDA:11,1,0,0
BRDA:19,2,0,0
BRDA:26,3,0,0
BRDA:26,3,1,0
BRDA:29,4,0,0
BRDA:29,4,1,0
BRF:8
BRH:0
end_of_record
TN:
SF:src\app\auth\confirm\route.ts
FN:7,GET
FNF:1
FNH:0
FNDA:0,GET
DA:2,0
DA:4,0
DA:7,0
DA:8,0
DA:9,0
DA:10,0
DA:11,0
DA:14,0
DA:15,0
DA:16,0
DA:17,0
DA:19,0
DA:20,0
DA:22,0
DA:26,0
DA:27,0
DA:28,0
DA:33,0
DA:34,0
LF:19
LH:0
BRDA:19,0,0,0
BRDA:19,1,0,0
BRDA:19,1,1,0
BRDA:26,2,0,0
BRF:4
BRH:0
end_of_record
TN:
SF:src\app\auth\signin\actions.ts
FN:8,login
FN:30,signInWithGoogle
FN:60,logout
FNF:3
FNH:3
FNDA:3,login
FNDA:2,signInWithGoogle
FNDA:1,logout
DA:3,2
DA:4,2
DA:6,2
DA:8,3
DA:9,3
DA:13,3
DA:21,3
DA:22,2
DA:23,1
DA:26,1
DA:27,1
DA:30,2
DA:32,2
DA:36,2
DA:37,2
DA:38,2
DA:40,2
DA:47,2
DA:48,1
DA:49,1
DA:52,1
DA:54,1
DA:55,1
DA:56,1
DA:60,1
DA:61,1
DA:62,1
DA:63,1
LF:28
LH:28
BRDA:22,0,0,1
BRDA:23,1,0,1
BRDA:23,1,1,0
BRDA:32,2,0,0
BRDA:32,2,1,2
BRDA:47,3,0,1
BRDA:49,4,0,1
BRDA:49,4,1,0
BRDA:54,5,0,1
BRF:9
BRH:6
end_of_record
TN:
SF:src\app\auth\signin\page.tsx
FN:12,LoginPage
FN:20,handleSubmit
FN:36,handleGoogleSignIn
FN:80,(anonymous_8)
FN:132,(anonymous_9)
FN:132,(anonymous_10)
FN:150,(anonymous_11)
FN:150,(anonymous_12)
FNF:8
FNH:6
FNDA:28,LoginPage
FNDA:0,handleSubmit
FNDA:3,handleGoogleSignIn
FNDA:0,(anonymous_8)
FNDA:4,(anonymous_9)
FNDA:4,(anonymous_10)
FNDA:2,(anonymous_11)
FNDA:2,(anonymous_12)
DA:3,2
DA:4,2
DA:5,2
DA:6,2
DA:7,2
DA:8,2
DA:9,2
DA:10,2
DA:12,18
DA:13,28
DA:14,28
DA:15,28
DA:16,28
DA:17,28
DA:18,28
DA:21,0
DA:22,0
DA:23,0
DA:24,0
DA:27,0
DA:32,0
DA:37,3
DA:38,3
DA:39,3
DA:40,3
DA:42,1
DA:46,1
DA:81,0
DA:82,0
DA:83,0
DA:132,4
DA:150,2
LF:32
LH:23
BRDA:28,0,0,0
BRDA:28,0,1,0
BRDA:43,1,0,1
BRDA:43,1,1,0
BRDA:69,2,0,28
BRDA:122,3,0,2
BRDA:122,3,1,26
BRDA:131,4,0,2
BRDA:131,4,1,26
BRDA:136,5,0,2
BRDA:166,6,0,0
BRDA:166,6,1,28
BRDA:211,7,0,3
BRF:13
BRH:9
end_of_record
TN:
SF:src\app\auth\signout\route.ts
FN:5,POST
FNF:1
FNH:0
FNDA:0,POST
DA:1,0
DA:2,0
DA:3,0
DA:5,0
DA:6,0
DA:11,0
DA:13,0
DA:14,0
DA:17,0
DA:18,0
LF:10
LH:0
BRDA:13,0,0,0
BRF:1
BRH:0
end_of_record
TN:
SF:src\app\auth\signup\actions.ts
FN:6,signup
FNF:1
FNH:1
FNDA:3,signup
DA:3,2
DA:6,3
DA:7,3
DA:9,3
DA:19,3
DA:24,3
DA:25,1
DA:28,2
DA:30,2
DA:33,2
DA:47,2
DA:48,1
DA:50,1
DA:54,0
LF:14
LH:13
BRDA:24,0,0,1
BRDA:25,1,0,1
BRDA:25,1,1,0
BRDA:28,2,0,2
BRDA:47,3,0,1
BRDA:47,3,1,1
BRDA:48,4,0,1
BRDA:48,4,1,0
BRF:8
BRH:6
end_of_record
TN:
SF:src\app\auth\signup\page.tsx
FN:13,SignUpPage
FN:17,(anonymous_3)
FNF:2
FNH:2
FNDA:14,SignUpPage
FNDA:3,(anonymous_3)
DA:3,2
DA:4,2
DA:5,2
DA:7,2
DA:8,2
DA:9,2
DA:10,2
DA:11,2
DA:13,9
DA:14,14
DA:15,14
DA:17,14
DA:18,3
DA:19,3
DA:20,3
DA:22,3
DA:23,3
DA:24,3
DA:26,3
DA:27,1
DA:28,1
DA:29,1
DA:32,2
DA:33,2
DA:34,2
DA:35,1
DA:36,1
DA:37,1
DA:40,0
DA:41,0
DA:42,0
DA:45,1
LF:32
LH:29
BRDA:26,0,0,1
BRDA:34,1,0,1
BRDA:122,2,0,14
BRDA:129,3,0,2
BRDA:129,3,1,12
BRF:5
BRH:5
end_of_record
TN:
SF:src\app\dashboard\layout.tsx
FN:11,RootLayout
FNF:1
FNH:0
FNDA:0,RootLayout
DA:1,0
DA:2,0
DA:3,0
DA:4,0
DA:11,0
DA:12,0
DA:13,0
LF:7
LH:0
BRF:0
BRH:0
end_of_record
TN:
SF:src\app\dashboard\page.tsx
FN:8,Page
FNF:1
FNH:0
FNDA:0,Page
DA:1,0
DA:2,0
DA:3,0
DA:4,0
DA:5,0
DA:6,0
DA:7,0
DA:8,0
DA:9,0
DA:10,0
DA:14,0
DA:18,0
DA:19,0
DA:25,0
DA:29,0
DA:31,0
DA:35,0
DA:37,0
DA:38,0
LF:19
LH:0
BRDA:14,0,0,0
BRDA:18,1,0,0
BRDA:31,2,0,0
BRDA:32,3,0,0
BRDA:32,3,1,0
BRDA:37,4,0,0
BRF:6
BRH:0
end_of_record
TN:
SF:src\app\dashboard\assignments\page.tsx
FN:24,AssignmentsPage
FN:29,(anonymous_3)
FN:30,fetchTasks
FN:72,(anonymous_5)
FNF:4
FNH:0
FNDA:0,AssignmentsPage
FNDA:0,(anonymous_3)
FNDA:0,fetchTasks
FNDA:0,(anonymous_5)
DA:3,0
DA:11,0
DA:12,0
DA:24,0
DA:25,0
DA:26,0
DA:27,0
DA:29,0
DA:31,0
DA:32,0
DA:33,0
DA:34,0
DA:35,0
DA:36,0
DA:38,0
DA:40,0
DA:41,0
DA:43,0
DA:46,0
DA:73,0
LF:20
LH:0
BRDA:35,0,0,0
BRDA:38,1,0,0
BRDA:38,1,1,0
BRDA:41,2,0,0
BRDA:41,2,1,0
BRDA:58,3,0,0
BRDA:59,4,0,0
BRDA:76,5,0,0
BRDA:76,5,1,0
BRDA:78,6,0,0
BRDA:78,6,1,0
BRF:11
BRH:0
end_of_record
TN:
SF:src\app\dashboard\assignments\add\page.tsx
FN:6,AddTaskPage
FN:16,handleSubmit
FN:51,(anonymous_3)
FN:60,(anonymous_4)
FN:69,(anonymous_5)
FN:78,(anonymous_6)
FN:88,(anonymous_7)
FNF:7
FNH:0
FNDA:0,AddTaskPage
FNDA:0,handleSubmit
FNDA:0,(anonymous_3)
FNDA:0,(anonymous_4)
FNDA:0,(anonymous_5)
FNDA:0,(anonymous_6)
FNDA:0,(anonymous_7)
DA:3,0
DA:4,0
DA:6,0
DA:7,0
DA:8,0
DA:9,0
DA:10,0
DA:11,0
DA:12,0
DA:13,0
DA:14,0
DA:17,0
DA:18,0
DA:19,0
DA:20,0
DA:21,0
DA:32,0
DA:33,0
DA:34,0
DA:36,0
DA:38,0
DA:51,0
DA:60,0
DA:69,0
DA:78,0
DA:88,0
LF:26
LH:0
BRDA:33,0,0,0
BRDA:33,1,0,0
BRDA:33,1,1,0
BRDA:36,2,0,0
BRDA:36,2,1,0
BRDA:93,3,0,0
BRDA:99,4,0,0
BRDA:99,4,1,0
BRF:8
BRH:0
end_of_record
TN:
SF:src\app\dashboard\components\admin\Assignments.tsx
FN:3,(anonymous_1)
FN:8,(anonymous_2)
FNF:2
FNH:2
FNDA:3,(anonymous_1)
FNDA:15,(anonymous_2)
DA:1,1
DA:3,3
DA:9,15
LF:3
LH:3
BRDA:18,0,0,6
BRDA:18,0,1,9
BRDA:20,1,0,6
BRDA:20,1,1,3
BRF:4
BRH:4
end_of_record
TN:
SF:src\app\dashboard\components\admin\Calendar.tsx
FN:20,Calendar
FN:28,(anonymous_3)
FN:34,(anonymous_4)
FN:42,(anonymous_5)
FN:43,checkAuth
FN:80,(anonymous_7)
FN:111,(anonymous_8)
FN:148,(anonymous_9)
FNF:8
FNH:0
FNDA:0,Calendar
FNDA:0,(anonymous_3)
FNDA:0,(anonymous_4)
FNDA:0,(anonymous_5)
FNDA:0,checkAuth
FNDA:0,(anonymous_7)
FNDA:0,(anonymous_8)
FNDA:0,(anonymous_9)
DA:3,1
DA:4,1
DA:5,1
DA:20,0
DA:21,0
DA:22,0
DA:23,0
DA:24,0
DA:25,0
DA:28,0
DA:29,0
DA:30,0
DA:31,0
DA:32,0
DA:34,0
DA:35,0
DA:36,0
DA:40,0
DA:42,0
DA:44,0
DA:46,0
DA:49,0
DA:51,0
DA:52,0
DA:53,0
DA:54,0
DA:55,0
DA:56,0
DA:57,0
DA:60,0
DA:61,0
DA:62,0
DA:65,0
DA:66,0
DA:67,0
DA:69,0
DA:73,0
DA:76,0
DA:81,0
DA:88,0
DA:105,0
DA:111,0
DA:120,0
DA:149,0
DA:150,0
DA:151,0
DA:152,0
DA:154,0
LF:48
LH:3
BRDA:36,0,0,0
BRDA:36,0,1,0
BRDA:49,1,0,0
BRDA:49,1,1,0
BRDA:53,2,0,0
BRDA:53,2,1,0
BRDA:56,3,0,0
BRDA:56,3,1,0
BRDA:62,4,0,0
BRDA:62,4,1,0
BRDA:66,5,0,0
BRDA:66,5,1,0
BRDA:76,6,0,0
BRDA:88,7,0,0
BRDA:93,8,0,0
BRDA:93,8,1,0
BRDA:105,9,0,0
BRDA:120,10,0,0
BRDA:166,11,0,0
BRDA:166,11,1,0
BRDA:168,12,0,0
BRDA:168,12,1,0
BRDA:172,13,0,0
BRDA:172,13,1,0
BRDA:204,14,0,0
BRDA:212,15,0,0
BRF:26
BRH:0
end_of_record
TN:
SF:src\app\dashboard\components\admin\Lessons.tsx
FN:18,Lessons
FN:23,(anonymous_2)
FN:24,fetchTodayLessons
FN:38,(anonymous_4)
FN:58,(anonymous_5)
FN:72,(anonymous_6)
FN:92,(anonymous_7)
FNF:7
FNH:4
FNDA:6,Lessons
FNDA:3,(anonymous_2)
FNDA:3,fetchTodayLessons
FNDA:0,(anonymous_4)
FNDA:27,(anonymous_5)
FNDA:0,(anonymous_6)
FNDA:0,(anonymous_7)
DA:3,1
DA:4,1
DA:18,3
DA:19,6
DA:20,6
DA:21,6
DA:23,6
DA:25,3
DA:26,3
DA:27,0
DA:28,0
DA:30,0
DA:33,0
DA:34,0
DA:35,0
DA:36,0
DA:38,0
DA:39,0
DA:40,0
DA:43,0
DA:45,3
DA:47,3
DA:51,3
DA:54,6
DA:59,27
DA:66,3
DA:72,0
DA:81,0
DA:93,0
DA:94,0
DA:96,0
LF:31
LH:15
BRDA:27,0,0,0
BRDA:40,1,0,0
BRDA:40,1,1,0
BRDA:45,2,0,3
BRDA:45,2,1,0
BRDA:54,3,0,3
BRDA:66,4,0,3
BRDA:81,5,0,0
BRDA:125,6,0,0
BRF:9
BRH:3
end_of_record
TN:
SF:src\app\dashboard\components\admin\Stats.tsx
FN:3,(anonymous_1)
FN:6,(anonymous_2)
FNF:2
FNH:2
FNDA:3,(anonymous_1)
FNDA:12,(anonymous_2)
DA:1,1
DA:3,3
DA:7,12
LF:3
LH:3
BRF:0
BRH:0
end_of_record
TN:
SF:src\app\dashboard\components\admin\Students.tsx
FN:4,(anonymous_2)
FN:9,(anonymous_3)
FNF:2
FNH:0
FNDA:0,(anonymous_2)
FNDA:0,(anonymous_3)
DA:1,0
DA:2,0
DA:4,0
DA:10,0
LF:4
LH:0
BRF:0
BRH:0
end_of_record
TN:
SF:src\app\dashboard\components\admin\TaskManagement.tsx
FN:392,(anonymous_4)
FN:407,(anonymous_5)
FN:422,(anonymous_6)
FN:447,(anonymous_7)
FN:453,(anonymous_8)
FN:457,(anonymous_9)
FN:469,(anonymous_10)
FN:470,(anonymous_11)
FN:471,(anonymous_12)
FN:472,(anonymous_13)
FN:549,(anonymous_14)
FN:557,(anonymous_15)
FN:560,(anonymous_16)
FN:569,(anonymous_17)
FN:572,(anonymous_18)
FN:581,(anonymous_19)
FN:584,(anonymous_20)
FN:611,(anonymous_21)
FNF:18
FNH:0
FNDA:0,(anonymous_4)
FNDA:0,(anonymous_5)
FNDA:0,(anonymous_6)
FNDA:0,(anonymous_7)
FNDA:0,(anonymous_8)
FNDA:0,(anonymous_9)
FNDA:0,(anonymous_10)
FNDA:0,(anonymous_11)
FNDA:0,(anonymous_12)
FNDA:0,(anonymous_13)
FNDA:0,(anonymous_14)
FNDA:0,(anonymous_15)
FNDA:0,(anonymous_16)
FNDA:0,(anonymous_17)
FNDA:0,(anonymous_18)
FNDA:0,(anonymous_19)
FNDA:0,(anonymous_20)
FNDA:0,(anonymous_21)
DA:3,0
DA:11,0
DA:12,0
DA:13,0
DA:30,0
DA:44,0
DA:392,0
DA:393,0
DA:407,0
DA:408,0
DA:422,0
DA:423,0
DA:447,0
DA:448,0
DA:449,0
DA:450,0
DA:451,0
DA:453,0
DA:454,0
DA:455,0
DA:457,0
DA:458,0
DA:459,0
DA:460,0
DA:461,0
DA:464,0
DA:467,0
DA:469,0
DA:470,0
DA:471,0
DA:472,0
DA:549,0
DA:557,0
DA:561,0
DA:569,0
DA:573,0
DA:581,0
DA:585,0
DA:612,0
LF:39
LH:0
BRDA:458,0,0,0
BRDA:458,0,1,0
BRDA:459,1,0,0
BRDA:459,1,1,0
BRDA:460,2,0,0
BRDA:460,2,1,0
BRDA:461,3,0,0
BRDA:461,3,1,0
BRDA:461,3,2,0
BRDA:464,4,0,0
BRDA:464,4,1,0
BRDA:464,4,2,0
BRDA:464,4,3,0
BRDA:636,5,0,0
BRDA:636,5,1,0
BRF:15
BRH:0
end_of_record
TN:
SF:src\app\dashboard\components\admin\data.ts
FNF:0
FNH:0
DA:1,3
DA:23,1
DA:59,1
DA:97,3
DA:130,3
LF:5
LH:5
BRF:0
BRH:0
end_of_record
TN:
SF:src\app\dashboard\components\cards\LastLesson.tsx
FN:4,(anonymous_2)
FNF:1
FNH:0
FNDA:0,(anonymous_2)
DA:1,0
DA:2,0
DA:4,0
DA:8,0
LF:4
LH:0
BRF:0
BRH:0
end_of_record
TN:
SF:src\app\dashboard\components\cards\ShortSongTable.tsx
FN:23,ShortSongTable
FN:50,(anonymous_3)
FNF:2
FNH:2
FNDA:4,ShortSongTable
FNDA:8,(anonymous_3)
DA:9,1
DA:16,1
DA:17,1
DA:23,4
DA:25,4
DA:51,8
LF:6
LH:6
BRF:0
BRH:0
end_of_record
TN:
SF:src\app\dashboard\components\dashboard\DASHBOARD_LIST.tsx
FNF:0
FNH:0
DA:9,1
DA:200,6
LF:2
LH:2
BRF:0
BRH:0
end_of_record
TN:
SF:src\app\dashboard\components\dashboard\Dashboard.tsx
FN:20,(anonymous_2)
FN:32,(anonymous_3)
FN:33,(anonymous_4)
FN:44,(anonymous_5)
FN:50,(anonymous_6)
FN:59,(anonymous_7)
FN:72,(anonymous_8)
FN:80,(anonymous_9)
FN:106,(anonymous_10)
FNF:9
FNH:6
FNDA:6,(anonymous_2)
FNDA:4,(anonymous_3)
FNDA:4,(anonymous_4)
FNDA:4,(anonymous_5)
FNDA:48,(anonymous_6)
FNDA:0,(anonymous_7)
FNDA:0,(anonymous_8)
FNDA:39,(anonymous_9)
FNDA:0,(anonymous_10)
DA:3,1
DA:4,1
DA:5,1
DA:6,1
DA:7,1
DA:20,1
DA:27,6
DA:28,6
DA:29,6
DA:32,6
DA:33,4
DA:34,4
DA:35,4
DA:36,0
DA:38,4
DA:42,4
DA:43,4
DA:44,4
DA:49,6
DA:50,48
DA:59,0
DA:72,0
DA:82,39
DA:86,39
DA:106,0
DA:124,6
LF:26
LH:22
BRDA:22,0,0,0
BRDA:35,1,0,0
BRDA:35,1,1,4
BRDA:50,2,0,48
BRDA:50,2,1,18
BRDA:56,3,0,6
BRDA:56,3,1,0
BRDA:66,4,0,6
BRDA:66,4,1,0
BRDA:82,5,0,6
BRDA:82,5,1,33
BRDA:84,6,0,33
BRDA:84,6,1,33
BRDA:91,7,0,6
BRDA:91,7,1,33
BRDA:115,8,0,6
BRDA:115,8,1,0
BRF:17
BRH:12
end_of_record
TN:
SF:src\app\dashboard\components\dashboard\SongsClientComponent.tsx
FN:17,SongsClientComponent
FN:26,(anonymous_2)
FN:30,(anonymous_3)
FNF:3
FNH:0
FNDA:0,SongsClientComponent
FNDA:0,(anonymous_2)
FNDA:0,(anonymous_3)
DA:3,0
DA:4,0
DA:5,0
DA:7,0
DA:8,0
DA:9,0
DA:10,0
DA:17,0
DA:21,0
DA:22,0
DA:23,0
DA:25,0
DA:27,0
DA:31,0
DA:34,0
LF:15
LH:0
BRDA:23,0,0,0
BRDA:23,0,1,0
BRDA:23,1,0,0
BRDA:23,1,1,0
BRDA:45,2,0,0
BRDA:63,3,0,0
BRDA:80,4,0,0
BRF:7
BRH:0
end_of_record
TN:
SF:src\app\dashboard\components\dashboard\UserSelectDropdown.tsx
FN:15,(anonymous_2)
FN:23,(anonymous_3)
FN:26,(anonymous_4)
FNF:3
FNH:0
FNDA:0,(anonymous_2)
FNDA:0,(anonymous_3)
FNDA:0,(anonymous_4)
DA:1,0
DA:15,0
DA:23,0
DA:27,0
DA:35,0
LF:5
LH:0
BRDA:28,0,0,0
BRDA:28,0,1,0
BRDA:28,0,2,0
BRF:3
BRH:0
end_of_record
TN:
SF:src\app\dashboard\components\dashboard\UserSelectWrapper.tsx
FN:11,UserSelectWrapper
FN:21,(anonymous_3)
FNF:2
FNH:0
FNDA:0,UserSelectWrapper
FNDA:0,(anonymous_3)
DA:2,0
DA:3,0
DA:11,0
DA:18,0
DA:19,0
DA:21,0
DA:22,0
DA:23,0
DA:24,0
LF:9
LH:0
BRF:0
BRH:0
end_of_record
TN:
SF:src\app\dashboard\components\main\adminPage.tsx
FN:14,(anonymous_4)
FN:23,(anonymous_5)
FN:58,(anonymous_6)
FN:66,(anonymous_7)
FNF:4
FNH:3
FNDA:3,(anonymous_4)
FNDA:3,(anonymous_5)
FNDA:9,(anonymous_6)
FNDA:0,(anonymous_7)
DA:3,1
DA:4,1
DA:5,1
DA:6,1
DA:7,1
DA:8,1
DA:14,1
DA:15,3
DA:16,3
DA:23,3
DA:24,3
DA:26,3
DA:28,0
DA:30,0
DA:32,0
DA:59,9
DA:66,0
DA:86,3
LF:18
LH:14
BRDA:24,0,0,3
BRDA:24,0,1,0
BRDA:24,0,2,0
BRDA:24,0,3,0
BRDA:62,1,0,3
BRDA:62,1,1,6
BRF:6
BRH:3
end_of_record
TN:
SF:src\app\dashboard\components\main\userPage.tsx
FN:10,(anonymous_4)
FN:52,(anonymous_5)
FN:60,(anonymous_6)
FNF:3
FNH:2
FNDA:4,(anonymous_4)
FNDA:12,(anonymous_5)
FNDA:0,(anonymous_6)
DA:3,1
DA:4,1
DA:10,1
DA:11,4
DA:12,4
DA:19,4
DA:53,12
DA:60,0
DA:104,4
LF:9
LH:8
BRDA:56,0,0,4
BRDA:56,0,1,8
BRDA:68,1,0,4
BRDA:76,2,0,4
BRDA:84,3,0,4
BRF:5
BRH:5
end_of_record
TN:
SF:src\app\dashboard\components\pagination\PaginationComponent.tsx
FN:16,PaginationComponent
FN:26,(anonymous_2)
FN:32,(anonymous_3)
FN:32,(anonymous_4)
FN:35,(anonymous_5)
FN:45,(anonymous_6)
FNF:6
FNH:0
FNDA:0,PaginationComponent
FNDA:0,(anonymous_2)
FNDA:0,(anonymous_3)
FNDA:0,(anonymous_4)
FNDA:0,(anonymous_5)
FNDA:0,(anonymous_6)
DA:8,0
DA:16,0
DA:26,0
DA:32,0
DA:33,0
DA:35,0
DA:45,0
LF:7
LH:0
BRDA:28,0,0,0
BRDA:28,0,1,0
BRDA:47,1,0,0
BRDA:47,1,1,0
BRF:4
BRH:0
end_of_record
TN:
SF:src\app\dashboard\lessons\LessonsTable.tsx
FN:26,LessonsTable
FN:38,formatDate
FN:48,getEmail
FN:52,getStatusColor
FN:65,handleSort
FN:83,(anonymous_7)
FN:92,(anonymous_8)
FN:117,(anonymous_9)
FNF:8
FNH:0
FNDA:0,LessonsTable
FNDA:0,formatDate
FNDA:0,getEmail
FNDA:0,getStatusColor
FNDA:0,handleSort
FNDA:0,(anonymous_7)
FNDA:0,(anonymous_8)
FNDA:0,(anonymous_9)
DA:3,0
DA:4,0
DA:6,0
DA:7,0
DA:9,0
DA:10,0
DA:18,0
DA:19,0
DA:26,0
DA:27,0
DA:28,0
DA:29,0
DA:30,0
DA:31,0
DA:33,0
DA:39,0
DA:40,0
DA:49,0
DA:53,0
DA:55,0
DA:57,0
DA:59,0
DA:61,0
DA:66,0
DA:67,0
DA:68,0
DA:69,0
DA:70,0
DA:83,0
DA:92,0
DA:118,0
LF:31
LH:0
BRDA:53,0,0,0
BRDA:53,0,1,0
BRDA:53,0,2,0
BRDA:53,0,3,0
BRDA:66,1,0,0
BRDA:66,1,1,0
BRDA:67,2,0,0
BRDA:67,2,1,0
BRDA:126,3,0,0
BRDA:126,3,1,0
BRDA:131,4,0,0
BRDA:131,4,1,0
BRDA:136,5,0,0
BRDA:136,5,1,0
BRDA:148,6,0,0
BRDA:148,6,1,0
BRDA:159,7,0,0
BRDA:159,7,1,0
BRDA:169,8,0,0
BRDA:169,8,1,0
BRDA:175,9,0,0
BRDA:191,10,0,0
BRDA:191,10,1,0
BRDA:194,11,0,0
BRDA:194,11,1,0
BRDA:216,12,0,0
BRF:26
BRH:0
end_of_record
TN:
SF:src\app\dashboard\lessons\LessonsTableMobile.tsx
FN:25,LessonsTableMobile
FN:38,formatDate
FN:48,getEmail
FN:53,getStatusColor
FN:69,(anonymous_6)
FN:83,(anonymous_7)
FN:108,(anonymous_8)
FNF:7
FNH:0
FNDA:0,LessonsTableMobile
FNDA:0,formatDate
FNDA:0,getEmail
FNDA:0,getStatusColor
FNDA:0,(anonymous_6)
FNDA:0,(anonymous_7)
FNDA:0,(anonymous_8)
DA:3,0
DA:4,0
DA:7,0
DA:9,0
DA:10,0
DA:11,0
DA:12,0
DA:13,0
DA:25,0
DA:29,0
DA:30,0
DA:31,0
DA:33,0
DA:39,0
DA:40,0
DA:41,0
DA:49,0
DA:50,0
DA:54,0
DA:56,0
DA:58,0
DA:60,0
DA:62,0
DA:66,0
DA:70,0
DA:84,0
DA:97,0
DA:109,0
LF:28
LH:0
BRDA:27,0,0,0
BRDA:39,1,0,0
BRDA:49,2,0,0
BRDA:54,3,0,0
BRDA:54,3,1,0
BRDA:54,3,2,0
BRDA:54,3,3,0
BRDA:66,4,0,0
BRDA:97,5,0,0
BRDA:115,6,0,0
BRDA:115,6,1,0
BRDA:120,7,0,0
BRDA:120,7,1,0
BRDA:128,8,0,0
BRDA:128,8,1,0
BRDA:152,9,0,0
BRDA:152,9,1,0
BRDA:161,10,0,0
BRDA:161,10,1,0
BRDA:165,11,0,0
BRDA:180,12,0,0
BRDA:180,12,1,0
BRDA:183,13,0,0
BRDA:183,13,1,0
BRDA:192,14,0,0
BRF:25
BRH:0
end_of_record
TN:
SF:src\app\dashboard\lessons\NoLessons.tsx
FN:6,(anonymous_2)
FNF:1
FNH:0
FNDA:0,(anonymous_2)
DA:1,0
DA:2,0
DA:3,0
DA:4,0
DA:6,0
DA:29,0
LF:6
LH:0
BRDA:12,0,0,0
BRDA:12,0,1,0
BRDA:16,1,0,0
BRF:3
BRH:0
end_of_record
TN:
SF:src\app\dashboard\lessons\page.tsx
FN:19,Page
FN:59,(anonymous_3)
FN:61,(anonymous_4)
FN:63,(anonymous_5)
FN:97,(anonymous_6)
FNF:5
FNH:0
FNDA:0,Page
FNDA:0,(anonymous_3)
FNDA:0,(anonymous_4)
FNDA:0,(anonymous_5)
FNDA:0,(anonymous_6)
DA:3,0
DA:4,0
DA:5,0
DA:6,0
DA:8,0
DA:9,0
DA:10,0
DA:11,0
DA:12,0
DA:13,0
DA:14,0
DA:15,0
DA:19,0
DA:24,0
DA:25,0
DA:26,0
DA:28,0
DA:33,0
DA:34,0
DA:37,0
DA:38,0
DA:41,0
DA:42,0
DA:46,0
DA:59,0
DA:61,0
DA:63,0
DA:98,0
LF:28
LH:0
BRDA:24,0,0,0
BRDA:33,1,0,0
BRDA:37,2,0,0
BRDA:37,3,0,0
BRDA:37,3,1,0
BRDA:46,4,0,0
BRDA:46,5,0,0
BRDA:46,5,1,0
BRDA:52,6,0,0
BRDA:52,6,1,0
BRDA:71,7,0,0
BRDA:73,8,0,0
BRDA:73,8,1,0
BRDA:104,9,0,0
BRF:14
BRH:0
end_of_record
TN:
SF:src\app\dashboard\lessons\@components\LessonFilters.tsx
FN:17,LessonFilters
FN:21,(anonymous_2)
FN:27,(anonymous_3)
FNF:3
FNH:0
FNDA:0,LessonFilters
FNDA:0,(anonymous_2)
FNDA:0,(anonymous_3)
DA:3,0
DA:10,0
DA:17,0
DA:18,0
DA:19,0
DA:21,0
DA:22,0
DA:23,0
DA:24,0
DA:27,0
DA:28,0
DA:29,0
DA:30,0
DA:32,0
DA:34,0
LF:15
LH:0
BRDA:29,0,0,0
BRDA:29,0,1,0
BRDA:49,1,0,0
BRDA:49,1,1,0
BRF:4
BRH:0
end_of_record
TN:
SF:src\app\dashboard\lessons\[slug]\actions.ts
FN:3,deleteLesson
FNF:1
FNH:0
FNDA:0,deleteLesson
DA:1,0
DA:3,0
DA:4,0
DA:7,0
DA:9,0
DA:10,0
DA:13,0
DA:19,0
DA:20,0
DA:23,0
DA:24,0
DA:27,0
DA:28,0
DA:29,0
LF:14
LH:0
BRDA:9,0,0,0
BRDA:19,1,0,0
BRDA:19,2,0,0
BRDA:19,2,1,0
BRDA:23,3,0,0
BRDA:23,4,0,0
BRDA:23,4,1,0
BRDA:28,5,0,0
BRF:8
BRH:0
end_of_record
TN:
SF:src\app\dashboard\lessons\[slug]\page.tsx
FN:13,Page
FNF:1
FNH:0
FNDA:0,Page
DA:1,0
DA:2,0
DA:3,0
DA:4,0
DA:5,0
DA:6,0
DA:7,0
DA:8,0
DA:9,0
DA:13,0
DA:14,0
DA:15,0
DA:16,0
DA:21,0
DA:22,0
DA:26,0
DA:27,0
DA:30,0
DA:33,0
DA:39,0
LF:20
LH:0
BRDA:21,0,0,0
BRDA:26,1,0,0
BRDA:74,2,0,0
BRDA:74,2,1,0
BRDA:75,3,0,0
BRDA:75,3,1,0
BRF:6
BRH:0
end_of_record
TN:
SF:src\app\dashboard\lessons\[slug]\@components\DeleteButton.tsx
FN:12,DeleteButton
FN:16,(anonymous_2)
FNF:2
FNH:0
FNDA:0,DeleteButton
FNDA:0,(anonymous_2)
DA:3,0
DA:4,0
DA:5,0
DA:6,0
DA:12,0
DA:13,0
DA:14,0
DA:16,0
DA:17,0
DA:18,0
DA:19,0
DA:20,0
DA:22,0
DA:24,0
LF:14
LH:0
BRDA:30,0,0,0
BRDA:30,0,1,0
BRF:2
BRH:0
end_of_record
TN:
SF:src\app\dashboard\lessons\[slug]\@components\LessonError.tsx
FN:5,LessonError
FNF:1
FNH:0
FNDA:0,LessonError
DA:1,0
DA:2,0
DA:3,0
DA:5,0
LF:4
LH:0
BRF:0
BRH:0
end_of_record
TN:
SF:src\app\dashboard\lessons\[slug]\@components\LessonInformation.tsx
FN:33,LessonInformation
FN:40,(anonymous_3)
FNF:2
FNH:0
FNDA:0,LessonInformation
FNDA:0,(anonymous_3)
DA:9,0
DA:10,0
DA:11,0
DA:12,0
DA:13,0
DA:14,0
DA:15,0
DA:33,0
DA:40,0
DA:41,0
DA:42,0
DA:43,0
DA:48,0
DA:49,0
DA:51,0
LF:15
LH:0
BRDA:41,0,0,0
BRDA:48,1,0,0
BRDA:48,1,1,0
BRDA:63,2,0,0
BRDA:134,3,0,0
BRDA:134,3,1,0
BRF:6
BRH:0
end_of_record
TN:
SF:src\app\dashboard\lessons\[slug]\@components\NoLesson.tsx
FN:5,NoLesson
FNF:1
FNH:0
FNDA:0,NoLesson
DA:1,0
DA:2,0
DA:3,0
DA:5,0
LF:4
LH:0
BRF:0
BRH:0
end_of_record
TN:
SF:src\app\dashboard\lessons\[slug]\@components\SongInformation.tsx
FN:15,SongInformation
FN:31,(anonymous_3)
FN:63,(anonymous_4)
FN:100,(anonymous_5)
FNF:4
FNH:0
FNDA:0,SongInformation
FNDA:0,(anonymous_3)
FNDA:0,(anonymous_4)
FNDA:0,(anonymous_5)
DA:1,0
DA:8,0
DA:10,0
DA:11,0
DA:12,0
DA:13,0
DA:15,0
DA:20,0
DA:21,0
DA:26,0
DA:31,0
DA:34,0
DA:35,0
DA:62,0
DA:63,0
DA:66,0
DA:104,0
DA:105,0
LF:18
LH:0
BRDA:34,0,0,0
BRDA:34,1,0,0
BRDA:34,1,1,0
BRDA:35,2,0,0
BRDA:35,2,1,0
BRDA:91,3,0,0
BRDA:113,4,0,0
BRDA:113,4,1,0
BRDA:116,5,0,0
BRDA:116,5,1,0
BRF:10
BRH:0
end_of_record
TN:
SF:src\app\dashboard\lessons\[slug]\edit\LessonEditForm.tsx
FN:23,LessonEditClientForm
FNF:1
FNH:0
FNDA:0,LessonEditClientForm
DA:1,0
DA:2,0
DA:10,0
DA:11,0
DA:12,0
DA:13,0
DA:14,0
DA:15,0
DA:23,0
LF:9
LH:0
BRF:0
BRH:0
end_of_record
TN:
SF:src\app\dashboard\lessons\[slug]\edit\action.ts
FN:4,(anonymous_1)
FNF:1
FNH:0
FNDA:0,(anonymous_1)
DA:1,0
DA:2,0
DA:4,0
DA:6,0
DA:9,0
DA:11,0
DA:12,0
DA:15,0
DA:21,0
DA:22,0
DA:25,0
DA:26,0
DA:29,0
DA:30,0
DA:31,0
DA:32,0
DA:33,0
DA:35,0
DA:40,0
DA:41,0
DA:42,0
DA:45,0
LF:22
LH:0
BRDA:11,0,0,0
BRDA:21,1,0,0
BRDA:21,2,0,0
BRDA:21,2,1,0
BRDA:25,3,0,0
BRDA:25,4,0,0
BRDA:25,4,1,0
BRDA:40,5,0,0
BRF:8
BRH:0
end_of_record
TN:
SF:src\app\dashboard\lessons\[slug]\edit\page.tsx
FN:6,Page
FNF:1
FNH:0
FNDA:0,Page
DA:1,0
DA:2,0
DA:6,0
DA:7,0
DA:8,0
DA:11,0
DA:17,0
DA:18,0
DA:19,0
LF:9
LH:0
BRDA:17,0,0,0
BRF:1
BRH:0
end_of_record
TN:
SF:src\app\dashboard\lessons\[slug]\manage-songs\AddSongForm.tsx
FN:15,AddSongForm
FN:23,(anonymous_2)
FN:26,(anonymous_3)
FN:32,(anonymous_4)
FN:48,(anonymous_5)
FNF:5
FNH:0
FNDA:0,AddSongForm
FNDA:0,(anonymous_2)
FNDA:0,(anonymous_3)
FNDA:0,(anonymous_4)
FNDA:0,(anonymous_5)
DA:3,0
DA:4,0
DA:5,0
DA:7,0
DA:15,0
DA:20,0
DA:22,0
DA:23,0
DA:26,0
DA:27,0
DA:28,0
DA:29,0
DA:32,0
DA:33,0
DA:35,0
DA:36,0
DA:38,0
DA:49,0
DA:50,0
DA:51,0
LF:20
LH:0
BRDA:27,0,0,0
BRDA:35,1,0,0
BRDA:35,1,1,0
BRDA:49,2,0,0
BRF:4
BRH:0
end_of_record
TN:
SF:src\app\dashboard\lessons\[slug]\manage-songs\AssignedSongsList.tsx
FN:29,AssignedSongsList
FN:48,(anonymous_2)
FN:49,(anonymous_3)
FN:51,(anonymous_4)
FN:69,(anonymous_5)
FNF:5
FNH:0
FNDA:0,AssignedSongsList
FNDA:0,(anonymous_2)
FNDA:0,(anonymous_3)
FNDA:0,(anonymous_4)
FNDA:0,(anonymous_5)
DA:3,0
DA:5,0
DA:6,0
DA:7,0
DA:21,0
DA:29,0
DA:35,0
DA:48,0
DA:50,0
DA:51,0
DA:53,0
DA:70,0
DA:71,0
DA:72,0
DA:73,0
DA:75,0
LF:16
LH:0
BRDA:42,0,0,0
BRDA:61,1,0,0
BRDA:63,2,0,0
BRDA:63,2,1,0
BRF:4
BRH:0
end_of_record
TN:
SF:src\app\dashboard\lessons\[slug]\manage-songs\actions.ts
FN:6,addSongToLesson
FN:26,removeSongFromLesson
FNF:2
FNH:0
FNDA:0,addSongToLesson
FNDA:0,removeSongFromLesson
DA:3,0
DA:4,0
DA:6,0
DA:7,0
DA:8,0
DA:10,0
DA:12,0
DA:17,0
DA:18,0
DA:23,0
DA:26,0
DA:27,0
DA:28,0
DA:30,0
DA:31,0
DA:32,0
DA:35,0
DA:38,0
DA:44,0
DA:45,0
DA:53,0
DA:59,0
DA:60,0
DA:64,0
DA:71,0
LF:25
LH:0
BRDA:8,0,0,0
BRDA:17,1,0,0
BRDA:19,2,0,0
BRDA:19,2,1,0
BRDA:30,3,0,0
BRDA:44,4,0,0
BRDA:47,5,0,0
BRDA:47,5,1,0
BRDA:59,6,0,0
BRDA:59,6,1,0
BRDA:62,7,0,0
BRDA:62,7,1,0
BRDA:65,8,0,0
BRDA:65,8,1,0
BRF:14
BRH:0
end_of_record
TN:
SF:src\app\dashboard\lessons\[slug]\manage-songs\page.tsx
FN:9,Page
FN:21,(anonymous_3)
FNF:2
FNH:0
FNDA:0,Page
FNDA:0,(anonymous_3)
DA:1,0
DA:2,0
DA:3,0
DA:4,0
DA:5,0
DA:9,0
DA:10,0
DA:12,0
DA:14,0
DA:15,0
DA:21,0
LF:11
LH:0
BRDA:21,0,0,0
BRDA:21,0,1,0
BRDA:27,1,0,0
BRDA:27,1,1,0
BRDA:32,2,0,0
BRDA:32,2,1,0
BRDA:32,2,2,0
BRF:7
BRH:0
end_of_record
TN:
SF:src\app\dashboard\lessons\create\actions.ts
FN:7,createLesson
FNF:1
FNH:0
FNDA:0,createLesson
DA:3,0
DA:4,0
DA:5,0
DA:7,0
DA:8,0
DA:12,0
DA:14,0
DA:15,0
DA:18,0
DA:24,0
DA:25,0
DA:28,0
DA:29,0
DA:32,0
DA:33,0
DA:34,0
DA:35,0
DA:36,0
DA:37,0
DA:38,0
DA:40,0
DA:41,0
DA:44,0
DA:47,0
DA:52,0
DA:53,0
DA:56,0
DA:58,0
DA:70,0
DA:71,0
DA:72,0
DA:77,0
DA:78,0
DA:80,0
DA:81,0
LF:35
LH:0
BRDA:14,0,0,0
BRDA:24,1,0,0
BRDA:24,2,0,0
BRDA:24,2,1,0
BRDA:28,3,0,0
BRDA:28,4,0,0
BRDA:28,4,1,0
BRDA:40,5,0,0
BRDA:40,6,0,0
BRDA:40,6,1,0
BRDA:40,6,2,0
BRDA:40,6,3,0
BRDA:52,7,0,0
BRDA:65,8,0,0
BRDA:65,8,1,0
BRDA:66,9,0,0
BRDA:66,9,1,0
BRDA:67,10,0,0
BRDA:67,10,1,0
BRDA:70,11,0,0
BRDA:73,12,0,0
BRDA:73,12,1,0
BRF:22
BRH:0
end_of_record
TN:
SF:src\app\dashboard\lessons\create\page.tsx
FN:19,getCurrentDateTime
FN:32,Page
FN:42,(anonymous_4)
FN:84,(anonymous_5)
FN:103,(anonymous_6)
FNF:5
FNH:0
FNDA:0,getCurrentDateTime
FNDA:0,Page
FNDA:0,(anonymous_4)
FNDA:0,(anonymous_5)
FNDA:0,(anonymous_6)
DA:1,0
DA:2,0
DA:4,0
DA:5,0
DA:6,0
DA:7,0
DA:8,0
DA:9,0
DA:10,0
DA:17,0
DA:20,0
DA:21,0
DA:22,0
DA:23,0
DA:24,0
DA:26,0
DA:32,0
DA:33,0
DA:34,0
DA:36,0
DA:42,0
DA:43,0
DA:46,0
DA:51,0
DA:52,0
DA:85,0
DA:104,0
LF:27
LH:0
BRDA:43,0,0,0
BRDA:43,0,1,0
BRDA:43,1,0,0
BRDA:43,1,1,0
BRDA:51,2,0,0
BRDA:51,3,0,0
BRDA:51,3,1,0
BRF:7
BRH:0
end_of_record
TN:
SF:src\app\dashboard\lessons\utils\date-formatters.ts
FN:1,(anonymous_3)
FN:10,(anonymous_4)
FNF:2
FNH:0
FNDA:0,(anonymous_3)
FNDA:0,(anonymous_4)
DA:1,0
DA:2,0
DA:10,0
DA:11,0
LF:4
LH:0
BRF:0
BRH:0
end_of_record
TN:
SF:src\app\dashboard\lessons\utils\lesson-helpers.ts
FN:3,(anonymous_1)
FNF:1
FNH:0
FNDA:0,(anonymous_1)
DA:3,0
LF:1
LH:0
BRF:0
BRH:0
end_of_record
TN:
SF:src\app\dashboard\settings\page.tsx
FN:1,SettingsPage
FNF:1
FNH:0
FNDA:0,SettingsPage
DA:1,0
LF:1
LH:0
BRF:0
BRH:0
end_of_record
TN:
SF:src\app\dashboard\songs\page.tsx
FN:6,SongsPage
FNF:1
FNH:0
FNDA:0,SongsPage
DA:1,0
DA:2,0
DA:3,0
DA:4,0
DA:6,0
DA:7,0
DA:8,0
DA:10,0
DA:38,0
LF:9
LH:0
BRDA:10,0,0,0
BRF:1
BRH:0
end_of_record
TN:
SF:src\app\dashboard\songs\v1\page.tsx
FN:10,Page
FNF:1
FNH:0
FNDA:0,Page
DA:1,0
DA:2,0
DA:3,0
DA:4,0
DA:5,0
DA:6,0
DA:7,0
DA:8,0
DA:10,0
DA:11,0
DA:12,0
DA:13,0
DA:14,0
DA:16,0
DA:24,0
DA:31,0
DA:33,0
DA:38,0
DA:47,0
LF:19
LH:0
BRDA:17,0,0,0
BRDA:17,0,1,0
BRDA:24,1,0,0
BRDA:27,2,0,0
BRDA:27,2,1,0
BRDA:38,3,0,0
BRDA:42,4,0,0
BRDA:42,4,1,0
BRDA:54,5,0,0
BRDA:63,6,0,0
BRDA:63,6,1,0
BRF:11
BRH:0
end_of_record
TN:
SF:src\app\dashboard\songs\v1\@components\AdminControls.tsx
FN:5,AdminControls
FNF:1
FNH:0
FNDA:0,AdminControls
DA:1,0
DA:2,0
DA:5,0
LF:3
LH:0
BRF:0
BRH:0
end_of_record
TN:
SF:src\app\dashboard\songs\v1\@components\SongTable\SongTableActions.tsx
FN:23,(anonymous_2)
FNF:1
FNH:0
FNDA:0,(anonymous_2)
DA:1,0
DA:10,0
DA:11,0
DA:13,0
DA:23,0
DA:30,0
DA:100,0
LF:7
LH:0
BRDA:33,0,0,0
BRF:1
BRH:0
end_of_record
TN:
SF:src\app\dashboard\songs\v1\@components\SongTable\admin_table\TEACHER_TABLE_HEADERS.ts
FNF:0
FNH:0
DA:1,0
LF:1
LH:0
BRF:0
BRH:0
end_of_record
TN:
SF:src\app\dashboard\songs\v1\@components\SongTable\admin_table\TeacherSongTable.tsx
FN:20,TeacherSongTable
FN:33,(anonymous_3)
FN:53,(anonymous_4)
FN:54,(anonymous_5)
FN:61,(anonymous_6)
FN:76,(anonymous_7)
FN:90,(anonymous_8)
FN:109,(anonymous_9)
FN:114,(anonymous_10)
FN:115,(anonymous_11)
FN:116,(anonymous_12)
FNF:11
FNH:0
FNDA:0,TeacherSongTable
FNDA:0,(anonymous_3)
FNDA:0,(anonymous_4)
FNDA:0,(anonymous_5)
FNDA:0,(anonymous_6)
FNDA:0,(anonymous_7)
FNDA:0,(anonymous_8)
FNDA:0,(anonymous_9)
FNDA:0,(anonymous_10)
FNDA:0,(anonymous_11)
FNDA:0,(anonymous_12)
DA:3,0
DA:10,0
DA:12,0
DA:13,0
DA:15,0
DA:16,0
DA:17,0
DA:18,0
DA:20,0
DA:26,0
DA:27,0
DA:33,0
DA:34,0
DA:35,0
DA:36,0
DA:37,0
DA:39,0
DA:40,0
DA:53,0
DA:56,0
DA:57,0
DA:61,0
DA:71,0
DA:72,0
DA:76,0
DA:86,0
DA:90,0
DA:110,0
DA:114,0
DA:115,0
DA:116,0
LF:31
LH:0
BRDA:36,0,0,0
BRDA:56,1,0,0
BRDA:71,2,0,0
BRF:3
BRH:0
end_of_record
TN:
SF:src\app\dashboard\songs\v1\@components\SongTable\admin_table\TeacherSongTableMobile.tsx
FN:21,TeacherSongTableMobile
FN:29,(anonymous_3)
FN:47,(anonymous_4)
FN:70,(anonymous_5)
FN:106,(anonymous_6)
FN:118,(anonymous_7)
FNF:6
FNH:0
FNDA:0,TeacherSongTableMobile
FNDA:0,(anonymous_3)
FNDA:0,(anonymous_4)
FNDA:0,(anonymous_5)
FNDA:0,(anonymous_6)
FNDA:0,(anonymous_7)
DA:3,0
DA:4,0
DA:6,0
DA:7,0
DA:16,0
DA:17,0
DA:18,0
DA:19,0
DA:21,0
DA:26,0
DA:27,0
DA:29,0
DA:30,0
DA:31,0
DA:32,0
DA:33,0
DA:35,0
DA:36,0
DA:48,0
DA:71,0
DA:106,0
DA:118,0
LF:22
LH:0
BRDA:32,0,0,0
BRDA:32,0,1,0
BRF:2
BRH:0
end_of_record
TN:
SF:src\app\dashboard\songs\v1\@components\SongTable\admin_table\TeacherSongTableRow.tsx
FN:15,(anonymous_2)
FNF:1
FNH:0
FNDA:0,(anonymous_2)
DA:1,0
DA:3,0
DA:4,0
DA:15,0
DA:23,0
DA:103,0
LF:6
LH:0
BRDA:21,0,0,0
BRDA:30,1,0,0
BRDA:33,2,0,0
BRDA:33,2,1,0
BRDA:36,3,0,0
BRDA:36,3,1,0
BRDA:79,4,0,0
BRDA:79,4,1,0
BRDA:88,5,0,0
BRDA:88,5,1,0
BRF:10
BRH:0
end_of_record
TN:
SF:src\app\dashboard\songs\v1\@components\SongTable\student_table\STUDENT_TABLE_HEADERS.ts
FNF:0
FNH:0
DA:1,0
LF:1
LH:0
BRF:0
BRH:0
end_of_record
TN:
SF:src\app\dashboard\songs\v1\@components\SongTable\student_table\StudentSongTable.tsx
FN:18,StudentSongTable
FN:41,(anonymous_3)
FN:42,(anonymous_4)
FN:46,(anonymous_5)
FN:63,(anonymous_6)
FN:68,(anonymous_7)
FN:69,(anonymous_8)
FN:70,(anonymous_9)
FNF:8
FNH:0
FNDA:0,StudentSongTable
FNDA:0,(anonymous_3)
FNDA:0,(anonymous_4)
FNDA:0,(anonymous_5)
FNDA:0,(anonymous_6)
FNDA:0,(anonymous_7)
FNDA:0,(anonymous_8)
FNDA:0,(anonymous_9)
DA:3,0
DA:10,0
DA:12,0
DA:13,0
DA:15,0
DA:16,0
DA:18,0
DA:23,0
DA:24,0
DA:41,0
DA:43,0
DA:46,0
DA:64,0
DA:69,0
LF:14
LH:0
BRDA:45,0,0,0
BRDA:45,0,1,0
BRF:2
BRH:0
end_of_record
TN:
SF:src\app\dashboard\songs\v1\@components\SongTable\student_table\StudentSongTableMobile.tsx
FN:8,StudentSongTableMobile
FN:23,(anonymous_3)
FN:43,(anonymous_4)
FNF:3
FNH:0
FNDA:0,StudentSongTableMobile
FNDA:0,(anonymous_3)
FNDA:0,(anonymous_4)
DA:3,0
DA:5,0
DA:6,0
DA:8,0
DA:13,0
DA:14,0
DA:24,0
DA:43,0
LF:8
LH:0
BRDA:49,0,0,0
BRF:1
BRH:0
end_of_record
TN:
SF:src\app\dashboard\songs\v1\@components\SongTable\student_table\StudentSongTableRow.tsx
FN:15,(anonymous_2)
FNF:1
FNH:0
FNDA:0,(anonymous_2)
DA:1,0
DA:3,0
DA:4,0
DA:15,0
DA:23,0
DA:103,0
LF:6
LH:0
BRDA:21,0,0,0
BRDA:30,1,0,0
BRDA:33,2,0,0
BRDA:33,2,1,0
BRDA:36,3,0,0
BRDA:36,3,1,0
BRDA:79,4,0,0
BRDA:79,4,1,0
BRDA:88,5,0,0
BRDA:88,5,1,0
BRF:10
BRH:0
end_of_record
TN:
SF:src\app\dashboard\songs\v1\@components\hooks\useSongTable.ts
FN:5,useSongTable
FN:22,(anonymous_2)
FN:23,(anonymous_3)
FN:30,(anonymous_4)
FN:31,(anonymous_5)
FN:45,(anonymous_6)
FN:62,(anonymous_7)
FNF:7
FNH:0
FNDA:0,useSongTable
FNDA:0,(anonymous_2)
FNDA:0,(anonymous_3)
FNDA:0,(anonymous_4)
FNDA:0,(anonymous_5)
FNDA:0,(anonymous_6)
FNDA:0,(anonymous_7)
DA:1,0
DA:5,0
DA:10,0
DA:17,0
DA:22,0
DA:23,0
DA:30,0
DA:31,0
DA:32,0
DA:44,0
DA:45,0
DA:46,0
DA:47,0
DA:49,0
DA:50,0
DA:51,0
DA:55,0
DA:58,0
DA:59,0
DA:60,0
DA:62,0
DA:63,0
DA:64,0
DA:66,0
DA:69,0
LF:25
LH:0
BRDA:26,0,0,0
BRDA:26,0,1,0
BRDA:26,1,0,0
BRDA:26,1,1,0
BRDA:33,2,0,0
BRDA:33,2,1,0
BRDA:33,2,2,0
BRDA:33,2,3,0
BRDA:33,3,0,0
BRDA:33,3,1,0
BRDA:36,4,0,0
BRDA:36,4,1,0
BRDA:39,5,0,0
BRDA:39,5,1,0
BRDA:40,6,0,0
BRDA:40,6,1,0
BRDA:44,7,0,0
BRDA:46,8,0,0
BRDA:46,8,1,0
BRDA:47,9,0,0
BRDA:47,9,1,0
BRDA:49,10,0,0
BRDA:49,11,0,0
BRDA:49,11,1,0
BRDA:50,12,0,0
BRDA:50,13,0,0
BRDA:50,13,1,0
BRDA:63,14,0,0
BRDA:64,15,0,0
BRDA:64,15,1,0
BRF:30
BRH:0
end_of_record
TN:
SF:src\app\dashboard\songs\v1\[song]\page.tsx
FN:9,Page
FNF:1
FNH:0
FNDA:0,Page
DA:1,0
DA:2,0
DA:3,0
DA:4,0
DA:5,0
DA:6,0
DA:7,0
DA:9,0
DA:14,0
DA:15,0
DA:17,0
DA:18,0
DA:20,0
DA:21,0
DA:25,0
DA:26,0
DA:28,0
DA:31,0
DA:34,0
DA:38,0
DA:39,0
LF:21
LH:0
BRDA:25,0,0,0
BRDA:25,0,1,0
BRDA:31,1,0,0
BRDA:31,1,1,0
BRDA:34,2,0,0
BRDA:38,3,0,0
BRF:6
BRH:0
end_of_record
TN:
SF:src\app\dashboard\songs\v1\[song]\@components\SongDetail.tsx
FN:17,SongDetails
FN:18,(anonymous_2)
FN:31,handleUpdate
FNF:3
FNH:0
FNDA:0,SongDetails
FNDA:0,(anonymous_2)
FNDA:0,handleUpdate
DA:3,0
DA:4,0
DA:5,0
DA:6,0
DA:8,0
DA:9,0
DA:10,0
DA:11,0
DA:17,0
DA:18,0
DA:19,0
DA:20,0
DA:21,0
DA:23,0
DA:24,0
DA:26,0
DA:32,0
LF:17
LH:0
BRDA:19,0,0,0
BRDA:23,1,0,0
BRDA:23,1,1,0
BRDA:84,2,0,0
BRDA:84,2,1,0
BRDA:117,3,0,0
BRDA:117,3,1,0
BRDA:124,4,0,0
BRDA:124,4,1,0
BRDA:130,5,0,0
BRDA:130,5,1,0
BRDA:134,6,0,0
BRDA:179,7,0,0
BRDA:179,7,1,0
BRDA:203,8,0,0
BRDA:203,8,1,0
BRDA:205,9,0,0
BRF:17
BRH:0
end_of_record
TN:
SF:src\app\dashboard\songs\v1\[song]\@components\SongNotFound.tsx
FN:4,(anonymous_2)
FNF:1
FNH:0
FNDA:0,(anonymous_2)
DA:1,0
DA:2,0
DA:4,0
DA:19,0
LF:4
LH:0
BRF:0
BRH:0
end_of_record
TN:
SF:src\app\dashboard\songs\v1\[song]\edit\SongEditClientForm.tsx
FN:7,(anonymous_1)
FN:29,(anonymous_2)
FN:60,(anonymous_3)
FNF:3
FNH:0
FNDA:0,(anonymous_1)
FNDA:0,(anonymous_2)
FNDA:0,(anonymous_3)
DA:3,0
DA:4,0
DA:7,0
DA:30,0
DA:45,0
DA:50,0
DA:51,0
DA:52,0
DA:55,0
DA:57,0
DA:60,0
DA:66,0
LF:12
LH:0
BRDA:20,0,0,0
BRDA:20,0,1,0
BRDA:34,1,0,0
BRDA:34,1,1,0
BRDA:35,2,0,0
BRDA:35,2,1,0
BRDA:36,3,0,0
BRDA:36,3,1,0
BRDA:37,4,0,0
BRDA:37,4,1,0
BRDA:38,5,0,0
BRDA:38,5,1,0
BRDA:39,6,0,0
BRDA:39,6,1,0
BRDA:41,7,0,0
BRDA:41,7,1,0
BRDA:42,8,0,0
BRDA:42,8,1,0
BRDA:50,9,0,0
BRDA:55,10,0,0
BRF:20
BRH:0
end_of_record
TN:
SF:src\app\dashboard\songs\v1\[song]\edit\actions.ts
FN:6,updateSong
FNF:1
FNH:0
FNDA:0,updateSong
DA:4,0
DA:6,0
DA:9,0
DA:11,0
DA:16,0
DA:18,0
LF:6
LH:0
BRDA:16,0,0,0
BRF:1
BRH:0
end_of_record
TN:
SF:src\app\dashboard\songs\v1\[song]\edit\page.tsx
FN:8,EditPage
FNF:1
FNH:0
FNDA:0,EditPage
DA:1,0
DA:2,0
DA:3,0
DA:4,0
DA:8,0
DA:9,0
DA:11,0
DA:14,0
DA:16,0
DA:23,0
LF:10
LH:0
BRDA:23,0,0,0
BRDA:23,1,0,0
BRDA:23,1,1,0
BRF:3
BRH:0
end_of_record
TN:
SF:src\app\dashboard\songs\v1\create\page.tsx
FN:10,Page
FN:33,(anonymous_3)
FN:63,(anonymous_4)
FNF:3
FNH:0
FNDA:0,Page
FNDA:0,(anonymous_3)
FNDA:0,(anonymous_4)
DA:3,0
DA:4,0
DA:5,0
DA:7,0
DA:8,0
DA:10,0
DA:11,0
DA:34,0
DA:49,0
DA:54,0
DA:57,0
DA:58,0
DA:60,0
DA:63,0
LF:14
LH:0
BRDA:38,0,0,0
BRDA:38,0,1,0
BRDA:39,1,0,0
BRDA:39,1,1,0
BRDA:40,2,0,0
BRDA:40,2,1,0
BRDA:41,3,0,0
BRDA:41,3,1,0
BRDA:42,4,0,0
BRDA:42,4,1,0
BRDA:43,5,0,0
BRDA:43,5,1,0
BRDA:45,6,0,0
BRDA:45,6,1,0
BRDA:46,7,0,0
BRDA:46,7,1,0
BRDA:54,8,0,0
BRDA:54,8,1,0
BRF:18
BRH:0
end_of_record
TN:
SF:src\app\dashboard\songs\v2\FetchStudentSongs.ts
FN:11,getSongsByStudent
FN:31,(anonymous_2)
FN:40,(anonymous_3)
FN:44,(anonymous_4)
FNF:4
FNH:0
FNDA:0,getSongsByStudent
FNDA:0,(anonymous_2)
FNDA:0,(anonymous_3)
FNDA:0,(anonymous_4)
DA:1,0
DA:11,0
DA:12,0
DA:13,0
DA:14,0
DA:18,0
DA:19,0
DA:20,0
DA:23,0
DA:25,0
DA:28,0
DA:31,0
DA:33,0
DA:34,0
DA:35,0
DA:39,0
DA:40,0
DA:44,0
DA:51,0
DA:53,0
DA:54,0
LF:21
LH:0
BRDA:18,0,0,0
BRDA:23,1,0,0
BRDA:23,2,0,0
BRDA:23,2,1,0
BRDA:33,3,0,0
BRDA:46,4,0,0
BRDA:46,4,1,0
BRF:7
BRH:0
end_of_record
TN:
SF:src\app\dashboard\songs\v2\StudentsSongs.tsx
FN:1,StudentsSongs
FNF:1
FNH:0
FNDA:0,StudentsSongs
DA:1,0
LF:1
LH:0
BRF:0
BRH:0
end_of_record
TN:
SF:src\app\dashboard\songs\v2\page.tsx
FN:14,Page
FNF:1
FNH:0
FNDA:0,Page
DA:1,0
DA:2,0
DA:3,0
DA:4,0
DA:5,0
DA:6,0
DA:7,0
DA:8,0
DA:9,0
DA:10,0
DA:14,0
DA:19,0
DA:20,0
DA:21,0
DA:22,0
DA:23,0
DA:26,0
DA:28,0
DA:29,0
DA:30,0
DA:31,0
DA:50,0
DA:52,0
DA:53,0
LF:24
LH:0
BRDA:28,0,0,0
BRDA:30,1,0,0
BRDA:39,2,0,0
BRDA:52,3,0,0
BRDA:61,4,0,0
BRDA:73,5,0,0
BRDA:73,5,1,0
BRF:7
BRH:0
end_of_record
TN:
SF:src\app\dashboard\songs\v2\@components\DeleteSongDialog.tsx
FN:19,DeleteSongDialog
FNF:1
FNH:0
FNDA:0,DeleteSongDialog
DA:10,0
DA:19,0
LF:2
LH:0
BRF:0
BRH:0
end_of_record
TN:
SF:src\app\dashboard\songs\v2\@components\SongCardMobile.tsx
FN:17,SongCardMobile
FN:29,(anonymous_5)
FN:40,(anonymous_6)
FN:67,(anonymous_7)
FN:78,(anonymous_8)
FN:88,(anonymous_9)
FN:125,(anonymous_10)
FNF:7
FNH:0
FNDA:0,SongCardMobile
FNDA:0,(anonymous_5)
FNDA:0,(anonymous_6)
FNDA:0,(anonymous_7)
FNDA:0,(anonymous_8)
FNDA:0,(anonymous_9)
FNDA:0,(anonymous_10)
DA:2,0
DA:3,0
DA:11,0
DA:12,0
DA:13,0
DA:14,0
DA:15,0
DA:17,0
DA:26,0
DA:27,0
DA:29,0
DA:30,0
DA:31,0
DA:32,0
DA:33,0
DA:35,0
DA:36,0
DA:40,0
DA:41,0
DA:42,0
DA:43,0
DA:67,0
DA:78,0
DA:88,0
DA:125,0
LF:25
LH:0
BRDA:32,0,0,0
BRDA:32,0,1,0
BRDA:41,1,0,0
BRDA:42,2,0,0
BRDA:42,2,1,0
BRDA:65,3,0,0
BRDA:75,4,0,0
BRDA:86,5,0,0
BRDA:99,6,0,0
BRDA:99,6,1,0
BRF:10
BRH:0
end_of_record
TN:
SF:src\app\dashboard\songs\v2\@components\SongRow.tsx
FN:11,SongRow
FN:23,(anonymous_5)
FN:34,(anonymous_6)
FN:52,(anonymous_7)
FN:63,(anonymous_8)
FN:74,(anonymous_9)
FN:85,(anonymous_10)
FNF:7
FNH:0
FNDA:0,SongRow
FNDA:0,(anonymous_5)
FNDA:0,(anonymous_6)
FNDA:0,(anonymous_7)
FNDA:0,(anonymous_8)
FNDA:0,(anonymous_9)
FNDA:0,(anonymous_10)
DA:1,0
DA:3,0
DA:4,0
DA:5,0
DA:6,0
DA:7,0
DA:8,0
DA:9,0
DA:11,0
DA:20,0
DA:21,0
DA:23,0
DA:24,0
DA:25,0
DA:26,0
DA:27,0
DA:29,0
DA:30,0
DA:34,0
DA:35,0
DA:36,0
DA:37,0
DA:52,0
DA:64,0
DA:74,0
DA:85,0
LF:26
LH:0
BRDA:26,0,0,0
BRDA:26,0,1,0
BRDA:35,1,0,0
BRDA:36,2,0,0
BRDA:36,2,1,0
BRDA:44,3,0,0
BRDA:50,4,0,0
BRDA:61,5,0,0
BRDA:71,6,0,0
BRF:9
BRH:0
end_of_record
TN:
SF:src\app\dashboard\songs\v2\@components\SongTable.tsx
FN:12,SongTable
FN:37,(anonymous_2)
FN:41,(anonymous_3)
FN:58,(anonymous_4)
FNF:4
FNH:0
FNDA:0,SongTable
FNDA:0,(anonymous_2)
FNDA:0,(anonymous_3)
FNDA:0,(anonymous_4)
DA:8,0
DA:10,0
DA:12,0
DA:38,0
DA:41,0
DA:59,0
LF:6
LH:0
BRDA:50,0,0,0
BRF:1
BRH:0
end_of_record
TN:
SF:src\app\dashboard\songs\v2\@components\SongTableMobile.tsx
FN:5,SongTableMobile
FN:21,(anonymous_2)
FNF:2
FNH:0
FNDA:0,SongTableMobile
FNDA:0,(anonymous_2)
DA:3,0
DA:5,0
DA:22,0
LF:3
LH:0
BRF:0
BRH:0
end_of_record
TN:
SF:src\app\dashboard\songs\v2\@components\SongsClientComponentTesting.tsx
FN:19,SongsClientComponentTesting
FN:30,(anonymous_2)
FN:33,(anonymous_3)
FN:76,(anonymous_4)
FNF:4
FNH:0
FNDA:0,SongsClientComponentTesting
FNDA:0,(anonymous_2)
FNDA:0,(anonymous_3)
FNDA:0,(anonymous_4)
DA:3,0
DA:4,0
DA:5,0
DA:6,0
DA:8,0
DA:9,0
DA:10,0
DA:11,0
DA:12,0
DA:19,0
DA:23,0
DA:24,0
DA:26,0
DA:27,0
DA:30,0
DA:31,0
DA:33,0
DA:34,0
DA:35,0
DA:37,0
DA:38,0
DA:40,0
DA:41,0
DA:46,0
DA:47,0
DA:52,0
DA:53,0
DA:58,0
DA:62,0
DA:68,0
DA:69,0
DA:72,0
DA:74,0
DA:76,0
DA:77,0
LF:35
LH:0
BRDA:31,0,0,0
BRDA:37,1,0,0
BRDA:37,2,0,0
BRDA:37,2,1,0
BRDA:38,3,0,0
BRDA:38,4,0,0
BRDA:38,4,1,0
BRDA:40,5,0,0
BRDA:40,6,0,0
BRDA:40,6,1,0
BRDA:41,7,0,0
BRDA:41,7,1,0
BRDA:46,8,0,0
BRDA:46,9,0,0
BRDA:46,9,1,0
BRDA:47,10,0,0
BRDA:47,10,1,0
BRDA:52,11,0,0
BRDA:52,12,0,0
BRDA:52,12,1,0
BRDA:53,13,0,0
BRDA:53,13,1,0
BRDA:68,14,0,0
BRDA:68,14,1,0
BRDA:69,15,0,0
BRDA:69,15,1,0
BRDA:106,16,0,0
BRF:27
BRH:0
end_of_record
TN:
SF:src\app\dashboard\songs\v2\@components\TABLE_HEADERS.ts
FNF:0
FNH:0
DA:1,0
DA:9,0
LF:2
LH:0
BRF:0
BRH:0
end_of_record
TN:
SF:src\app\dashboard\songs\v2\@components\hooks\useSongFiltering.ts
FN:4,useSongFiltering
FN:7,(anonymous_2)
FN:10,(anonymous_3)
FNF:3
FNH:0
FNDA:0,useSongFiltering
FNDA:0,(anonymous_2)
FNDA:0,(anonymous_3)
DA:1,0
DA:4,0
DA:5,0
DA:7,0
DA:8,0
DA:10,0
DA:11,0
DA:15,0
LF:8
LH:0
BRDA:8,0,0,0
BRF:1
BRH:0
end_of_record
TN:
SF:src\app\dashboard\songs\v2\@components\hooks\useSongSorting.ts
FN:4,useSongSorting
FN:13,(anonymous_2)
FN:14,(anonymous_3)
FN:21,(anonymous_4)
FNF:4
FNH:0
FNDA:0,useSongSorting
FNDA:0,(anonymous_2)
FNDA:0,(anonymous_3)
FNDA:0,(anonymous_4)
DA:1,0
DA:4,0
DA:5,0
DA:13,0
DA:14,0
DA:21,0
DA:22,0
DA:23,0
DA:25,0
DA:28,0
LF:10
LH:0
BRDA:17,0,0,0
BRDA:17,0,1,0
BRDA:17,1,0,0
BRDA:17,1,1,0
BRDA:22,2,0,0
BRDA:23,3,0,0
BRDA:23,3,1,0
BRF:7
BRH:0
end_of_record
TN:
SF:src\app\dashboard\songs\v2\@components\hooks\useSongTable.ts
FN:4,useSongTable
FN:9,(anonymous_2)
FNF:2
FNH:0
FNDA:0,useSongTable
FNDA:0,(anonymous_2)
DA:1,0
DA:4,0
DA:9,0
DA:10,0
DA:11,0
DA:12,0
DA:15,0
LF:7
LH:0
BRF:0
BRH:0
end_of_record
TN:
SF:src\app\dashboard\songs\v2\[song]\loading.tsx
FN:4,Loading
FN:34,(anonymous_2)
FNF:2
FNH:0
FNDA:0,Loading
FNDA:0,(anonymous_2)
DA:1,0
DA:2,0
DA:4,0
DA:35,0
LF:4
LH:0
BRF:0
BRH:0
end_of_record
TN:
SF:src\app\dashboard\songs\v2\[song]\page.tsx
FN:14,Page
FN:45,(anonymous_3)
FNF:2
FNH:0
FNDA:0,Page
FNDA:0,(anonymous_3)
DA:1,0
DA:2,0
DA:3,0
DA:4,0
DA:5,0
DA:6,0
DA:7,0
DA:8,0
DA:9,0
DA:10,0
DA:12,0
DA:14,0
DA:19,0
DA:20,0
DA:21,0
DA:23,0
DA:25,0
DA:26,0
DA:28,0
DA:30,0
DA:35,0
DA:36,0
DA:37,0
DA:38,0
DA:41,0
DA:42,0
DA:45,0
DA:46,0
DA:47,0
DA:50,0
DA:51,0
DA:54,0
DA:58,0
DA:60,0
DA:64,0
DA:66,0
DA:67,0
LF:37
LH:0
BRDA:35,0,0,0
BRDA:35,0,1,0
BRDA:37,1,0,0
BRDA:37,1,1,0
BRDA:37,2,0,0
BRDA:37,2,1,0
BRDA:37,2,2,0
BRDA:46,3,0,0
BRDA:46,3,1,0
BRDA:50,4,0,0
BRDA:50,4,1,0
BRDA:54,5,0,0
BRDA:58,6,0,0
BRDA:66,7,0,0
BRDA:92,8,0,0
BRDA:92,8,1,0
BRF:16
BRH:0
end_of_record
TN:
SF:src\app\dashboard\songs\v2\[song]\@components\FetchLessonsSong.ts
FN:25,fetchLessonsSong
FN:61,(anonymous_2)
FN:71,(anonymous_3)
FN:79,(anonymous_4)
FN:84,(anonymous_5)
FN:88,(anonymous_6)
FNF:6
FNH:0
FNDA:0,fetchLessonsSong
FNDA:0,(anonymous_2)
FNDA:0,(anonymous_3)
FNDA:0,(anonymous_4)
FNDA:0,(anonymous_5)
FNDA:0,(anonymous_6)
DA:1,0
DA:25,0
DA:29,0
DA:30,0
DA:33,0
DA:46,0
DA:47,0
DA:50,0
DA:51,0
DA:55,0
DA:61,0
DA:63,0
DA:64,0
DA:68,0
DA:71,0
DA:73,0
DA:74,0
DA:78,0
DA:79,0
DA:83,0
DA:84,0
DA:88,0
DA:93,0
DA:95,0
DA:96,0
LF:25
LH:0
BRDA:46,0,0,0
BRDA:50,1,0,0
BRDA:50,2,0,0
BRDA:50,2,1,0
BRDA:63,3,0,0
BRDA:71,4,0,0
BRDA:71,4,1,0
BRDA:73,5,0,0
BRDA:79,6,0,0
BRDA:79,6,1,0
BRDA:84,7,0,0
BRDA:84,7,1,0
BRDA:98,8,0,0
BRDA:98,8,1,0
BRF:14
BRH:0
end_of_record
TN:
SF:src\app\dashboard\songs\v2\[song]\@components\SongDetail.tsx
FN:30,SongDetails
FN:31,(anonymous_2)
FN:44,handleUpdate
FNF:3
FNH:0
FNDA:0,SongDetails
FNDA:0,(anonymous_2)
FNDA:0,handleUpdate
DA:3,0
DA:11,0
DA:12,0
DA:13,0
DA:15,0
DA:16,0
DA:17,0
DA:18,0
DA:24,0
DA:30,0
DA:31,0
DA:32,0
DA:33,0
DA:34,0
DA:36,0
DA:37,0
DA:39,0
DA:45,0
LF:18
LH:0
BRDA:32,0,0,0
BRDA:36,1,0,0
BRDA:36,1,1,0
BRDA:60,2,0,0
BRDA:111,3,0,0
BRDA:111,3,1,0
BRDA:129,4,0,0
BRDA:129,4,1,0
BRDA:165,5,0,0
BRDA:188,6,0,0
BRDA:188,6,1,0
BRDA:212,7,0,0
BRDA:212,7,1,0
BRDA:214,8,0,0
BRF:14
BRH:0
end_of_record
TN:
SF:src\app\dashboard\songs\v2\[song]\@components\SongForm.tsx
FN:60,SongForm
FN:79,(anonymous_5)
FN:83,(anonymous_6)
FN:92,(anonymous_7)
FN:103,(anonymous_8)
FN:122,(anonymous_9)
FN:135,(anonymous_10)
FN:150,(anonymous_11)
FN:196,(anonymous_12)
FNF:9
FNH:0
FNDA:0,SongForm
FNDA:0,(anonymous_5)
FNDA:0,(anonymous_6)
FNDA:0,(anonymous_7)
FNDA:0,(anonymous_8)
FNDA:0,(anonymous_9)
FNDA:0,(anonymous_10)
FNDA:0,(anonymous_11)
FNDA:0,(anonymous_12)
DA:3,0
DA:10,0
DA:11,0
DA:12,0
DA:14,0
DA:15,0
DA:22,0
DA:23,0
DA:24,0
DA:25,0
DA:26,0
DA:27,0
DA:32,0
DA:34,0
DA:60,0
DA:74,0
DA:79,0
DA:80,0
DA:83,0
DA:84,0
DA:85,0
DA:92,0
DA:93,0
DA:95,0
DA:97,0
DA:99,0
DA:103,0
DA:104,0
DA:123,0
DA:136,0
DA:151,0
DA:197,0
LF:32
LH:0
BRDA:76,0,0,0
BRDA:76,0,1,0
BRDA:85,1,0,0
BRDA:93,2,0,0
BRDA:93,2,1,0
BRDA:93,2,2,0
BRDA:111,3,0,0
BRDA:111,3,1,0
BRDA:114,4,0,0
BRDA:114,4,1,0
BRDA:125,5,0,0
BRDA:125,5,1,0
BRDA:129,6,0,0
BRDA:132,7,0,0
BRDA:134,8,0,0
BRDA:134,8,1,0
BRDA:143,9,0,0
BRDA:143,9,1,0
BRDA:157,10,0,0
BRDA:164,11,0,0
BRDA:172,12,0,0
BRDA:172,12,1,0
BRDA:177,13,0,0
BRDA:184,14,0,0
BRDA:205,15,0,0
BRDA:220,16,0,0
BRDA:220,16,1,0
BRDA:225,17,0,0
BRDA:235,18,0,0
BRDA:250,19,0,0
BRDA:250,19,1,0
BRDA:257,20,0,0
BRDA:258,21,0,0
BRDA:258,21,1,0
BRDA:260,22,0,0
BRDA:260,22,1,0
BRF:36
BRH:0
end_of_record
TN:
SF:src\app\dashboard\songs\v2\[song]\@components\SongNotFound.tsx
FN:6,(anonymous_2)
FNF:1
FNH:0
FNDA:0,(anonymous_2)
DA:1,0
DA:2,0
DA:3,0
DA:4,0
DA:6,0
DA:46,0
LF:6
LH:0
BRF:0
BRH:0
end_of_record
TN:
SF:src\app\dashboard\songs\v2\[song]\@components\UsersWithSongList.tsx
FN:20,UsersWithSongList
FN:49,(anonymous_2)
FNF:2
FNH:0
FNDA:0,UsersWithSongList
FNDA:0,(anonymous_2)
DA:3,0
DA:4,0
DA:5,0
DA:12,0
DA:20,0
DA:21,0
DA:50,0
LF:7
LH:0
BRDA:21,0,0,0
BRDA:21,1,0,0
BRDA:21,1,1,0
BRDA:57,2,0,0
BRDA:57,2,1,0
BRDA:66,3,0,0
BRDA:66,3,1,0
BRF:7
BRH:0
end_of_record
TN:
SF:src\app\dashboard\songs\v2\[song]\edit\SongEditClientForm.tsx
FN:7,(anonymous_1)
FN:28,(anonymous_2)
FN:29,(anonymous_3)
FNF:3
FNH:0
FNDA:0,(anonymous_1)
FNDA:0,(anonymous_2)
FNDA:0,(anonymous_3)
DA:3,0
DA:5,0
DA:7,0
DA:28,0
DA:29,0
DA:35,0
LF:6
LH:0
BRDA:19,0,0,0
BRDA:19,0,1,0
BRF:2
BRH:0
end_of_record
TN:
SF:src\app\dashboard\songs\v2\[song]\edit\actions.ts
FN:8,updateSong
FN:63,createSong
FNF:2
FNH:0
FNDA:0,updateSong
FNDA:0,createSong
DA:4,0
DA:5,0
DA:6,0
DA:8,0
DA:9,0
DA:10,0
DA:13,0
DA:19,0
DA:20,0
DA:21,0
DA:25,0
DA:37,0
DA:43,0
DA:44,0
DA:45,0
DA:48,0
DA:49,0
DA:50,0
DA:53,0
DA:54,0
DA:56,0
DA:58,0
DA:59,0
DA:63,0
DA:64,0
DA:65,0
DA:67,0
DA:81,0
DA:87,0
DA:88,0
DA:89,0
DA:92,0
DA:93,0
DA:94,0
DA:97,0
DA:98,0
DA:100,0
DA:101,0
LF:38
LH:0
BRDA:19,0,0,0
BRDA:43,1,0,0
BRDA:48,2,0,0
BRDA:48,3,0,0
BRDA:48,3,1,0
BRDA:69,4,0,0
BRDA:69,4,1,0
BRDA:70,5,0,0
BRDA:70,5,1,0
BRDA:71,6,0,0
BRDA:71,6,1,0
BRDA:72,7,0,0
BRDA:72,7,1,0
BRDA:87,8,0,0
BRDA:92,9,0,0
BRF:15
BRH:0
end_of_record
TN:
SF:src\app\dashboard\songs\v2\[song]\edit\formHandlers.ts
FN:6,handleSongUpdate
FN:30,handleCancel
FNF:2
FNH:0
FNDA:0,handleSongUpdate
FNDA:0,handleCancel
DA:2,0
DA:3,0
DA:4,0
DA:6,0
DA:10,0
DA:11,0
DA:16,0
DA:18,0
DA:19,0
DA:20,0
DA:23,0
DA:24,0
DA:30,0
DA:31,0
LF:14
LH:0
BRDA:18,0,0,0
BRDA:25,1,0,0
BRDA:25,1,1,0
BRF:3
BRH:0
end_of_record
TN:
SF:src\app\dashboard\songs\v2\[song]\edit\page.tsx
FN:8,EditPage
FNF:1
FNH:0
FNDA:0,EditPage
DA:1,0
DA:2,0
DA:3,0
DA:4,0
DA:8,0
DA:9,0
DA:11,0
DA:14,0
DA:16,0
DA:23,0
LF:10
LH:0
BRDA:23,0,0,0
BRDA:23,1,0,0
BRDA:23,1,1,0
BRF:3
BRH:0
end_of_record
TN:
SF:src\app\dashboard\songs\v2\api\fetchProfiles.ts
FN:3,fetchProfilesData
FNF:1
FNH:0
FNDA:0,fetchProfilesData
DA:1,0
DA:3,0
DA:4,0
DA:9,0
DA:10,0
DA:15,0
LF:6
LH:0
BRDA:9,0,0,0
BRDA:11,1,0,0
BRDA:11,1,1,0
BRF:3
BRH:0
end_of_record
TN:
SF:src\app\dashboard\songs\v2\api\fetchSongs.ts
FN:3,fetchSongsData
FNF:1
FNH:0
FNDA:0,fetchSongsData
DA:1,0
DA:3,0
DA:7,0
DA:8,0
DA:10,0
DA:15,0
DA:16,0
DA:19,0
LF:8
LH:0
BRDA:8,0,0,0
BRDA:15,1,0,0
BRDA:16,2,0,0
BRDA:16,2,1,0
BRF:4
BRH:0
end_of_record
TN:
SF:src\app\dashboard\songs\v2\create\formHandlers.ts
FN:6,handleSongCreate
FN:32,handleCancel
FNF:2
FNH:0
FNDA:0,handleSongCreate
FNDA:0,handleCancel
DA:2,0
DA:3,0
DA:4,0
DA:6,0
DA:7,0
DA:8,0
DA:10,0
DA:11,0
DA:12,0
DA:15,0
DA:16,0
DA:18,0
DA:19,0
DA:20,0
DA:21,0
DA:22,0
DA:24,0
DA:28,0
DA:32,0
DA:33,0
LF:20
LH:0
BRDA:10,0,0,0
BRDA:18,1,0,0
BRDA:19,2,0,0
BRDA:19,2,1,0
BRDA:21,3,0,0
BRDA:21,3,1,0
BRF:6
BRH:0
end_of_record
TN:
SF:src\app\dashboard\songs\v2\create\page.tsx
FN:8,Page
FNF:1
FNH:0
FNDA:0,Page
DA:3,0
DA:4,0
DA:6,0
DA:8,0
DA:9,0
LF:5
LH:0
BRF:0
BRH:0
end_of_record
TN:
SF:src\app\dashboard\spotify\page.tsx
FN:3,Page
FNF:1
FNH:0
FNDA:0,Page
DA:1,0
DA:3,0
DA:4,0
DA:5,0
LF:4
LH:0
BRDA:10,0,0,0
BRDA:10,0,1,0
BRDA:11,1,0,0
BRDA:11,1,1,0
BRF:4
BRH:0
end_of_record
TN:
SF:src\app\dashboard\students\page.tsx
FN:42,getNextSort
FN:47,Page
FN:100,sortIndicator
FN:105,getRole
FN:123,(anonymous_6)
FN:137,(anonymous_7)
FNF:6
FNH:0
FNDA:0,getNextSort
FNDA:0,Page
FNDA:0,sortIndicator
FNDA:0,getRole
FNDA:0,(anonymous_6)
FNDA:0,(anonymous_7)
DA:1,0
DA:2,0
DA:9,0
DA:17,0
DA:18,0
DA:19,0
DA:33,0
DA:43,0
DA:44,0
DA:47,0
DA:52,0
DA:53,0
DA:56,0
DA:57,0
DA:60,0
DA:61,0
DA:62,0
DA:63,0
DA:64,0
DA:65,0
DA:66,0
DA:67,0
DA:69,0
DA:71,0
DA:72,0
DA:73,0
DA:75,0
DA:78,0
DA:79,0
DA:80,0
DA:81,0
DA:83,0
DA:88,0
DA:92,0
DA:101,0
DA:102,0
DA:106,0
DA:107,0
DA:108,0
DA:109,0
DA:124,0
DA:138,0
LF:42
LH:0
BRDA:43,0,0,0
BRDA:44,1,0,0
BRDA:44,1,1,0
BRDA:56,2,0,0
BRDA:56,2,1,0
BRDA:57,3,0,0
BRDA:57,3,1,0
BRDA:64,4,0,0
BRDA:64,4,1,0
BRDA:75,5,0,0
BRDA:75,5,1,0
BRDA:78,6,0,0
BRDA:80,7,0,0
BRDA:80,7,1,0
BRDA:80,8,0,0
BRDA:80,8,1,0
BRDA:83,9,0,0
BRDA:83,9,1,0
BRDA:88,10,0,0
BRDA:92,11,0,0
BRDA:101,12,0,0
BRDA:102,13,0,0
BRDA:102,13,1,0
BRDA:106,14,0,0
BRDA:107,15,0,0
BRDA:108,16,0,0
BRDA:144,17,0,0
BRDA:144,17,1,0
BRDA:147,18,0,0
BRDA:147,18,1,0
BRDA:148,19,0,0
BRDA:148,19,1,0
BRDA:149,20,0,0
BRDA:149,20,1,0
BRDA:152,21,0,0
BRDA:152,21,1,0
BRF:36
BRH:0
end_of_record
TN:
SF:src\app\dashboard\students\[id]\page.tsx
FN:11,StudentDetailPage
FNF:1
FNH:0
FNDA:0,StudentDetailPage
DA:1,0
DA:8,0
DA:9,0
DA:11,0
DA:16,0
DA:17,0
DA:18,0
DA:24,0
DA:32,0
LF:9
LH:0
BRDA:24,0,0,0
BRDA:27,1,0,0
BRDA:27,1,1,0
BRDA:32,2,0,0
BRDA:77,3,0,0
BRDA:77,3,1,0
BRDA:80,4,0,0
BRDA:80,4,1,0
BRDA:83,5,0,0
BRDA:83,5,1,0
BRDA:86,6,0,0
BRDA:86,6,1,0
BRDA:89,7,0,0
BRDA:89,7,1,0
BRDA:94,8,0,0
BRDA:94,8,1,0
BRDA:100,9,0,0
BRDA:100,9,1,0
BRF:18
BRH:0
end_of_record
TN:
SF:src\app\dashboard\task-management\TaskManagementClient.tsx
FN:52,(anonymous_4)
FN:61,(anonymous_5)
FN:62,(anonymous_6)
FN:87,(anonymous_7)
FN:88,(anonymous_8)
FN:89,(anonymous_9)
FN:90,(anonymous_10)
FN:93,(anonymous_11)
FN:97,(anonymous_12)
FN:181,(anonymous_13)
FN:189,(anonymous_14)
FN:192,(anonymous_15)
FN:201,(anonymous_16)
FN:204,(anonymous_17)
FN:213,(anonymous_18)
FN:216,(anonymous_19)
FN:243,(anonymous_20)
FN:322,(anonymous_21)
FN:337,(anonymous_22)
FN:349,(anonymous_23)
FNF:20
FNH:0
FNDA:0,(anonymous_4)
FNDA:0,(anonymous_5)
FNDA:0,(anonymous_6)
FNDA:0,(anonymous_7)
FNDA:0,(anonymous_8)
FNDA:0,(anonymous_9)
FNDA:0,(anonymous_10)
FNDA:0,(anonymous_11)
FNDA:0,(anonymous_12)
FNDA:0,(anonymous_13)
FNDA:0,(anonymous_14)
FNDA:0,(anonymous_15)
FNDA:0,(anonymous_16)
FNDA:0,(anonymous_17)
FNDA:0,(anonymous_18)
FNDA:0,(anonymous_19)
FNDA:0,(anonymous_20)
FNDA:0,(anonymous_21)
FNDA:0,(anonymous_22)
FNDA:0,(anonymous_23)
DA:3,0
DA:11,0
DA:12,0
DA:13,0
DA:20,0
DA:21,0
DA:37,0
DA:38,0
DA:52,0
DA:53,0
DA:54,0
DA:55,0
DA:56,0
DA:57,0
DA:58,0
DA:59,0
DA:61,0
DA:62,0
DA:63,0
DA:64,0
DA:66,0
DA:67,0
DA:69,0
DA:71,0
DA:74,0
DA:77,0
DA:81,0
DA:85,0
DA:87,0
DA:88,0
DA:89,0
DA:90,0
DA:93,0
DA:94,0
DA:95,0
DA:97,0
DA:98,0
DA:99,0
DA:100,0
DA:101,0
DA:104,0
DA:181,0
DA:189,0
DA:193,0
DA:201,0
DA:205,0
DA:213,0
DA:217,0
DA:244,0
DA:322,0
DA:323,0
DA:333,0
DA:337,0
DA:338,0
DA:345,0
DA:349,0
DA:350,0
LF:57
LH:0
BRDA:66,0,0,0
BRDA:66,0,1,0
BRDA:69,1,0,0
BRDA:69,1,1,0
BRDA:77,2,0,0
BRDA:81,3,0,0
BRDA:98,4,0,0
BRDA:98,4,1,0
BRDA:99,5,0,0
BRDA:99,5,1,0
BRDA:100,6,0,0
BRDA:100,6,1,0
BRDA:101,7,0,0
BRDA:101,7,1,0
BRDA:101,7,2,0
BRDA:104,8,0,0
BRDA:104,8,1,0
BRDA:104,8,2,0
BRDA:104,8,3,0
BRDA:260,9,0,0
BRDA:260,9,1,0
BRDA:276,10,0,0
BRDA:276,10,1,0
BRDA:293,11,0,0
BRDA:293,11,1,0
BRDA:296,12,0,0
BRDA:302,13,0,0
BRDA:323,14,0,0
BRDA:345,15,0,0
BRDA:345,15,1,0
BRF:30
BRH:0
end_of_record
TN:
SF:src\app\dashboard\task-management\actions.ts
FN:4,createTask
FN:41,updateTask
FN:78,deleteTask
FNF:3
FNH:0
FNDA:0,createTask
FNDA:0,updateTask
FNDA:0,deleteTask
DA:1,0
DA:2,0
DA:4,0
DA:5,0
DA:6,0
DA:8,0
DA:9,0
DA:12,0
DA:13,0
DA:14,0
DA:15,0
DA:16,0
DA:17,0
DA:18,0
DA:19,0
DA:21,0
DA:33,0
DA:34,0
DA:35,0
DA:38,0
DA:41,0
DA:42,0
DA:43,0
DA:45,0
DA:46,0
DA:49,0
DA:50,0
DA:51,0
DA:52,0
DA:53,0
DA:54,0
DA:55,0
DA:56,0
DA:57,0
DA:59,0
DA:70,0
DA:71,0
DA:72,0
DA:75,0
DA:78,0
DA:79,0
DA:80,0
DA:82,0
DA:83,0
DA:86,0
DA:88,0
DA:89,0
DA:90,0
DA:93,0
LF:49
LH:0
BRDA:8,0,0,0
BRDA:28,1,0,0
BRDA:28,1,1,0
BRDA:29,2,0,0
BRDA:29,2,1,0
BRDA:33,3,0,0
BRDA:45,4,0,0
BRDA:66,5,0,0
BRDA:66,5,1,0
BRDA:67,6,0,0
BRDA:67,6,1,0
BRDA:70,7,0,0
BRDA:82,8,0,0
BRDA:88,9,0,0
BRF:14
BRH:0
end_of_record
TN:
SF:src\app\dashboard\task-management\page.tsx
FN:6,TaskManagementPage
FNF:1
FNH:0
FNDA:0,TaskManagementPage
DA:1,0
DA:2,0
DA:3,0
DA:4,0
DA:6,0
DA:7,0
DA:9,0
DA:10,0
DA:12,0
DA:16,0
DA:34,0
LF:11
LH:0
BRDA:12,0,0,0
BRDA:16,1,0,0
BRF:2
BRH:0
end_of_record
TN:
SF:src\app\dashboard\testing\Dropbox.tsx
FN:14,DropboxPage
FN:25,(anonymous_3)
FN:26,(anonymous_4)
FN:41,(anonymous_5)
FNF:4
FNH:0
FNDA:0,DropboxPage
FNDA:0,(anonymous_3)
FNDA:0,(anonymous_4)
FNDA:0,(anonymous_5)
DA:1,0
DA:2,0
DA:14,0
DA:15,0
DA:20,0
DA:23,0
DA:25,0
DA:27,0
DA:30,0
DA:42,0
LF:10
LH:0
BRDA:28,0,0,0
BRDA:28,0,1,0
BRDA:42,1,0,0
BRDA:42,1,1,0
BRF:4
BRH:0
end_of_record
TN:
SF:src\app\dashboard\testing\GoogleDriveManager.tsx
FN:23,getFileIcon
FN:48,GoogleDriveManager
FN:56,(anonymous_3)
FN:66,(anonymous_4)
FN:90,(anonymous_5)
FN:132,(anonymous_6)
FN:153,(anonymous_7)
FNF:7
FNH:0
FNDA:0,getFileIcon
FNDA:0,GoogleDriveManager
FNDA:0,(anonymous_3)
FNDA:0,(anonymous_4)
FNDA:0,(anonymous_5)
FNDA:0,(anonymous_6)
FNDA:0,(anonymous_7)
DA:1,0
DA:13,0
DA:24,0
DA:48,0
DA:52,0
DA:53,0
DA:56,0
DA:57,0
DA:58,0
DA:59,0
DA:60,0
DA:62,0
DA:66,0
DA:67,0
DA:68,0
DA:70,0
DA:71,0
DA:73,0
DA:74,0
DA:79,0
DA:80,0
DA:84,0
DA:86,0
DA:90,0
DA:91,0
DA:92,0
DA:100,0
DA:101,0
DA:105,0
DA:107,0
DA:113,0
DA:133,0
DA:153,0
LF:33
LH:0
BRDA:59,0,0,0
BRDA:59,0,1,0
BRDA:62,1,0,0
BRDA:62,1,1,0
BRDA:68,2,0,0
BRDA:79,3,0,0
BRDA:86,4,0,0
BRDA:86,4,1,0
BRDA:100,5,0,0
BRDA:107,6,0,0
BRDA:107,6,1,0
BRDA:113,7,0,0
BRF:12
BRH:0
end_of_record
TN:
SF:src\app\dashboard\testing\google-drive.tsx
FN:15,getDriveFiles
FN:47,GoogleDrive
FNF:2
FNH:0
FNDA:0,getDriveFiles
FNDA:0,GoogleDrive
DA:1,0
DA:2,0
DA:3,0
DA:4,0
DA:5,0
DA:16,0
DA:17,0
DA:19,0
DA:20,0
DA:23,0
DA:24,0
DA:26,0
DA:27,0
DA:35,0
DA:36,0
DA:38,0
DA:40,0
DA:47,0
DA:48,0
LF:19
LH:0
BRDA:19,0,0,0
BRDA:35,1,0,0
BRDA:42,2,0,0
BRDA:42,2,1,0
BRDA:52,3,0,0
BRDA:52,3,1,0
BRF:6
BRH:0
end_of_record
TN:
SF:src\app\dashboard\testing\google-login.tsx
FN:7,GoogleLogin
FNF:1
FNH:0
FNDA:0,GoogleLogin
DA:1,0
DA:3,0
DA:4,0
DA:5,0
DA:7,0
DA:8,0
DA:12,0
DA:13,0
DA:16,0
DA:17,0
DA:18,0
DA:19,0
DA:25,0
DA:26,0
DA:30,0
DA:35,0
DA:36,0
LF:17
LH:0
BRDA:17,0,0,0
BRDA:41,1,0,0
BRDA:60,2,0,0
BRF:3
BRH:0
end_of_record
TN:
SF:src\app\dashboard\testing\page.tsx
FN:4,TestingPage
FNF:1
FNH:0
FNDA:0,TestingPage
DA:2,0
DA:4,0
DA:5,0
DA:10,0
DA:16,0
DA:17,0
LF:6
LH:0
BRDA:16,0,0,0
BRF:1
BRH:0
end_of_record
TN:
SF:src\app\dashboard\users\page.tsx
FN:4,Page
FN:37,(anonymous_2)
FNF:2
FNH:0
FNDA:0,Page
FNDA:0,(anonymous_2)
DA:1,0
DA:2,0
DA:4,0
DA:5,0
DA:8,0
DA:9,0
DA:13,0
DA:19,0
DA:23,0
DA:29,0
DA:31,0
DA:32,0
DA:38,0
LF:13
LH:0
BRDA:9,0,0,0
BRDA:19,1,0,0
BRDA:23,2,0,0
BRDA:31,3,0,0
BRDA:40,4,0,0
BRDA:40,4,1,0
BRF:6
BRH:0
end_of_record
TN:
SF:src\app\dashboard\utils\getSongsForUser.ts
FN:3,getSongsForUser
FNF:1
FNH:0
FNDA:0,getSongsForUser
DA:1,0
DA:3,0
DA:4,0
DA:10,0
DA:11,0
LF:5
LH:0
BRF:0
BRH:0
end_of_record
TN:
SF:src\app\dashboard\utils\getUserAndAdmin.ts
FN:3,getUserAndAdmin
FNF:1
FNH:0
FNDA:0,getUserAndAdmin
DA:3,0
DA:4,0
DA:5,0
DA:7,0
DA:8,0
DA:12,0
DA:19,0
DA:21,0
DA:34,0
DA:35,0
DA:36,0
DA:39,0
DA:43,0
DA:44,0
DA:45,0
DA:48,0
LF:16
LH:0
BRDA:5,0,0,0
BRDA:7,1,0,0
BRDA:19,2,0,0
BRDA:19,3,0,0
BRDA:19,3,1,0
BRDA:34,4,0,0
BRDA:39,5,0,0
BRDA:39,5,1,0
BRDA:43,6,0,0
BRDA:48,7,0,0
BRDA:48,7,1,0
BRF:11
BRH:0
end_of_record
TN:
SF:src\app\documentation\DocumentationSidebar.tsx
FN:17,handleSmoothScroll
FN:30,(anonymous_3)
FN:35,(anonymous_4)
FN:39,(anonymous_5)
FN:64,(anonymous_7)
FN:72,(anonymous_8)
FN:81,(anonymous_9)
FN:87,(anonymous_10)
FNF:8
FNH:0
FNDA:0,handleSmoothScroll
FNDA:0,(anonymous_3)
FNDA:0,(anonymous_4)
FNDA:0,(anonymous_5)
FNDA:0,(anonymous_7)
FNDA:0,(anonymous_8)
FNDA:0,(anonymous_9)
FNDA:0,(anonymous_10)
DA:2,0
DA:3,0
DA:22,0
DA:23,0
DA:24,0
DA:25,0
DA:26,0
DA:30,0
DA:35,0
DA:36,0
DA:39,0
DA:64,0
DA:72,0
DA:81,0
DA:87,0
DA:94,0
LF:16
LH:0
BRDA:24,0,0,0
BRDA:26,1,0,0
BRDA:33,2,0,0
BRDA:40,3,0,0
BRDA:40,3,1,0
BRDA:41,4,0,0
BRDA:41,4,1,0
BRDA:45,5,0,0
BRDA:45,5,1,0
BRDA:69,6,0,0
BRDA:76,7,0,0
BRDA:76,7,1,0
BRF:12
BRH:0
end_of_record
TN:
SF:src\app\documentation\page.tsx
FN:31,DocumentationPage
FNF:1
FNH:0
FNDA:0,DocumentationPage
DA:3,0
DA:4,0
DA:5,0
DA:6,0
DA:7,0
DA:8,0
DA:9,0
DA:10,0
DA:11,0
DA:12,0
DA:13,0
DA:15,0
DA:31,0
DA:32,0
LF:14
LH:0
BRF:0
BRH:0
end_of_record
TN:
SF:src\app\documentation\sections\FeaturesSection.tsx
FNF:0
FNH:0
DA:1,0
DA:9,0
LF:2
LH:0
BRF:0
BRH:0
end_of_record
TN:
SF:src\app\documentation\sections\GettingStartedSection.tsx
FNF:0
FNH:0
DA:1,0
DA:58,0
LF:2
LH:0
BRF:0
BRH:0
end_of_record
TN:
SF:src\app\documentation\sections\IntroductionSection.tsx
FNF:0
FNH:0
DA:15,0
LF:1
LH:0
BRF:0
BRH:0
end_of_record
TN:
SF:src\app\documentation\sections\LicenseSection.tsx
FNF:0
FNH:0
DA:1,0
DA:19,0
LF:2
LH:0
BRF:0
BRH:0
end_of_record
TN:
SF:src\app\documentation\sections\TechStackSection.tsx
FNF:0
FNH:0
DA:1,0
DA:35,0
LF:2
LH:0
BRF:0
BRH:0
end_of_record
TN:
SF:src\app\documentation\sections\songs\SongsComponentList.tsx
FN:236,(anonymous_3)
FNF:1
FNH:0
FNDA:0,(anonymous_3)
DA:1,0
DA:2,0
DA:4,0
DA:237,0
DA:242,0
LF:5
LH:0
BRF:0
BRH:0
end_of_record
TN:
SF:src\app\documentation\sections\songs\SongsComponentListItem.tsx
FN:29,(anonymous_3)
FNF:1
FNH:0
FNDA:0,(anonymous_3)
DA:1,0
DA:30,0
DA:41,0
LF:3
LH:0
BRDA:25,0,0,0
BRDA:25,0,1,0
BRDA:32,1,0,0
BRDA:32,1,1,0
BRF:4
BRH:0
end_of_record
TN:
SF:src\app\documentation\sections\songs\SongsComponentsSection.tsx
FNF:0
FNH:0
DA:1,0
DA:2,0
DA:3,0
DA:21,0
LF:4
LH:0
BRF:0
BRH:0
end_of_record
TN:
SF:src\app\documentation\sections\songs\SongsUsageExamples.tsx
FNF:0
FNH:0
DA:1,0
DA:15,0
LF:2
LH:0
BRF:0
BRH:0
end_of_record
TN:
SF:src\app\error\page.tsx
FN:3,Page
FNF:1
FNH:0
FNDA:0,Page
DA:3,0
LF:1
LH:0
BRF:0
BRH:0
end_of_record
TN:
SF:src\app\sentry-example-page\page.tsx
FN:6,Page
FN:51,(anonymous_6)
FN:57,(anonymous_7)
FNF:3
FNH:0
FNDA:0,Page
FNDA:0,(anonymous_6)
FNDA:0,(anonymous_7)
DA:3,0
DA:4,0
DA:6,0
DA:52,0
DA:58,0
DA:59,0
DA:60,0
LF:7
LH:0
BRDA:59,0,0,0
BRF:1
BRH:0
end_of_record
TN:
SF:src\app\task-management\TaskManagementClient.tsx
FN:392,(anonymous_4)
FN:407,(anonymous_5)
FN:422,(anonymous_6)
FN:447,(anonymous_7)
FN:453,(anonymous_8)
FN:457,(anonymous_9)
FN:469,(anonymous_10)
FN:470,(anonymous_11)
FN:471,(anonymous_12)
FN:472,(anonymous_13)
FN:549,(anonymous_14)
FN:557,(anonymous_15)
FN:560,(anonymous_16)
FN:569,(anonymous_17)
FN:572,(anonymous_18)
FN:581,(anonymous_19)
FN:584,(anonymous_20)
FN:611,(anonymous_21)
FNF:18
FNH:0
FNDA:0,(anonymous_4)
FNDA:0,(anonymous_5)
FNDA:0,(anonymous_6)
FNDA:0,(anonymous_7)
FNDA:0,(anonymous_8)
FNDA:0,(anonymous_9)
FNDA:0,(anonymous_10)
FNDA:0,(anonymous_11)
FNDA:0,(anonymous_12)
FNDA:0,(anonymous_13)
FNDA:0,(anonymous_14)
FNDA:0,(anonymous_15)
FNDA:0,(anonymous_16)
FNDA:0,(anonymous_17)
FNDA:0,(anonymous_18)
FNDA:0,(anonymous_19)
FNDA:0,(anonymous_20)
FNDA:0,(anonymous_21)
DA:3,0
DA:11,0
DA:12,0
DA:13,0
DA:30,0
DA:44,0
DA:392,0
DA:393,0
DA:407,0
DA:408,0
DA:422,0
DA:423,0
DA:447,0
DA:448,0
DA:449,0
DA:450,0
DA:451,0
DA:453,0
DA:454,0
DA:455,0
DA:457,0
DA:458,0
DA:459,0
DA:460,0
DA:461,0
DA:464,0
DA:467,0
DA:469,0
DA:470,0
DA:471,0
DA:472,0
DA:549,0
DA:557,0
DA:561,0
DA:569,0
DA:573,0
DA:581,0
DA:585,0
DA:612,0
LF:39
LH:0
BRDA:458,0,0,0
BRDA:458,0,1,0
BRDA:459,1,0,0
BRDA:459,1,1,0
BRDA:460,2,0,0
BRDA:460,2,1,0
BRDA:461,3,0,0
BRDA:461,3,1,0
BRDA:461,3,2,0
BRDA:464,4,0,0
BRDA:464,4,1,0
BRDA:464,4,2,0
BRDA:464,4,3,0
BRDA:636,5,0,0
BRDA:636,5,1,0
BRF:15
BRH:0
end_of_record
TN:
SF:src\app\task-management\layout.tsx
FN:6,TaskManagementLayout
FNF:1
FNH:0
FNDA:0,TaskManagementLayout
DA:1,0
DA:2,0
DA:3,0
DA:4,0
DA:6,0
DA:11,0
DA:12,0
LF:7
LH:0
BRF:0
BRH:0
end_of_record
TN:
SF:src\app\task-management\page.tsx
FN:6,TaskManagementPage
FNF:1
FNH:0
FNDA:0,TaskManagementPage
DA:1,0
DA:2,0
DA:3,0
DA:4,0
DA:6,0
DA:7,0
DA:9,0
DA:10,0
DA:12,0
DA:16,0
DA:32,0
LF:11
LH:0
BRDA:12,0,0,0
BRDA:16,1,0,0
BRF:2
BRH:0
end_of_record
TN:
SF:src\components\Search-bar.tsx
FN:14,SearchBar
FN:20,(anonymous_2)
FN:42,(anonymous_3)
FN:43,(anonymous_4)
FNF:4
FNH:0
FNDA:0,SearchBar
FNDA:0,(anonymous_2)
FNDA:0,(anonymous_3)
FNDA:0,(anonymous_4)
DA:9,0
DA:10,0
DA:11,0
DA:14,0
DA:15,0
DA:16,0
DA:18,0
DA:20,0
DA:21,0
DA:22,0
DA:23,0
DA:42,0
DA:44,0
LF:13
LH:0
BRDA:32,0,0,0
BRDA:32,0,1,0
BRF:2
BRH:0
end_of_record
TN:
SF:src\components\SpotifyTokenFetcher.tsx
FN:10,(anonymous_4)
FN:18,(anonymous_5)
FNF:2
FNH:0
FNDA:0,(anonymous_4)
FNDA:0,(anonymous_5)
DA:3,0
DA:10,0
DA:14,0
DA:15,0
DA:16,0
DA:18,0
DA:19,0
DA:20,0
DA:21,0
DA:22,0
DA:23,0
DA:24,0
DA:25,0
DA:26,0
DA:28,0
DA:36,0
DA:37,0
DA:40,0
DA:41,0
DA:43,0
DA:45,0
DA:83,0
LF:22
LH:0
BRDA:36,0,0,0
BRDA:43,1,0,0
BRDA:43,1,1,0
BRDA:64,2,0,0
BRDA:64,2,1,0
BRDA:66,3,0,0
BRDA:74,4,0,0
BRF:7
BRH:0
end_of_record
TN:
SF:src\components\dashboard\ErrorComponent.tsx
FN:12,ErrorComponent
FN:21,(anonymous_2)
FNF:2
FNH:0
FNDA:0,ErrorComponent
FNDA:0,(anonymous_2)
DA:3,0
DA:4,0
DA:5,0
DA:12,0
DA:22,0
DA:23,0
LF:6
LH:0
BRF:0
BRH:0
end_of_record
TN:
SF:src\components\dashboard\LoadingComponent.tsx
FN:5,LoadingComponent
FNF:1
FNH:0
FNDA:0,LoadingComponent
DA:5,0
LF:1
LH:0
BRF:0
BRH:0
end_of_record
TN:
SF:src\components\dashboard\NoSongsFound.tsx
FN:1,NoSongsFound
FNF:1
FNH:0
FNDA:0,NoSongsFound
DA:1,0
LF:1
LH:0
BRF:0
BRH:0
end_of_record
TN:
SF:src\components\dashboard\SongSearchBar.tsx
FN:11,SongSearchBar
FN:17,(anonymous_2)
FN:22,(anonymous_3)
FN:27,(anonymous_4)
FN:28,(anonymous_5)
FN:34,(anonymous_6)
FN:42,(anonymous_7)
FN:47,(anonymous_8)
FN:51,(anonymous_9)
FN:57,(anonymous_10)
FN:63,(anonymous_11)
FN:86,(anonymous_12)
FN:97,(anonymous_13)
FN:101,(anonymous_14)
FNF:14
FNH:0
FNDA:0,SongSearchBar
FNDA:0,(anonymous_2)
FNDA:0,(anonymous_3)
FNDA:0,(anonymous_4)
FNDA:0,(anonymous_5)
FNDA:0,(anonymous_6)
FNDA:0,(anonymous_7)
FNDA:0,(anonymous_8)
FNDA:0,(anonymous_9)
FNDA:0,(anonymous_10)
FNDA:0,(anonymous_11)
FNDA:0,(anonymous_12)
FNDA:0,(anonymous_13)
FNDA:0,(anonymous_14)
DA:3,0
DA:11,0
DA:12,0
DA:13,0
DA:14,0
DA:15,0
DA:17,0
DA:18,0
DA:21,0
DA:23,0
DA:27,0
DA:28,0
DA:29,0
DA:33,0
DA:34,0
DA:35,0
DA:36,0
DA:41,0
DA:42,0
DA:43,0
DA:47,0
DA:48,0
DA:49,0
DA:50,0
DA:51,0
DA:52,0
DA:53,0
DA:57,0
DA:58,0
DA:59,0
DA:60,0
DA:63,0
DA:64,0
DA:86,0
DA:98,0
DA:101,0
LF:36
LH:0
BRDA:21,0,0,0
BRDA:21,0,1,0
BRDA:29,1,0,0
BRDA:30,2,0,0
BRDA:30,2,1,0
BRDA:77,3,0,0
BRDA:77,3,1,0
BRDA:80,4,0,0
BRDA:80,4,1,0
BRF:9
BRH:0
end_of_record
TN:
SF:src\components\dashboard\NavBar\NavBar.tsx
FN:8,(anonymous_2)
FN:33,(anonymous_3)
FNF:2
FNH:0
FNDA:0,(anonymous_2)
FNDA:0,(anonymous_3)
DA:3,0
DA:4,0
DA:5,0
DA:6,0
DA:8,0
DA:9,0
DA:33,0
DA:90,0
LF:8
LH:0
BRDA:53,0,0,0
BRDA:53,0,1,0
BRF:2
BRH:0
end_of_record
TN:
SF:src\components\dashboard\NavBar\UserInfo.tsx
FN:21,(anonymous_1)
FN:25,(anonymous_2)
FN:26,(anonymous_3)
FNF:3
FNH:0
FNDA:0,(anonymous_1)
FNDA:0,(anonymous_2)
FNDA:0,(anonymous_3)
DA:3,0
DA:4,0
DA:5,0
DA:6,0
DA:7,0
DA:21,0
DA:22,0
DA:23,0
DA:25,0
DA:26,0
DA:27,0
DA:28,0
DA:29,0
DA:30,0
DA:31,0
DA:33,0
DA:37,0
DA:40,0
DA:68,0
LF:19
LH:0
BRDA:30,0,0,0
BRDA:33,1,0,0
BRDA:33,1,1,0
BRDA:40,2,0,0
BRDA:40,3,0,0
BRDA:40,3,1,0
BRF:6
BRH:0
end_of_record
TN:
SF:src\components\dashboard\forms\CONSTANTS.tsx
FNF:0
FNH:0
DA:1,0
DA:57,0
DA:63,0
DA:102,0
LF:4
LH:0
BRF:0
BRH:0
end_of_record
TN:
SF:src\components\landingPage\contact\Contact.tsx
FN:19,(anonymous_4)
FN:36,(anonymous_5)
FN:39,(anonymous_6)
FNF:3
FNH:0
FNDA:0,(anonymous_4)
FNDA:0,(anonymous_5)
FNDA:0,(anonymous_6)
DA:3,0
DA:4,0
DA:5,0
DA:9,0
DA:10,0
DA:11,0
DA:12,0
DA:13,0
DA:14,0
DA:15,0
DA:17,0
DA:19,0
DA:20,0
DA:21,0
DA:28,0
DA:34,0
DA:36,0
DA:37,0
DA:38,0
DA:39,0
DA:40,0
DA:41,0
DA:42,0
DA:44,0
DA:46,0
DA:208,0
LF:26
LH:0
BRDA:40,0,0,0
BRDA:40,0,1,0
BRDA:40,1,0,0
BRDA:40,1,1,0
BRDA:40,1,2,0
BRDA:40,1,3,0
BRDA:92,2,0,0
BRDA:92,2,1,0
BRDA:97,3,0,0
BRDA:115,4,0,0
BRDA:115,4,1,0
BRDA:120,5,0,0
BRDA:137,6,0,0
BRDA:137,6,1,0
BRDA:145,7,0,0
BRDA:151,8,0,0
BRDA:151,8,1,0
BRDA:158,9,0,0
BRDA:158,9,1,0
BRDA:159,10,0,0
BRDA:159,10,1,0
BRDA:161,11,0,0
BRDA:161,11,1,0
BRDA:162,12,0,0
BRDA:162,12,1,0
BRDA:165,13,0,0
BRDA:182,14,0,0
BRF:27
BRH:0
end_of_record
TN:
SF:src\components\landingPage\feature\Feature.tsx
FN:4,Feature
FN:37,(anonymous_2)
FNF:2
FNH:0
FNDA:0,Feature
FNDA:0,(anonymous_2)
DA:1,0
DA:2,0
DA:4,0
DA:38,0
LF:4
LH:0
BRF:0
BRH:0
end_of_record
TN:
SF:src\components\landingPage\feature\features_list.tsx
FNF:0
FNH:0
DA:8,0
DA:10,0
LF:2
LH:0
BRF:0
BRH:0
end_of_record
TN:
SF:src\components\landingPage\footer\Footer.tsx
FN:3,(anonymous_2)
FN:10,(anonymous_3)
FN:21,(anonymous_4)
FN:27,(anonymous_5)
FN:33,(anonymous_6)
FN:40,(anonymous_7)
FNF:6
FNH:0
FNDA:0,(anonymous_2)
FNDA:0,(anonymous_3)
FNDA:0,(anonymous_4)
FNDA:0,(anonymous_5)
FNDA:0,(anonymous_6)
FNDA:0,(anonymous_7)
DA:1,0
DA:3,0
DA:4,0
DA:5,0
DA:6,0
DA:10,0
DA:21,0
DA:27,0
DA:33,0
DA:40,0
DA:51,0
LF:11
LH:0
BRDA:5,0,0,0
BRF:1
BRH:0
end_of_record
TN:
SF:src\components\landingPage\hero\HeroHome.tsx
FN:4,HeroHome
FNF:1
FNH:0
FNDA:0,HeroHome
DA:1,0
DA:2,0
DA:4,0
LF:3
LH:0
BRF:0
BRH:0
end_of_record
TN:
SF:src\components\landingPage\navbar\Navbar.tsx
FN:6,(anonymous_2)
FN:32,(anonymous_3)
FNF:2
FNH:0
FNDA:0,(anonymous_2)
FNDA:0,(anonymous_3)
DA:1,0
DA:2,0
DA:3,0
DA:4,0
DA:6,0
DA:33,0
DA:56,0
LF:7
LH:0
BRF:0
BRH:0
end_of_record
TN:
SF:src\components\landingPage\pricing\Pricing.tsx
FN:54,Pricing
FN:80,(anonymous_2)
FN:115,(anonymous_3)
FNF:3
FNH:0
FNDA:0,Pricing
FNDA:0,(anonymous_2)
FNDA:0,(anonymous_3)
DA:1,0
DA:2,0
DA:4,0
DA:54,0
DA:81,0
DA:116,0
LF:6
LH:0
BRDA:88,0,0,0
BRDA:88,0,1,0
BRDA:91,1,0,0
BRDA:131,2,0,0
BRDA:131,2,1,0
BRF:5
BRH:0
end_of_record
TN:
SF:src\components\landingPage\team\Team.tsx
FN:16,Team
FN:40,(anonymous_3)
FNF:2
FNH:0
FNDA:0,Team
FNDA:0,(anonymous_3)
DA:1,0
DA:2,0
DA:4,0
DA:16,0
DA:41,0
LF:5
LH:0
BRDA:43,0,0,0
BRDA:43,0,1,0
BRF:2
BRH:0
end_of_record
TN:
SF:src\components\landingPage\testimonials\Testimonials.tsx
FN:27,Testimonials
FN:51,(anonymous_2)
FNF:2
FNH:0
FNDA:0,Testimonials
FNDA:0,(anonymous_2)
DA:1,0
DA:3,0
DA:27,0
DA:52,0
LF:4
LH:0
BRF:0
BRH:0
end_of_record
TN:
SF:src\components\ui\active-toggle.tsx
FN:13,ActiveToggle
FN:17,(anonymous_2)
FNF:2
FNH:0
FNDA:0,ActiveToggle
FNDA:0,(anonymous_2)
DA:3,0
DA:4,0
DA:5,0
DA:13,0
DA:14,0
DA:15,0
DA:17,0
DA:18,0
DA:20,0
DA:21,0
DA:32,0
DA:34,0
DA:35,0
DA:38,0
DA:39,0
DA:40,0
DA:42,0
DA:43,0
DA:45,0
LF:19
LH:0
BRDA:34,0,0,0
BRDA:35,1,0,0
BRDA:35,1,1,0
BRDA:40,2,0,0
BRDA:40,2,1,0
BRDA:40,3,0,0
BRDA:40,3,1,0
BRDA:43,4,0,0
BRDA:43,4,1,0
BRDA:51,5,0,0
BRDA:51,5,1,0
BRDA:56,6,0,0
BRDA:56,6,1,0
BRDA:61,7,0,0
BRDA:61,7,1,0
BRDA:61,8,0,0
BRDA:61,8,1,0
BRF:17
BRH:0
end_of_record
TN:
SF:src\components\ui\alert-dialog.tsx
FNF:0
FNH:0
DA:3,0
DA:4,0
DA:6,0
DA:7,0
DA:9,0
DA:11,0
DA:13,0
DA:28,0
DA:46,0
DA:60,0
DA:74,0
DA:86,0
DA:98,0
DA:111,0
DA:127,0
DA:130,0
DA:131,0
DA:132,0
DA:133,0
DA:134,0
DA:135,0
DA:136,0
DA:137,0
DA:138,0
DA:139,0
DA:140,0
LF:26
LH:0
BRF:0
BRH:0
end_of_record
TN:
SF:src\components\ui\alert.tsx
FNF:0
FNH:0
DA:1,2
DA:2,2
DA:4,2
DA:6,2
DA:33,2
DA:45,2
DA:57,2
DA:59,2
LF:8
LH:8
BRF:0
BRH:0
end_of_record
TN:
SF:src\components\ui\badge.tsx
FN:30,Badge
FNF:1
FNH:0
FNDA:0,Badge
DA:1,0
DA:2,0
DA:4,0
DA:6,0
DA:36,0
LF:5
LH:0
BRF:0
BRH:0
end_of_record
TN:
SF:src\components\ui\breadcrumb.tsx
FN:47,(anonymous_14)
FNF:1
FNH:0
FNDA:0,(anonymous_14)
DA:1,0
DA:2,0
DA:3,0
DA:5,0
DA:13,0
DA:28,0
DA:40,0
DA:42,0
DA:48,0
DA:58,0
DA:73,0
DA:89,0
DA:105,0
DA:108,0
DA:109,0
DA:110,0
DA:111,0
DA:112,0
DA:113,0
DA:114,0
LF:20
LH:0
BRDA:48,0,0,0
BRDA:48,0,1,0
BRDA:86,1,0,0
BRDA:86,1,1,0
BRF:4
BRH:0
end_of_record
TN:
SF:src\components\ui\button.tsx
FN:44,(anonymous_6)
FNF:1
FNH:1
FNDA:70,(anonymous_6)
DA:1,3
DA:2,3
DA:3,3
DA:5,3
DA:7,3
DA:43,3
DA:45,70
DA:55,3
DA:57,70
LF:9
LH:9
BRDA:44,0,0,70
BRDA:45,1,0,0
BRDA:45,1,1,70
BRF:3
BRH:2
end_of_record
TN:
SF:src\components\ui\card.tsx
FNF:0
FNH:0
DA:1,1
DA:3,1
DA:18,1
DA:30,1
DA:42,1
DA:54,1
DA:62,1
DA:74,1
DA:77,4
DA:78,4
DA:79,0
DA:80,4
DA:81,4
DA:82,4
LF:14
LH:13
BRF:0
BRH:0
end_of_record
TN:
SF:src\components\ui\container.tsx
FN:8,Container
FNF:1
FNH:0
FNDA:0,Container
DA:1,0
DA:8,0
LF:2
LH:0
BRDA:8,0,0,0
BRF:1
BRH:0
end_of_record
TN:
SF:src\components\ui\dialog.tsx
FNF:0
FNH:0
DA:1,0
DA:2,0
DA:3,0
DA:4,0
DA:6,0
DA:8,0
DA:10,0
DA:12,0
DA:27,0
DA:51,0
DA:65,0
DA:79,0
DA:94,0
DA:106,0
DA:109,0
DA:110,0
DA:111,0
DA:112,0
DA:113,0
DA:114,0
DA:115,0
DA:116,0
DA:117,0
DA:118,0
LF:24
LH:0
BRF:0
BRH:0
end_of_record
TN:
SF:src\components\ui\input.tsx
FN:6,(anonymous_4)
FNF:1
FNH:1
FNDA:126,(anonymous_4)
DA:1,3
DA:3,3
DA:5,3
DA:20,3
DA:22,126
LF:5
LH:5
BRF:0
BRH:0
end_of_record
TN:
SF:src\components\ui\label.tsx
FNF:0
FNH:0
DA:3,3
DA:4,3
DA:5,3
DA:7,3
DA:9,3
DA:24,3
DA:26,154
LF:7
LH:7
BRF:0
BRH:0
end_of_record
TN:
SF:src\components\ui\loading-state.tsx
FN:7,LoadingState
FNF:1
FNH:0
FNDA:0,LoadingState
DA:1,0
DA:7,0
LF:2
LH:0
BRDA:7,0,0,0
BRF:1
BRH:0
end_of_record
TN:
SF:src\components\ui\pagination.tsx
FNF:0
FNH:0
DA:1,0
DA:2,0
DA:4,0
DA:5,0
DA:15,0
DA:27,0
DA:35,0
DA:60,0
DA:76,0
DA:92,0
DA:107,0
DA:110,0
DA:111,0
DA:112,0
DA:113,0
DA:114,0
DA:115,0
DA:116,0
LF:18
LH:0
BRDA:45,0,0,0
BRDA:49,1,0,0
BRDA:49,1,1,0
BRDA:52,2,0,0
BRDA:52,2,1,0
BRF:5
BRH:0
end_of_record
TN:
SF:src\components\ui\select.tsx
FNF:0
FNH:0
DA:3,0
DA:4,0
DA:5,0
DA:7,0
DA:9,0
DA:11,0
DA:13,0
DA:33,0
DA:50,0
DA:67,0
DA:102,0
DA:114,0
DA:136,0
DA:148,0
DA:151,0
DA:152,0
DA:153,0
DA:154,0
DA:155,0
DA:156,0
DA:157,0
DA:158,0
DA:159,0
DA:160,0
LF:24
LH:0
BRDA:73,0,0,0
BRDA:81,1,0,0
BRDA:81,1,1,0
BRDA:92,2,0,0
BRDA:92,2,1,0
BRF:5
BRH:0
end_of_record
TN:
SF:src\components\ui\separator.tsx
FNF:0
FNH:0
DA:3,0
DA:4,0
DA:6,0
DA:29,0
DA:31,0
LF:5
LH:0
BRDA:13,0,0,0
BRDA:13,1,0,0
BRDA:22,2,0,0
BRDA:22,2,1,0
BRF:4
BRH:0
end_of_record
TN:
SF:src\components\ui\skeleton.tsx
FN:3,Skeleton
FNF:1
FNH:0
FNDA:0,Skeleton
DA:1,0
DA:15,0
LF:2
LH:0
BRF:0
BRH:0
end_of_record
TN:
SF:src\components\ui\sonner.tsx
FN:8,(anonymous_1)
FNF:1
FNH:0
FNDA:0,(anonymous_1)
DA:3,0
DA:4,0
DA:8,0
DA:9,0
DA:31,0
LF:5
LH:0
BRDA:9,0,0,0
BRF:1
BRH:0
end_of_record
TN:
SF:src\components\ui\table.tsx
FNF:0
FNH:0
DA:1,1
DA:3,1
DA:17,1
DA:25,1
DA:37,1
DA:52,1
DA:67,1
DA:82,1
DA:97,1
DA:109,1
DA:112,4
DA:113,4
DA:114,4
DA:115,0
DA:116,8
DA:117,12
DA:118,32
DA:119,0
LF:18
LH:16
BRF:0
BRH:0
end_of_record
TN:
SF:src\components\ui\textarea.tsx
FN:8,(anonymous_4)
FNF:1
FNH:0
FNDA:0,(anonymous_4)
DA:1,0
DA:3,0
DA:5,0
DA:20,0
DA:22,0
LF:5
LH:0
BRF:0
BRH:0
end_of_record
TN:
SF:src\components\ui\tooltip.tsx
FNF:0
FNH:0
DA:3,0
DA:4,0
DA:6,0
DA:8,0
DA:10,0
DA:12,0
DA:28,0
DA:30,0
LF:8
LH:0
BRDA:17,0,0,0
BRF:1
BRH:0
end_of_record
TN:
SF:src\constants\BASE_URL.ts
FNF:0
FNH:0
DA:1,0
DA:2,0
LF:2
LH:0
BRDA:2,0,0,0
BRDA:2,0,1,0
BRF:2
BRH:0
end_of_record
TN:
SF:src\lib\cn.tsx
FN:4,cn
FNF:1
FNH:0
FNDA:0,cn
DA:1,0
DA:2,0
DA:4,0
DA:5,0
LF:4
LH:0
BRF:0
BRH:0
end_of_record
TN:
SF:src\lib\utils.ts
FN:4,cn
FNF:1
FNH:1
FNDA:438,cn
DA:1,4
DA:2,4
DA:4,438
DA:5,438
LF:4
LH:4
BRF:0
BRH:0
end_of_record
TN:
SF:src\schemas\SongSchema.ts
FNF:0
FNH:0
DA:1,0
DA:3,0
LF:2
LH:0
BRF:0
BRH:0
end_of_record
TN:
SF:src\schemas\contactFormSchema.ts
FNF:0
FNH:0
DA:1,0
DA:3,0
LF:2
LH:0
BRF:0
BRH:0
end_of_record
TN:
SF:src\schemas\songInputSchema.ts
FNF:0
FNH:0
DA:1,0
DA:3,0
LF:2
LH:0
BRF:0
BRH:0
end_of_record
TN:
SF:src\scripts\update-profiles.ts
FN:18,updateProfiles
FNF:1
FNH:0
FNDA:0,updateProfiles
DA:1,0
DA:2,0
DA:5,0
DA:7,0
DA:8,0
DA:10,0
DA:11,0
DA:12,0
DA:13,0
DA:16,0
DA:20,0
DA:25,0
DA:26,0
DA:27,0
DA:30,0
DA:31,0
DA:32,0
DA:35,0
DA:38,0
DA:39,0
DA:40,0
DA:41,0
DA:43,0
DA:51,0
DA:52,0
DA:54,0
DA:60,0
LF:27
LH:0
BRDA:10,0,0,0
BRDA:10,1,0,0
BRDA:10,1,1,0
BRDA:25,2,0,0
BRDA:30,3,0,0
BRDA:30,4,0,0
BRDA:30,4,1,0
BRDA:40,5,0,0
BRDA:40,5,1,0
BRDA:41,6,0,0
BRDA:41,6,1,0
BRDA:51,7,0,0
BRDA:51,7,1,0
BRF:13
BRH:0
end_of_record
TN:
SF:src\types\LessonSongs.ts
FN:3,(anonymous_0)
FNF:1
FNH:0
FNDA:0,(anonymous_0)
DA:3,0
LF:1
LH:0
BRDA:3,0,0,0
BRDA:3,0,1,0
BRF:2
BRH:0
end_of_record
TN:
SF:src\utils\api-helpers.ts
FN:2,(anonymous_3)
FN:12,fetchApi
FNF:2
FNH:0
FNDA:0,(anonymous_3)
FNDA:0,fetchApi
DA:1,0
DA:7,0
DA:8,0
DA:12,0
DA:16,0
DA:17,0
DA:18,0
DA:20,0
DA:21,0
DA:28,0
DA:30,0
DA:31,0
LF:12
LH:0
BRDA:20,0,0,0
BRDA:22,1,0,0
BRDA:22,1,1,0
BRDA:30,2,0,0
BRF:4
BRH:0
end_of_record
TN:
SF:src\utils\createGuid.ts
FN:1,(anonymous_1)
FN:2,(anonymous_2)
FNF:2
FNH:0
FNDA:0,(anonymous_1)
FNDA:0,(anonymous_2)
DA:1,0
DA:2,0
DA:3,0
DA:4,0
DA:5,0
LF:5
LH:0
BRDA:4,0,0,0
BRDA:4,0,1,0
BRF:2
BRH:0
end_of_record
TN:
SF:src\utils\error-handling.ts
FN:9,createError
FN:20,handleError
FN:27,withErrorHandling
FN:32,(anonymous_8)
FN:33,(anonymous_9)
FN:40,unwrapResult
FNF:6
FNH:0
FNDA:0,createError
FNDA:0,handleError
FNDA:0,withErrorHandling
FNDA:0,(anonymous_8)
FNDA:0,(anonymous_9)
FNDA:0,unwrapResult
DA:1,0
DA:9,0
DA:14,0
DA:15,0
DA:17,0
DA:20,0
DA:21,0
DA:22,0
DA:24,0
DA:27,0
DA:31,0
DA:32,0
DA:34,0
DA:35,0
DA:36,0
DA:40,0
DA:41,0
DA:42,0
DA:44,0
LF:19
LH:0
BRDA:14,0,0,0
BRDA:21,1,0,0
BRDA:41,2,0,0
BRF:3
BRH:0
end_of_record
TN:
SF:src\utils\getUsername.ts
FN:3,getUsername
FN:13,getIsAdmin
FNF:2
FNH:0
FNDA:0,getUsername
FNDA:0,getIsAdmin
DA:1,0
DA:3,0
DA:4,0
DA:5,0
DA:10,0
DA:13,0
DA:15,0
DA:16,0
DA:21,0
LF:9
LH:0
BRF:0
BRH:0
end_of_record
TN:
SF:src\utils\isGuid.ts
FN:1,(anonymous_1)
FNF:1
FNH:0
FNDA:0,(anonymous_1)
DA:1,0
DA:3,0
DA:4,0
LF:3
LH:0
BRF:0
BRH:0
end_of_record
TN:
SF:src\utils\normalizeSongData.ts
FN:3,(anonymous_1)
FNF:1
FNH:0
FNDA:0,(anonymous_1)
DA:3,0
DA:7,0
LF:2
LH:0
BRDA:9,0,0,0
BRDA:9,0,1,0
BRDA:10,1,0,0
BRDA:10,1,1,0
BRDA:10,1,2,0
BRDA:11,2,0,0
BRDA:11,2,1,0
BRDA:11,2,2,0
BRDA:12,3,0,0
BRDA:12,3,1,0
BRDA:12,3,2,0
BRDA:13,4,0,0
BRDA:13,4,1,0
BRDA:13,4,2,0
BRDA:14,5,0,0
BRDA:14,5,1,0
BRDA:15,6,0,0
BRDA:15,6,1,0
BRDA:16,7,0,0
BRDA:16,7,1,0
BRF:20
BRH:0
end_of_record
TN:
SF:src\utils\calendar\example-event.ts
FNF:0
FNH:0
DA:1,0
LF:1
LH:0
BRF:0
BRH:0
end_of_record
TN:
SF:src\utils\google\google-auth.ts
FNF:0
FNH:0
DA:1,0
DA:4,0
DA:5,0
DA:6,0
DA:7,0
DA:9,0
DA:10,0
DA:13,0
DA:14,0
DA:17,0
DA:18,0
DA:21,0
DA:27,0
LF:13
LH:0
BRDA:9,0,0,0
BRDA:13,1,0,0
BRDA:17,2,0,0
BRF:3
BRH:0
end_of_record
TN:
SF:src\utils\supabase\middleware.ts
FN:4,updateSession
FN:14,(anonymous_2)
FN:17,(anonymous_3)
FN:18,(anonymous_4)
FN:24,(anonymous_5)
FNF:5
FNH:0
FNDA:0,updateSession
FNDA:0,(anonymous_2)
FNDA:0,(anonymous_3)
FNDA:0,(anonymous_4)
FNDA:0,(anonymous_5)
DA:1,1
DA:2,1
DA:4,1
DA:5,0
DA:9,0
DA:10,0
DA:12,0
DA:15,0
DA:18,0
DA:19,0
DA:21,0
DA:24,0
DA:25,0
DA:39,0
DA:41,0
DA:47,0
DA:48,0
DA:49,0
DA:65,0
LF:19
LH:3
BRDA:41,0,0,0
BRDA:42,1,0,0
BRDA:42,1,1,0
BRDA:42,1,2,0
BRF:4
BRH:0
end_of_record
TN:
SF:src\utils\supabase\clients\client.ts
FN:3,(anonymous_1)
FNF:1
FNH:0
FNDA:0,(anonymous_1)
DA:1,0
DA:3,0
DA:4,0
DA:5,0
DA:7,0
LF:5
LH:0
BRF:0
BRH:0
end_of_record
TN:
SF:src\utils\supabase\clients\server.ts
FN:6,createClient
FN:17,(anonymous_2)
FN:20,(anonymous_3)
FN:22,(anonymous_4)
FNF:4
FNH:0
FNDA:0,createClient
FNDA:0,(anonymous_2)
FNDA:0,(anonymous_3)
FNDA:0,(anonymous_4)
DA:3,2
DA:4,2
DA:6,1
DA:9,0
DA:11,0
DA:13,0
DA:15,0
DA:18,0
DA:21,0
DA:22,0
DA:23,0
LF:11
LH:3
BRDA:13,0,0,0
BRDA:13,0,1,0
BRF:2
BRH:0
end_of_record
